[35m[1mConsolidate compiler generated dependencies of target posePub[0m
[  8%] Built target knapp_amr__rosidl_generator_c
[ 11%] Built target knapp_amr__cpp
[ 20%] Built target ament_cmake_python_copy_knapp_amr
[ 20%] Built target knapp_amr__rosidl_typesupport_fastrtps_c
[ 22%] [32mBuilding CXX object CMakeFiles/posePub.dir/src/posePub.cpp.o[0m
[ 31%] Built target knapp_amr__rosidl_typesupport_introspection_c
[ 40%] Built target knapp_amr__rosidl_typesupport_c
[ 48%] Built target knapp_amr__rosidl_typesupport_introspection_cpp
[ 57%] Built target knapp_amr__rosidl_typesupport_cpp
[ 65%] Built target knapp_amr__rosidl_typesupport_fastrtps_cpp
[ 65%] Built target knapp_amr
[ 68%] Built target knapp_amr__py
[ 74%] Built target optimizer
[ 80%] Built target knapp_amr__rosidl_generator_py
[ 85%] Built target knapp_amr__rosidl_typesupport_fastrtps_c__pyext
[ 91%] Built target knapp_amr__rosidl_typesupport_introspection_c__pyext
[ 97%] Built target knapp_amr__rosidl_typesupport_c__pyext
running egg_info
writing knapp_amr.egg-info/PKG-INFO
writing dependency_links to knapp_amr.egg-info/dependency_links.txt
writing top-level names to knapp_amr.egg-info/top_level.txt
reading manifest file 'knapp_amr.egg-info/SOURCES.txt'
writing manifest file 'knapp_amr.egg-info/SOURCES.txt'
[ 97%] Built target ament_cmake_python_build_knapp_amr_egg
