[0.328s] DEBUG:colcon:Command line arguments: ['/usr/bin/colcon', 'build']
[0.328s] DEBUG:colcon:Parsed command line arguments: Namespace(log_base=None, log_level=None, verb_name='build', build_base='build', install_base='install', merge_install=False, symlink_install=False, test_result_base=None, continue_on_error=False, executor='parallel', parallel_workers=4, event_handlers=None, ignore_user_meta=False, metas=['./colcon.meta'], base_paths=['.'], packages_ignore=None, packages_ignore_regex=None, paths=None, packages_up_to=None, packages_up_to_regex=None, packages_above=None, packages_above_and_dependencies=None, packages_above_depth=None, packages_select_by_dep=None, packages_skip_by_dep=None, packages_skip_up_to=None, packages_select_build_failed=False, packages_skip_build_finished=False, packages_select_test_failures=False, packages_skip_test_passed=False, packages_select=None, packages_skip=None, packages_select_regex=None, packages_skip_regex=None, packages_start=None, packages_end=None, allow_overriding=[], cmake_args=None, cmake_target=None, cmake_target_skip_unavailable=False, cmake_clean_cache=False, cmake_clean_first=False, cmake_force_configure=False, ament_cmake_args=None, catkin_cmake_args=None, catkin_skip_building_tests=False, verb_parser=<colcon_defaults.argument_parser.defaults.DefaultArgumentsDecorator object at 0x7fd7c38dd030>, verb_extension=<colcon_core.verb.build.BuildVerb object at 0x7fd7c4006b00>, main=<bound method BuildVerb.main of <colcon_core.verb.build.BuildVerb object at 0x7fd7c4006b00>>)
[0.360s] Level 1:colcon.colcon_core.package_discovery:discover_packages(colcon_meta) check parameters
[0.361s] Level 1:colcon.colcon_core.package_discovery:discover_packages(recursive) check parameters
[0.361s] Level 1:colcon.colcon_core.package_discovery:discover_packages(ignore) check parameters
[0.361s] Level 1:colcon.colcon_core.package_discovery:discover_packages(path) check parameters
[0.361s] Level 1:colcon.colcon_core.package_discovery:discover_packages(colcon_meta) discover
[0.361s] Level 1:colcon.colcon_core.package_discovery:discover_packages(recursive) discover
[0.361s] INFO:colcon.colcon_core.package_discovery:Crawling recursively for packages in '/home/pietro/knapp_ros'
[0.361s] Level 1:colcon.colcon_core.package_identification:_identify(.) by extensions ['ignore', 'ignore_ament_install']
[0.361s] Level 1:colcon.colcon_core.package_identification:_identify(.) by extension 'ignore'
[0.361s] Level 1:colcon.colcon_core.package_identification:_identify(.) by extension 'ignore_ament_install'
[0.361s] Level 1:colcon.colcon_core.package_identification:_identify(.) by extensions ['colcon_pkg']
[0.361s] Level 1:colcon.colcon_core.package_identification:_identify(.) by extension 'colcon_pkg'
[0.361s] Level 1:colcon.colcon_core.package_identification:_identify(.) by extensions ['colcon_meta']
[0.361s] Level 1:colcon.colcon_core.package_identification:_identify(.) by extension 'colcon_meta'
[0.361s] Level 1:colcon.colcon_core.package_identification:_identify(.) by extensions ['ros']
[0.361s] Level 1:colcon.colcon_core.package_identification:_identify(.) by extension 'ros'
[0.373s] Level 1:colcon.colcon_core.package_identification:_identify(.) by extensions ['cmake', 'python']
[0.373s] Level 1:colcon.colcon_core.package_identification:_identify(.) by extension 'cmake'
[0.373s] Level 1:colcon.colcon_core.package_identification:_identify(.) by extension 'python'
[0.373s] Level 1:colcon.colcon_core.package_identification:_identify(.) by extensions ['python_setup_py']
[0.373s] Level 1:colcon.colcon_core.package_identification:_identify(.) by extension 'python_setup_py'
[0.373s] Level 1:colcon.colcon_core.package_identification:_identify(build) by extensions ['ignore', 'ignore_ament_install']
[0.373s] Level 1:colcon.colcon_core.package_identification:_identify(build) by extension 'ignore'
[0.374s] Level 1:colcon.colcon_core.package_identification:_identify(build) ignored
[0.374s] Level 1:colcon.colcon_core.package_identification:_identify(install) by extensions ['ignore', 'ignore_ament_install']
[0.374s] Level 1:colcon.colcon_core.package_identification:_identify(install) by extension 'ignore'
[0.374s] Level 1:colcon.colcon_core.package_identification:_identify(install) ignored
[0.374s] Level 1:colcon.colcon_core.package_identification:_identify(log) by extensions ['ignore', 'ignore_ament_install']
[0.374s] Level 1:colcon.colcon_core.package_identification:_identify(log) by extension 'ignore'
[0.374s] Level 1:colcon.colcon_core.package_identification:_identify(log) ignored
[0.374s] Level 1:colcon.colcon_core.package_identification:_identify(src) by extensions ['ignore', 'ignore_ament_install']
[0.374s] Level 1:colcon.colcon_core.package_identification:_identify(src) by extension 'ignore'
[0.374s] Level 1:colcon.colcon_core.package_identification:_identify(src) by extension 'ignore_ament_install'
[0.374s] Level 1:colcon.colcon_core.package_identification:_identify(src) by extensions ['colcon_pkg']
[0.374s] Level 1:colcon.colcon_core.package_identification:_identify(src) by extension 'colcon_pkg'
[0.375s] Level 1:colcon.colcon_core.package_identification:_identify(src) by extensions ['colcon_meta']
[0.375s] Level 1:colcon.colcon_core.package_identification:_identify(src) by extension 'colcon_meta'
[0.375s] Level 1:colcon.colcon_core.package_identification:_identify(src) by extensions ['ros']
[0.375s] Level 1:colcon.colcon_core.package_identification:_identify(src) by extension 'ros'
[0.375s] Level 1:colcon.colcon_core.package_identification:_identify(src) by extensions ['cmake', 'python']
[0.375s] Level 1:colcon.colcon_core.package_identification:_identify(src) by extension 'cmake'
[0.375s] Level 1:colcon.colcon_core.package_identification:_identify(src) by extension 'python'
[0.375s] Level 1:colcon.colcon_core.package_identification:_identify(src) by extensions ['python_setup_py']
[0.375s] Level 1:colcon.colcon_core.package_identification:_identify(src) by extension 'python_setup_py'
[0.375s] Level 1:colcon.colcon_core.package_identification:_identify(src/knapp_amr) by extensions ['ignore', 'ignore_ament_install']
[0.375s] Level 1:colcon.colcon_core.package_identification:_identify(src/knapp_amr) by extension 'ignore'
[0.375s] Level 1:colcon.colcon_core.package_identification:_identify(src/knapp_amr) by extension 'ignore_ament_install'
[0.375s] Level 1:colcon.colcon_core.package_identification:_identify(src/knapp_amr) by extensions ['colcon_pkg']
[0.375s] Level 1:colcon.colcon_core.package_identification:_identify(src/knapp_amr) by extension 'colcon_pkg'
[0.375s] Level 1:colcon.colcon_core.package_identification:_identify(src/knapp_amr) by extensions ['colcon_meta']
[0.375s] Level 1:colcon.colcon_core.package_identification:_identify(src/knapp_amr) by extension 'colcon_meta'
[0.375s] Level 1:colcon.colcon_core.package_identification:_identify(src/knapp_amr) by extensions ['ros']
[0.375s] Level 1:colcon.colcon_core.package_identification:_identify(src/knapp_amr) by extension 'ros'
[0.378s] DEBUG:colcon.colcon_core.package_identification:Package 'src/knapp_amr' with type 'ros.ament_cmake' and name 'knapp_amr'
[0.378s] Level 1:colcon.colcon_core.package_discovery:discover_packages(recursive) using defaults
[0.378s] Level 1:colcon.colcon_core.package_discovery:discover_packages(ignore) discover
[0.378s] Level 1:colcon.colcon_core.package_discovery:discover_packages(ignore) using defaults
[0.378s] Level 1:colcon.colcon_core.package_discovery:discover_packages(path) discover
[0.378s] Level 1:colcon.colcon_core.package_discovery:discover_packages(path) using defaults
[0.402s] Level 1:colcon.colcon_core.package_discovery:discover_packages(prefix_path) check parameters
[0.402s] Level 1:colcon.colcon_core.package_discovery:discover_packages(prefix_path) discover
[0.405s] DEBUG:colcon.colcon_installed_package_information.package_discovery:Found 270 installed packages in /opt/ros/humble
[0.407s] Level 1:colcon.colcon_core.package_discovery:discover_packages(prefix_path) using defaults
[0.469s] Level 5:colcon.colcon_core.verb:set package 'knapp_amr' build argument 'cmake_args' from command line to 'None'
[0.469s] Level 5:colcon.colcon_core.verb:set package 'knapp_amr' build argument 'cmake_target' from command line to 'None'
[0.469s] Level 5:colcon.colcon_core.verb:set package 'knapp_amr' build argument 'cmake_target_skip_unavailable' from command line to 'False'
[0.469s] Level 5:colcon.colcon_core.verb:set package 'knapp_amr' build argument 'cmake_clean_cache' from command line to 'False'
[0.469s] Level 5:colcon.colcon_core.verb:set package 'knapp_amr' build argument 'cmake_clean_first' from command line to 'False'
[0.469s] Level 5:colcon.colcon_core.verb:set package 'knapp_amr' build argument 'cmake_force_configure' from command line to 'False'
[0.469s] Level 5:colcon.colcon_core.verb:set package 'knapp_amr' build argument 'ament_cmake_args' from command line to 'None'
[0.469s] Level 5:colcon.colcon_core.verb:set package 'knapp_amr' build argument 'catkin_cmake_args' from command line to 'None'
[0.469s] Level 5:colcon.colcon_core.verb:set package 'knapp_amr' build argument 'catkin_skip_building_tests' from command line to 'False'
[0.469s] DEBUG:colcon.colcon_core.verb:Building package 'knapp_amr' with the following arguments: {'ament_cmake_args': None, 'build_base': '/home/pietro/knapp_ros/build/knapp_amr', 'catkin_cmake_args': None, 'catkin_skip_building_tests': False, 'cmake_args': None, 'cmake_clean_cache': False, 'cmake_clean_first': False, 'cmake_force_configure': False, 'cmake_target': None, 'cmake_target_skip_unavailable': False, 'install_base': '/home/pietro/knapp_ros/install/knapp_amr', 'merge_install': False, 'path': '/home/pietro/knapp_ros/src/knapp_amr', 'symlink_install': False, 'test_result_base': None}
[0.470s] INFO:colcon.colcon_core.executor:Executing jobs using 'parallel' executor
[0.473s] DEBUG:colcon.colcon_parallel_executor.executor.parallel:run_until_complete
[0.473s] INFO:colcon.colcon_ros.task.ament_cmake.build:Building ROS package in '/home/pietro/knapp_ros/src/knapp_amr' with build type 'ament_cmake'
[0.474s] INFO:colcon.colcon_cmake.task.cmake.build:Building CMake package in '/home/pietro/knapp_ros/src/knapp_amr'
[0.478s] INFO:colcon.colcon_core.plugin_system:Skipping extension 'colcon_core.shell.bat': Not used on non-Windows systems
[0.478s] INFO:colcon.colcon_core.shell:Skip shell extension 'powershell' for command environment: Not usable outside of PowerShell
[0.479s] DEBUG:colcon.colcon_core.shell:Skip shell extension 'dsv' for command environment
[0.489s] DEBUG:colcon.colcon_core.event_handler.log_command:Invoking command in '/home/pietro/knapp_ros/build/knapp_amr': CMAKE_PREFIX_PATH=/opt/ros/humble /usr/bin/cmake --build /home/pietro/knapp_ros/build/knapp_amr -- -j4 -l4
[5.055s] DEBUG:colcon.colcon_core.event_handler.log_command:Invoked command in '/home/pietro/knapp_ros/build/knapp_amr' returned '0': CMAKE_PREFIX_PATH=/opt/ros/humble /usr/bin/cmake --build /home/pietro/knapp_ros/build/knapp_amr -- -j4 -l4
[5.132s] DEBUG:colcon.colcon_core.event_handler.log_command:Invoking command in '/home/pietro/knapp_ros/build/knapp_amr': CMAKE_PREFIX_PATH=/opt/ros/humble /usr/bin/cmake --install /home/pietro/knapp_ros/build/knapp_amr
[5.190s] Level 1:colcon.colcon_core.environment:create_environment_scripts_only(knapp_amr)
[5.191s] DEBUG:colcon.colcon_core.event_handler.log_command:Invoked command in '/home/pietro/knapp_ros/build/knapp_amr' returned '0': CMAKE_PREFIX_PATH=/opt/ros/humble /usr/bin/cmake --install /home/pietro/knapp_ros/build/knapp_amr
[5.195s] Level 1:colcon.colcon_core.environment:checking '/home/pietro/knapp_ros/install/knapp_amr' for CMake module files
[5.195s] Level 1:colcon.colcon_core.environment:checking '/home/pietro/knapp_ros/install/knapp_amr' for CMake config files
[5.196s] Level 1:colcon.colcon_core.shell:create_environment_hook('knapp_amr', 'cmake_prefix_path')
[5.197s] INFO:colcon.colcon_core.shell:Creating environment hook '/home/pietro/knapp_ros/install/knapp_amr/share/knapp_amr/hook/cmake_prefix_path.ps1'
[5.197s] INFO:colcon.colcon_core.shell:Creating environment descriptor '/home/pietro/knapp_ros/install/knapp_amr/share/knapp_amr/hook/cmake_prefix_path.dsv'
[5.198s] INFO:colcon.colcon_core.shell:Creating environment hook '/home/pietro/knapp_ros/install/knapp_amr/share/knapp_amr/hook/cmake_prefix_path.sh'
[5.199s] Level 1:colcon.colcon_core.environment:checking '/home/pietro/knapp_ros/install/knapp_amr/lib'
[5.199s] Level 1:colcon.colcon_core.shell:create_environment_hook('knapp_amr', 'ld_library_path_lib')
[5.200s] INFO:colcon.colcon_core.shell:Creating environment hook '/home/pietro/knapp_ros/install/knapp_amr/share/knapp_amr/hook/ld_library_path_lib.ps1'
[5.200s] INFO:colcon.colcon_core.shell:Creating environment descriptor '/home/pietro/knapp_ros/install/knapp_amr/share/knapp_amr/hook/ld_library_path_lib.dsv'
[5.201s] INFO:colcon.colcon_core.shell:Creating environment hook '/home/pietro/knapp_ros/install/knapp_amr/share/knapp_amr/hook/ld_library_path_lib.sh'
[5.201s] Level 1:colcon.colcon_core.environment:checking '/home/pietro/knapp_ros/install/knapp_amr/bin'
[5.201s] Level 1:colcon.colcon_core.environment:checking '/home/pietro/knapp_ros/install/knapp_amr/lib/pkgconfig/knapp_amr.pc'
[5.201s] Level 1:colcon.colcon_core.environment:checking '/home/pietro/knapp_ros/install/knapp_amr/lib/python3.10/site-packages'
[5.202s] Level 1:colcon.colcon_core.environment:checking '/home/pietro/knapp_ros/install/knapp_amr/bin'
[5.203s] INFO:colcon.colcon_core.shell:Creating package script '/home/pietro/knapp_ros/install/knapp_amr/share/knapp_amr/package.ps1'
[5.204s] INFO:colcon.colcon_core.shell:Creating package descriptor '/home/pietro/knapp_ros/install/knapp_amr/share/knapp_amr/package.dsv'
[5.204s] INFO:colcon.colcon_core.shell:Creating package script '/home/pietro/knapp_ros/install/knapp_amr/share/knapp_amr/package.sh'
[5.205s] INFO:colcon.colcon_core.shell:Creating package script '/home/pietro/knapp_ros/install/knapp_amr/share/knapp_amr/package.bash'
[5.205s] INFO:colcon.colcon_core.shell:Creating package script '/home/pietro/knapp_ros/install/knapp_amr/share/knapp_amr/package.zsh'
[5.206s] Level 1:colcon.colcon_core.environment:create_file_with_runtime_dependencies(/home/pietro/knapp_ros/install/knapp_amr/share/colcon-core/packages/knapp_amr)
[5.273s] Level 1:colcon.colcon_core.environment:create_environment_scripts_only(knapp_amr)
[5.275s] Level 1:colcon.colcon_core.environment:checking '/home/pietro/knapp_ros/install/knapp_amr' for CMake module files
[5.276s] Level 1:colcon.colcon_core.environment:checking '/home/pietro/knapp_ros/install/knapp_amr' for CMake config files
[5.277s] Level 1:colcon.colcon_core.shell:create_environment_hook('knapp_amr', 'cmake_prefix_path')
[5.278s] INFO:colcon.colcon_core.shell:Creating environment hook '/home/pietro/knapp_ros/install/knapp_amr/share/knapp_amr/hook/cmake_prefix_path.ps1'
[5.278s] INFO:colcon.colcon_core.shell:Creating environment descriptor '/home/pietro/knapp_ros/install/knapp_amr/share/knapp_amr/hook/cmake_prefix_path.dsv'
[5.279s] INFO:colcon.colcon_core.shell:Creating environment hook '/home/pietro/knapp_ros/install/knapp_amr/share/knapp_amr/hook/cmake_prefix_path.sh'
[5.279s] Level 1:colcon.colcon_core.environment:checking '/home/pietro/knapp_ros/install/knapp_amr/lib'
[5.280s] Level 1:colcon.colcon_core.shell:create_environment_hook('knapp_amr', 'ld_library_path_lib')
[5.281s] INFO:colcon.colcon_core.shell:Creating environment hook '/home/pietro/knapp_ros/install/knapp_amr/share/knapp_amr/hook/ld_library_path_lib.ps1'
[5.281s] INFO:colcon.colcon_core.shell:Creating environment descriptor '/home/pietro/knapp_ros/install/knapp_amr/share/knapp_amr/hook/ld_library_path_lib.dsv'
[5.282s] INFO:colcon.colcon_core.shell:Creating environment hook '/home/pietro/knapp_ros/install/knapp_amr/share/knapp_amr/hook/ld_library_path_lib.sh'
[5.282s] Level 1:colcon.colcon_core.environment:checking '/home/pietro/knapp_ros/install/knapp_amr/bin'
[5.282s] Level 1:colcon.colcon_core.environment:checking '/home/pietro/knapp_ros/install/knapp_amr/lib/pkgconfig/knapp_amr.pc'
[5.282s] Level 1:colcon.colcon_core.environment:checking '/home/pietro/knapp_ros/install/knapp_amr/lib/python3.10/site-packages'
[5.283s] Level 1:colcon.colcon_core.environment:checking '/home/pietro/knapp_ros/install/knapp_amr/bin'
[5.284s] INFO:colcon.colcon_core.shell:Creating package script '/home/pietro/knapp_ros/install/knapp_amr/share/knapp_amr/package.ps1'
[5.285s] INFO:colcon.colcon_core.shell:Creating package descriptor '/home/pietro/knapp_ros/install/knapp_amr/share/knapp_amr/package.dsv'
[5.285s] INFO:colcon.colcon_core.shell:Creating package script '/home/pietro/knapp_ros/install/knapp_amr/share/knapp_amr/package.sh'
[5.286s] INFO:colcon.colcon_core.shell:Creating package script '/home/pietro/knapp_ros/install/knapp_amr/share/knapp_amr/package.bash'
[5.286s] INFO:colcon.colcon_core.shell:Creating package script '/home/pietro/knapp_ros/install/knapp_amr/share/knapp_amr/package.zsh'
[5.287s] Level 1:colcon.colcon_core.environment:create_file_with_runtime_dependencies(/home/pietro/knapp_ros/install/knapp_amr/share/colcon-core/packages/knapp_amr)
[5.287s] DEBUG:colcon.colcon_parallel_executor.executor.parallel:closing loop
[5.288s] DEBUG:colcon.colcon_parallel_executor.executor.parallel:loop closed
[5.288s] DEBUG:colcon.colcon_parallel_executor.executor.parallel:run_until_complete finished with '0'
[5.288s] DEBUG:colcon.colcon_core.event_reactor:joining thread
[5.293s] INFO:colcon.colcon_core.plugin_system:Skipping extension 'colcon_notification.desktop_notification.terminal_notifier': Not used on non-Darwin systems
[5.293s] INFO:colcon.colcon_core.plugin_system:Skipping extension 'colcon_notification.desktop_notification.win32': Not used on non-Windows systems
[5.293s] INFO:colcon.colcon_notification.desktop_notification:Sending desktop notification using 'notify2'
[5.303s] DEBUG:colcon.colcon_core.event_reactor:joined thread
[5.305s] INFO:colcon.colcon_core.shell:Creating prefix script '/home/pietro/knapp_ros/install/local_setup.ps1'
[5.306s] INFO:colcon.colcon_core.shell:Creating prefix util module '/home/pietro/knapp_ros/install/_local_setup_util_ps1.py'
[5.307s] INFO:colcon.colcon_core.shell:Creating prefix chain script '/home/pietro/knapp_ros/install/setup.ps1'
[5.309s] INFO:colcon.colcon_core.shell:Creating prefix script '/home/pietro/knapp_ros/install/local_setup.sh'
[5.309s] INFO:colcon.colcon_core.shell:Creating prefix util module '/home/pietro/knapp_ros/install/_local_setup_util_sh.py'
[5.310s] INFO:colcon.colcon_core.shell:Creating prefix chain script '/home/pietro/knapp_ros/install/setup.sh'
[5.311s] INFO:colcon.colcon_core.shell:Creating prefix script '/home/pietro/knapp_ros/install/local_setup.bash'
[5.312s] INFO:colcon.colcon_core.shell:Creating prefix chain script '/home/pietro/knapp_ros/install/setup.bash'
[5.313s] INFO:colcon.colcon_core.shell:Creating prefix script '/home/pietro/knapp_ros/install/local_setup.zsh'
[5.314s] INFO:colcon.colcon_core.shell:Creating prefix chain script '/home/pietro/knapp_ros/install/setup.zsh'
