[0.014s] Invoking command in '/home/pietro/knapp_ros/build/knapp_amr': CMAKE_PREFIX_PATH=/opt/ros/humble /usr/bin/cmake --build /home/pietro/knapp_ros/build/knapp_amr -- -j4 -l4
[0.086s] [  0%] Built target ament_cmake_python_copy_knapp_amr
[0.089s] [  2%] Built target knapp_amr__cpp
[0.094s] [ 10%] Built target knapp_amr__rosidl_generator_c
[0.103s] [ 16%] Built target posePub
[0.131s] [ 27%] Built target knapp_amr__rosidl_typesupport_introspection_c
[0.132s] [ 32%] Built target knapp_amr__rosidl_typesupport_cpp
[0.149s] [ 40%] Built target knapp_amr__rosidl_typesupport_fastrtps_cpp
[0.155s] [ 48%] Built target knapp_amr__rosidl_typesupport_introspection_cpp
[0.165s] [35m[1mConsolidate compiler generated dependencies of target optimizer[0m
[0.180s] [ 56%] Built target knapp_amr__rosidl_typesupport_c
[0.189s] [ 59%] [32mBuilding CXX object CMakeFiles/optimizer.dir/src/OrderOptimizer.cpp.o[0m
[0.191s] [ 64%] Built target orderPub
[0.203s] [ 72%] Built target knapp_amr__rosidl_typesupport_fastrtps_c
[0.224s] [ 72%] Built target knapp_amr
[0.245s] [ 75%] Built target knapp_amr__py
[0.269s] [ 81%] Built target knapp_amr__rosidl_generator_py
[0.292s] [ 91%] Built target knapp_amr__rosidl_typesupport_introspection_c__pyext
[0.293s] [ 91%] Built target knapp_amr__rosidl_typesupport_fastrtps_c__pyext
[0.321s] [ 97%] Built target knapp_amr__rosidl_typesupport_c__pyext
[0.411s] running egg_info
[0.413s] writing knapp_amr.egg-info/PKG-INFO
[0.413s] writing dependency_links to knapp_amr.egg-info/dependency_links.txt
[0.413s] writing top-level names to knapp_amr.egg-info/top_level.txt
[0.415s] reading manifest file 'knapp_amr.egg-info/SOURCES.txt'
[0.416s] writing manifest file 'knapp_amr.egg-info/SOURCES.txt'
[0.451s] [ 97%] Built target ament_cmake_python_build_knapp_amr_egg
[2.983s] [01m[K/home/pietro/knapp_ros/src/knapp_amr/src/OrderOptimizer.cpp:[m[K In member function ‘[01m[Kvoid OrderOptimizer::order_callback(const Order&)[m[K’:
[2.983s] [01m[K/home/pietro/knapp_ros/src/knapp_amr/src/OrderOptimizer.cpp:49:47:[m[K [01;31m[Kerror: [m[Kinvalid use of non-static member function ‘[01m[Kvoid OrderOptimizer::YamlParserOrder(const int&)[m[K’
[2.983s]    49 |                 threads.push_back(std::thread([01;31m[KYamlParserOrder[m[K,this ,std::ref(msg.order_id)));
[2.983s]       |                                               [01;31m[K^~~~~~~~~~~~~~~[m[K
[2.983s] [01m[K/home/pietro/knapp_ros/src/knapp_amr/src/OrderOptimizer.cpp:57:14:[m[K [01;36m[Knote: [m[Kdeclared here
[2.983s]    57 |         void [01;36m[KYamlParserOrder[m[K(const int & order_id){
[2.983s]       |              [01;36m[K^~~~~~~~~~~~~~~[m[K
[6.323s] gmake[2]: *** [CMakeFiles/optimizer.dir/build.make:76: CMakeFiles/optimizer.dir/src/OrderOptimizer.cpp.o] Error 1
[6.323s] gmake[1]: *** [CMakeFiles/Makefile2:597: CMakeFiles/optimizer.dir/all] Error 2
[6.323s] gmake: *** [Makefile:146: all] Error 2
[6.325s] Invoked command in '/home/pietro/knapp_ros/build/knapp_amr' returned '2': CMAKE_PREFIX_PATH=/opt/ros/humble /usr/bin/cmake --build /home/pietro/knapp_ros/build/knapp_amr -- -j4 -l4
