[0.013s] Invoking command in '/home/pietro/knapp_ros/build/knapp_amr': CMAKE_PREFIX_PATH=/opt/ros/humble /usr/bin/cmake --build /home/pietro/knapp_ros/build/knapp_amr -- -j4 -l4
[0.075s] [  2%] Built target knapp_amr__cpp
[0.076s] [ 10%] Built target knapp_amr__rosidl_generator_c
[0.091s] [ 13%] Built target ament_cmake_python_copy_knapp_amr
[0.092s] [ 16%] Built target posePub
[0.101s] [ 24%] Built target knapp_amr__rosidl_typesupport_cpp
[0.135s] [ 32%] Built target knapp_amr__rosidl_typesupport_c
[0.135s] [ 40%] Built target knapp_amr__rosidl_typesupport_fastrtps_cpp
[0.143s] [ 48%] Built target knapp_amr__rosidl_typesupport_introspection_c
[0.152s] [ 56%] Built target knapp_amr__rosidl_typesupport_introspection_cpp
[0.177s] [35m[1mConsolidate compiler generated dependencies of target optimizer[0m
[0.198s] [ 62%] Built target orderPub
[0.206s] [ 70%] Built target knapp_amr__rosidl_typesupport_fastrtps_c
[0.211s] [ 72%] [32mBuilding CXX object CMakeFiles/optimizer.dir/src/OrderOptimizer.cpp.o[0m
[0.239s] [ 72%] Built target knapp_amr
[0.266s] [ 75%] Built target knapp_amr__py
[0.293s] [ 81%] Built target knapp_amr__rosidl_generator_py
[0.329s] [ 86%] Built target knapp_amr__rosidl_typesupport_introspection_c__pyext
[0.346s] [ 91%] Built target knapp_amr__rosidl_typesupport_fastrtps_c__pyext
[0.376s] [ 97%] Built target knapp_amr__rosidl_typesupport_c__pyext
[0.514s] running egg_info
[0.515s] writing knapp_amr.egg-info/PKG-INFO
[0.515s] writing dependency_links to knapp_amr.egg-info/dependency_links.txt
[0.516s] writing top-level names to knapp_amr.egg-info/top_level.txt
[0.520s] reading manifest file 'knapp_amr.egg-info/SOURCES.txt'
[0.521s] writing manifest file 'knapp_amr.egg-info/SOURCES.txt'
[0.564s] [ 97%] Built target ament_cmake_python_build_knapp_amr_egg
[13.009s] gmake[2]: *** [CMakeFiles/optimizer.dir/build.make:76: CMakeFiles/optimizer.dir/src/OrderOptimizer.cpp.o] Interrupt
[13.010s] gmake[1]: *** [CMakeFiles/Makefile2:597: CMakeFiles/optimizer.dir/all] Interrupt
[13.010s] gmake: *** [Makefile:146: all] Interrupt
[13.161s] Invoked command in '/home/pietro/knapp_ros/build/knapp_amr' returned '-2': CMAKE_PREFIX_PATH=/opt/ros/humble /usr/bin/cmake --build /home/pietro/knapp_ros/build/knapp_amr -- -j4 -l4
