[0.014s] Invoking command in '/home/pietro/knapp_ros/build/knapp_amr': CMAKE_PREFIX_PATH=/opt/ros/humble /usr/bin/cmake --build /home/pietro/knapp_ros/build/knapp_amr -- -j4 -l4
[0.128s] [  2%] Built target knapp_amr__cpp
[0.141s] [  8%] Built target posePub
[0.157s] [ 16%] Built target knapp_amr__rosidl_generator_c
[0.164s] [ 24%] Built target knapp_amr__rosidl_typesupport_cpp
[0.181s] [ 24%] Built target ament_cmake_python_copy_knapp_amr
[0.187s] [ 32%] Built target knapp_amr__rosidl_typesupport_fastrtps_cpp
[0.209s] [ 40%] Built target knapp_amr__rosidl_typesupport_introspection_cpp
[0.241s] [ 51%] Built target knapp_amr__rosidl_typesupport_fastrtps_c
[0.241s] [ 56%] Built target knapp_amr__rosidl_typesupport_introspection_c
[0.245s] [ 64%] Built target knapp_amr__rosidl_typesupport_c
[0.277s] [35m[1mConsolidate compiler generated dependencies of target optimizer[0m
[0.293s] [ 64%] Built target knapp_amr
[0.300s] [ 70%] Built target orderPub
[0.309s] [ 72%] [32mBuilding CXX object CMakeFiles/optimizer.dir/src/OrderOptimizer.cpp.o[0m
[0.320s] [ 75%] Built target knapp_amr__py
[0.350s] [ 81%] Built target knapp_amr__rosidl_generator_py
[0.379s] [ 86%] Built target knapp_amr__rosidl_typesupport_fastrtps_c__pyext
[0.422s] [ 91%] Built target knapp_amr__rosidl_typesupport_c__pyext
[0.449s] [ 97%] Built target knapp_amr__rosidl_typesupport_introspection_c__pyext
[0.557s] running egg_info
[0.558s] writing knapp_amr.egg-info/PKG-INFO
[0.558s] writing dependency_links to knapp_amr.egg-info/dependency_links.txt
[0.558s] writing top-level names to knapp_amr.egg-info/top_level.txt
[0.561s] reading manifest file 'knapp_amr.egg-info/SOURCES.txt'
[0.562s] writing manifest file 'knapp_amr.egg-info/SOURCES.txt'
[0.602s] [ 97%] Built target ament_cmake_python_build_knapp_amr_egg
[13.509s] [100%] [32m[1mLinking CXX executable optimizer[0m
[14.216s] [100%] Built target optimizer
[14.227s] Invoked command in '/home/pietro/knapp_ros/build/knapp_amr' returned '0': CMAKE_PREFIX_PATH=/opt/ros/humble /usr/bin/cmake --build /home/pietro/knapp_ros/build/knapp_amr -- -j4 -l4
[14.307s] Invoking command in '/home/pietro/knapp_ros/build/knapp_amr': CMAKE_PREFIX_PATH=/opt/ros/humble /usr/bin/cmake --install /home/pietro/knapp_ros/build/knapp_amr
[14.314s] -- Install configuration: ""
[14.315s] -- Up-to-date: /home/pietro/knapp_ros/install/knapp_amr/share/ament_index/resource_index/rosidl_interfaces/knapp_amr
[14.315s] -- Up-to-date: /home/pietro/knapp_ros/install/knapp_amr/include/knapp_amr/knapp_amr
[14.315s] -- Up-to-date: /home/pietro/knapp_ros/install/knapp_amr/include/knapp_amr/knapp_amr/msg
[14.315s] -- Up-to-date: /home/pietro/knapp_ros/install/knapp_amr/include/knapp_amr/knapp_amr/msg/order.h
[14.315s] -- Up-to-date: /home/pietro/knapp_ros/install/knapp_amr/include/knapp_amr/knapp_amr/msg/rosidl_generator_c__visibility_control.h
[14.316s] -- Up-to-date: /home/pietro/knapp_ros/install/knapp_amr/include/knapp_amr/knapp_amr/msg/detail
[14.316s] -- Up-to-date: /home/pietro/knapp_ros/install/knapp_amr/include/knapp_amr/knapp_amr/msg/detail/order__functions.c
[14.316s] -- Up-to-date: /home/pietro/knapp_ros/install/knapp_amr/include/knapp_amr/knapp_amr/msg/detail/order__type_support.h
[14.316s] -- Up-to-date: /home/pietro/knapp_ros/install/knapp_amr/include/knapp_amr/knapp_amr/msg/detail/order__functions.h
[14.316s] -- Up-to-date: /home/pietro/knapp_ros/install/knapp_amr/include/knapp_amr/knapp_amr/msg/detail/order__struct.h
[14.316s] -- Up-to-date: /home/pietro/knapp_ros/install/knapp_amr/share/knapp_amr/environment/library_path.sh
[14.316s] -- Up-to-date: /home/pietro/knapp_ros/install/knapp_amr/share/knapp_amr/environment/library_path.dsv
[14.316s] -- Up-to-date: /home/pietro/knapp_ros/install/knapp_amr/lib/libknapp_amr__rosidl_generator_c.so
[14.316s] -- Up-to-date: /home/pietro/knapp_ros/install/knapp_amr/include/knapp_amr/knapp_amr
[14.316s] -- Up-to-date: /home/pietro/knapp_ros/install/knapp_amr/include/knapp_amr/knapp_amr/msg
[14.316s] -- Up-to-date: /home/pietro/knapp_ros/install/knapp_amr/include/knapp_amr/knapp_amr/msg/rosidl_typesupport_fastrtps_c__visibility_control.h
[14.317s] -- Up-to-date: /home/pietro/knapp_ros/install/knapp_amr/include/knapp_amr/knapp_amr/msg/detail
[14.317s] -- Up-to-date: /home/pietro/knapp_ros/install/knapp_amr/include/knapp_amr/knapp_amr/msg/detail/order__rosidl_typesupport_fastrtps_c.h
[14.317s] -- Up-to-date: /home/pietro/knapp_ros/install/knapp_amr/lib/libknapp_amr__rosidl_typesupport_fastrtps_c.so
[14.317s] -- Up-to-date: /home/pietro/knapp_ros/install/knapp_amr/include/knapp_amr/knapp_amr
[14.317s] -- Up-to-date: /home/pietro/knapp_ros/install/knapp_amr/include/knapp_amr/knapp_amr/msg
[14.317s] -- Up-to-date: /home/pietro/knapp_ros/install/knapp_amr/include/knapp_amr/knapp_amr/msg/order.hpp
[14.317s] -- Up-to-date: /home/pietro/knapp_ros/install/knapp_amr/include/knapp_amr/knapp_amr/msg/detail
[14.317s] -- Up-to-date: /home/pietro/knapp_ros/install/knapp_amr/include/knapp_amr/knapp_amr/msg/detail/order__builder.hpp
[14.317s] -- Up-to-date: /home/pietro/knapp_ros/install/knapp_amr/include/knapp_amr/knapp_amr/msg/detail/order__struct.hpp
[14.317s] -- Up-to-date: /home/pietro/knapp_ros/install/knapp_amr/include/knapp_amr/knapp_amr/msg/detail/order__traits.hpp
[14.317s] -- Up-to-date: /home/pietro/knapp_ros/install/knapp_amr/include/knapp_amr/knapp_amr
[14.317s] -- Up-to-date: /home/pietro/knapp_ros/install/knapp_amr/include/knapp_amr/knapp_amr/msg
[14.318s] -- Up-to-date: /home/pietro/knapp_ros/install/knapp_amr/include/knapp_amr/knapp_amr/msg/rosidl_typesupport_fastrtps_cpp__visibility_control.h
[14.318s] -- Up-to-date: /home/pietro/knapp_ros/install/knapp_amr/include/knapp_amr/knapp_amr/msg/detail
[14.318s] -- Up-to-date: /home/pietro/knapp_ros/install/knapp_amr/include/knapp_amr/knapp_amr/msg/detail/dds_fastrtps
[14.318s] -- Up-to-date: /home/pietro/knapp_ros/install/knapp_amr/include/knapp_amr/knapp_amr/msg/detail/order__rosidl_typesupport_fastrtps_cpp.hpp
[14.318s] -- Up-to-date: /home/pietro/knapp_ros/install/knapp_amr/lib/libknapp_amr__rosidl_typesupport_fastrtps_cpp.so
[14.318s] -- Up-to-date: /home/pietro/knapp_ros/install/knapp_amr/include/knapp_amr/knapp_amr
[14.318s] -- Up-to-date: /home/pietro/knapp_ros/install/knapp_amr/include/knapp_amr/knapp_amr/msg
[14.318s] -- Up-to-date: /home/pietro/knapp_ros/install/knapp_amr/include/knapp_amr/knapp_amr/msg/rosidl_typesupport_introspection_c__visibility_control.h
[14.318s] -- Up-to-date: /home/pietro/knapp_ros/install/knapp_amr/include/knapp_amr/knapp_amr/msg/detail
[14.318s] -- Up-to-date: /home/pietro/knapp_ros/install/knapp_amr/include/knapp_amr/knapp_amr/msg/detail/order__type_support.c
[14.318s] -- Up-to-date: /home/pietro/knapp_ros/install/knapp_amr/include/knapp_amr/knapp_amr/msg/detail/order__rosidl_typesupport_introspection_c.h
[14.318s] -- Up-to-date: /home/pietro/knapp_ros/install/knapp_amr/lib/libknapp_amr__rosidl_typesupport_introspection_c.so
[14.318s] -- Up-to-date: /home/pietro/knapp_ros/install/knapp_amr/lib/libknapp_amr__rosidl_typesupport_c.so
[14.318s] -- Up-to-date: /home/pietro/knapp_ros/install/knapp_amr/include/knapp_amr/knapp_amr
[14.319s] -- Up-to-date: /home/pietro/knapp_ros/install/knapp_amr/include/knapp_amr/knapp_amr/msg
[14.319s] -- Up-to-date: /home/pietro/knapp_ros/install/knapp_amr/include/knapp_amr/knapp_amr/msg/detail
[14.319s] -- Up-to-date: /home/pietro/knapp_ros/install/knapp_amr/include/knapp_amr/knapp_amr/msg/detail/order__type_support.cpp
[14.319s] -- Up-to-date: /home/pietro/knapp_ros/install/knapp_amr/include/knapp_amr/knapp_amr/msg/detail/order__rosidl_typesupport_introspection_cpp.hpp
[14.319s] -- Up-to-date: /home/pietro/knapp_ros/install/knapp_amr/lib/libknapp_amr__rosidl_typesupport_introspection_cpp.so
[14.319s] -- Up-to-date: /home/pietro/knapp_ros/install/knapp_amr/lib/libknapp_amr__rosidl_typesupport_cpp.so
[14.319s] -- Up-to-date: /home/pietro/knapp_ros/install/knapp_amr/share/knapp_amr/environment/pythonpath.sh
[14.319s] -- Up-to-date: /home/pietro/knapp_ros/install/knapp_amr/share/knapp_amr/environment/pythonpath.dsv
[14.320s] -- Up-to-date: /home/pietro/knapp_ros/install/knapp_amr/local/lib/python3.10/dist-packages/knapp_amr-0.0.0-py3.10.egg-info
[14.320s] -- Installing: /home/pietro/knapp_ros/install/knapp_amr/local/lib/python3.10/dist-packages/knapp_amr-0.0.0-py3.10.egg-info/top_level.txt
[14.320s] -- Installing: /home/pietro/knapp_ros/install/knapp_amr/local/lib/python3.10/dist-packages/knapp_amr-0.0.0-py3.10.egg-info/dependency_links.txt
[14.320s] -- Installing: /home/pietro/knapp_ros/install/knapp_amr/local/lib/python3.10/dist-packages/knapp_amr-0.0.0-py3.10.egg-info/SOURCES.txt
[14.320s] -- Installing: /home/pietro/knapp_ros/install/knapp_amr/local/lib/python3.10/dist-packages/knapp_amr-0.0.0-py3.10.egg-info/PKG-INFO
[14.320s] -- Up-to-date: /home/pietro/knapp_ros/install/knapp_amr/local/lib/python3.10/dist-packages/knapp_amr
[14.320s] -- Up-to-date: /home/pietro/knapp_ros/install/knapp_amr/local/lib/python3.10/dist-packages/knapp_amr/_knapp_amr_s.ep.rosidl_typesupport_introspection_c.c
[14.321s] -- Up-to-date: /home/pietro/knapp_ros/install/knapp_amr/local/lib/python3.10/dist-packages/knapp_amr/libknapp_amr__rosidl_generator_py.so
[14.321s] -- Up-to-date: /home/pietro/knapp_ros/install/knapp_amr/local/lib/python3.10/dist-packages/knapp_amr/_knapp_amr_s.ep.rosidl_typesupport_fastrtps_c.c
[14.321s] -- Up-to-date: /home/pietro/knapp_ros/install/knapp_amr/local/lib/python3.10/dist-packages/knapp_amr/_knapp_amr_s.ep.rosidl_typesupport_c.c
[14.321s] -- Up-to-date: /home/pietro/knapp_ros/install/knapp_amr/local/lib/python3.10/dist-packages/knapp_amr/knapp_amr_s__rosidl_typesupport_introspection_c.cpython-310-x86_64-linux-gnu.so
[14.321s] -- Up-to-date: /home/pietro/knapp_ros/install/knapp_amr/local/lib/python3.10/dist-packages/knapp_amr/msg
[14.321s] -- Up-to-date: /home/pietro/knapp_ros/install/knapp_amr/local/lib/python3.10/dist-packages/knapp_amr/msg/_order_s.c
[14.321s] -- Up-to-date: /home/pietro/knapp_ros/install/knapp_amr/local/lib/python3.10/dist-packages/knapp_amr/msg/_order.py
[14.321s] -- Up-to-date: /home/pietro/knapp_ros/install/knapp_amr/local/lib/python3.10/dist-packages/knapp_amr/msg/__init__.py
[14.321s] -- Up-to-date: /home/pietro/knapp_ros/install/knapp_amr/local/lib/python3.10/dist-packages/knapp_amr/__init__.py
[14.321s] -- Up-to-date: /home/pietro/knapp_ros/install/knapp_amr/local/lib/python3.10/dist-packages/knapp_amr/knapp_amr_s__rosidl_typesupport_fastrtps_c.cpython-310-x86_64-linux-gnu.so
[14.321s] -- Up-to-date: /home/pietro/knapp_ros/install/knapp_amr/local/lib/python3.10/dist-packages/knapp_amr/knapp_amr_s__rosidl_typesupport_c.cpython-310-x86_64-linux-gnu.so
[14.351s] Listing '/home/pietro/knapp_ros/install/knapp_amr/local/lib/python3.10/dist-packages/knapp_amr'...
[14.351s] Listing '/home/pietro/knapp_ros/install/knapp_amr/local/lib/python3.10/dist-packages/knapp_amr/msg'...
[14.356s] -- Up-to-date: /home/pietro/knapp_ros/install/knapp_amr/local/lib/python3.10/dist-packages/knapp_amr/knapp_amr_s__rosidl_typesupport_fastrtps_c.cpython-310-x86_64-linux-gnu.so
[14.357s] -- Up-to-date: /home/pietro/knapp_ros/install/knapp_amr/local/lib/python3.10/dist-packages/knapp_amr/knapp_amr_s__rosidl_typesupport_introspection_c.cpython-310-x86_64-linux-gnu.so
[14.357s] -- Up-to-date: /home/pietro/knapp_ros/install/knapp_amr/local/lib/python3.10/dist-packages/knapp_amr/knapp_amr_s__rosidl_typesupport_c.cpython-310-x86_64-linux-gnu.so
[14.358s] -- Up-to-date: /home/pietro/knapp_ros/install/knapp_amr/lib/libknapp_amr__rosidl_generator_py.so
[14.358s] -- Up-to-date: /home/pietro/knapp_ros/install/knapp_amr/share/knapp_amr/msg/Order.idl
[14.358s] -- Up-to-date: /home/pietro/knapp_ros/install/knapp_amr/share/knapp_amr/msg/Order.msg
[14.359s] -- Installing: /home/pietro/knapp_ros/install/knapp_amr/lib/knapp_amr/optimizer
[14.367s] -- Set runtime path of "/home/pietro/knapp_ros/install/knapp_amr/lib/knapp_amr/optimizer" to ""
[14.367s] -- Up-to-date: /home/pietro/knapp_ros/install/knapp_amr/lib/knapp_amr/posePub
[14.368s] -- Up-to-date: /home/pietro/knapp_ros/install/knapp_amr/lib/knapp_amr/orderPub
[14.368s] -- Up-to-date: /home/pietro/knapp_ros/install/knapp_amr/share/ament_index/resource_index/package_run_dependencies/knapp_amr
[14.368s] -- Up-to-date: /home/pietro/knapp_ros/install/knapp_amr/share/ament_index/resource_index/parent_prefix_path/knapp_amr
[14.369s] -- Up-to-date: /home/pietro/knapp_ros/install/knapp_amr/share/knapp_amr/environment/ament_prefix_path.sh
[14.369s] -- Up-to-date: /home/pietro/knapp_ros/install/knapp_amr/share/knapp_amr/environment/ament_prefix_path.dsv
[14.369s] -- Up-to-date: /home/pietro/knapp_ros/install/knapp_amr/share/knapp_amr/environment/path.sh
[14.369s] -- Up-to-date: /home/pietro/knapp_ros/install/knapp_amr/share/knapp_amr/environment/path.dsv
[14.369s] -- Up-to-date: /home/pietro/knapp_ros/install/knapp_amr/share/knapp_amr/local_setup.bash
[14.369s] -- Up-to-date: /home/pietro/knapp_ros/install/knapp_amr/share/knapp_amr/local_setup.sh
[14.369s] -- Up-to-date: /home/pietro/knapp_ros/install/knapp_amr/share/knapp_amr/local_setup.zsh
[14.369s] -- Up-to-date: /home/pietro/knapp_ros/install/knapp_amr/share/knapp_amr/local_setup.dsv
[14.369s] -- Installing: /home/pietro/knapp_ros/install/knapp_amr/share/knapp_amr/package.dsv
[14.369s] -- Up-to-date: /home/pietro/knapp_ros/install/knapp_amr/share/ament_index/resource_index/packages/knapp_amr
[14.369s] -- Up-to-date: /home/pietro/knapp_ros/install/knapp_amr/share/knapp_amr/cmake/export_knapp_amr__rosidl_generator_cExport.cmake
[14.369s] -- Up-to-date: /home/pietro/knapp_ros/install/knapp_amr/share/knapp_amr/cmake/export_knapp_amr__rosidl_generator_cExport-noconfig.cmake
[14.370s] -- Up-to-date: /home/pietro/knapp_ros/install/knapp_amr/share/knapp_amr/cmake/export_knapp_amr__rosidl_typesupport_fastrtps_cExport.cmake
[14.370s] -- Up-to-date: /home/pietro/knapp_ros/install/knapp_amr/share/knapp_amr/cmake/export_knapp_amr__rosidl_typesupport_fastrtps_cExport-noconfig.cmake
[14.370s] -- Up-to-date: /home/pietro/knapp_ros/install/knapp_amr/share/knapp_amr/cmake/export_knapp_amr__rosidl_generator_cppExport.cmake
[14.370s] -- Up-to-date: /home/pietro/knapp_ros/install/knapp_amr/share/knapp_amr/cmake/export_knapp_amr__rosidl_typesupport_fastrtps_cppExport.cmake
[14.370s] -- Up-to-date: /home/pietro/knapp_ros/install/knapp_amr/share/knapp_amr/cmake/export_knapp_amr__rosidl_typesupport_fastrtps_cppExport-noconfig.cmake
[14.370s] -- Up-to-date: /home/pietro/knapp_ros/install/knapp_amr/share/knapp_amr/cmake/knapp_amr__rosidl_typesupport_introspection_cExport.cmake
[14.370s] -- Up-to-date: /home/pietro/knapp_ros/install/knapp_amr/share/knapp_amr/cmake/knapp_amr__rosidl_typesupport_introspection_cExport-noconfig.cmake
[14.370s] -- Up-to-date: /home/pietro/knapp_ros/install/knapp_amr/share/knapp_amr/cmake/knapp_amr__rosidl_typesupport_cExport.cmake
[14.370s] -- Up-to-date: /home/pietro/knapp_ros/install/knapp_amr/share/knapp_amr/cmake/knapp_amr__rosidl_typesupport_cExport-noconfig.cmake
[14.370s] -- Up-to-date: /home/pietro/knapp_ros/install/knapp_amr/share/knapp_amr/cmake/knapp_amr__rosidl_typesupport_introspection_cppExport.cmake
[14.370s] -- Up-to-date: /home/pietro/knapp_ros/install/knapp_amr/share/knapp_amr/cmake/knapp_amr__rosidl_typesupport_introspection_cppExport-noconfig.cmake
[14.371s] -- Up-to-date: /home/pietro/knapp_ros/install/knapp_amr/share/knapp_amr/cmake/knapp_amr__rosidl_typesupport_cppExport.cmake
[14.371s] -- Up-to-date: /home/pietro/knapp_ros/install/knapp_amr/share/knapp_amr/cmake/knapp_amr__rosidl_typesupport_cppExport-noconfig.cmake
[14.371s] -- Up-to-date: /home/pietro/knapp_ros/install/knapp_amr/share/knapp_amr/cmake/export_knapp_amr__rosidl_generator_pyExport.cmake
[14.371s] -- Up-to-date: /home/pietro/knapp_ros/install/knapp_amr/share/knapp_amr/cmake/export_knapp_amr__rosidl_generator_pyExport-noconfig.cmake
[14.371s] -- Up-to-date: /home/pietro/knapp_ros/install/knapp_amr/share/knapp_amr/cmake/rosidl_cmake-extras.cmake
[14.371s] -- Up-to-date: /home/pietro/knapp_ros/install/knapp_amr/share/knapp_amr/cmake/ament_cmake_export_include_directories-extras.cmake
[14.371s] -- Up-to-date: /home/pietro/knapp_ros/install/knapp_amr/share/knapp_amr/cmake/ament_cmake_export_libraries-extras.cmake
[14.371s] -- Up-to-date: /home/pietro/knapp_ros/install/knapp_amr/share/knapp_amr/cmake/ament_cmake_export_targets-extras.cmake
[14.371s] -- Up-to-date: /home/pietro/knapp_ros/install/knapp_amr/share/knapp_amr/cmake/rosidl_cmake_export_typesupport_targets-extras.cmake
[14.371s] -- Up-to-date: /home/pietro/knapp_ros/install/knapp_amr/share/knapp_amr/cmake/ament_cmake_export_dependencies-extras.cmake
[14.371s] -- Up-to-date: /home/pietro/knapp_ros/install/knapp_amr/share/knapp_amr/cmake/rosidl_cmake_export_typesupport_libraries-extras.cmake
[14.371s] -- Up-to-date: /home/pietro/knapp_ros/install/knapp_amr/share/knapp_amr/cmake/knapp_amrConfig.cmake
[14.371s] -- Up-to-date: /home/pietro/knapp_ros/install/knapp_amr/share/knapp_amr/cmake/knapp_amrConfig-version.cmake
[14.371s] -- Up-to-date: /home/pietro/knapp_ros/install/knapp_amr/share/knapp_amr/package.xml
[14.373s] Invoked command in '/home/pietro/knapp_ros/build/knapp_amr' returned '0': CMAKE_PREFIX_PATH=/opt/ros/humble /usr/bin/cmake --install /home/pietro/knapp_ros/build/knapp_amr
