[0.014s] Invoking command in '/home/pietro/knapp_ros/build/knapp_amr': CMAKE_PREFIX_PATH=/opt/ros/humble /usr/bin/cmake --build /home/pietro/knapp_ros/build/knapp_amr -- -j4 -l4
[0.039s] -- Found ament_cmake: 1.3.3 (/opt/ros/humble/share/ament_cmake/cmake)
[0.187s] -- Found geometry_msgs: 4.2.3 (/opt/ros/humble/share/geometry_msgs/cmake)
[0.215s] -- Found rosidl_generator_c: 3.1.4 (/opt/ros/humble/share/rosidl_generator_c/cmake)
[0.218s] -- Found rosidl_adapter: 3.1.4 (/opt/ros/humble/share/rosidl_adapter/cmake)
[0.225s] -- Found rosidl_generator_cpp: 3.1.4 (/opt/ros/humble/share/rosidl_generator_cpp/cmake)
[0.238s] -- Using all available rosidl_typesupport_c: rosidl_typesupport_fastrtps_c;rosidl_typesupport_introspection_c
[0.255s] -- Using all available rosidl_typesupport_cpp: rosidl_typesupport_fastrtps_cpp;rosidl_typesupport_introspection_cpp
[0.385s] -- Found rclcpp: 16.0.3 (/opt/ros/humble/share/rclcpp/cmake)
[0.438s] -- Found rmw_implementation_cmake: 6.1.1 (/opt/ros/humble/share/rmw_implementation_cmake/cmake)
[0.440s] -- Found rmw_fastrtps_cpp: 6.2.2 (/opt/ros/humble/share/rmw_fastrtps_cpp/cmake)
[0.564s] -- Using RMW implementation 'rmw_fastrtps_cpp' as default
[0.712s] -- Found rosidl_default_generators: 1.2.0 (/opt/ros/humble/share/rosidl_default_generators/cmake)
[0.965s] -- Found ament_cmake_ros: 0.10.0 (/opt/ros/humble/share/ament_cmake_ros/cmake)
[1.264s] -- Using all available rosidl_typesupport_c: rosidl_typesupport_fastrtps_c;rosidl_typesupport_introspection_c
[1.382s] -- Using all available rosidl_typesupport_cpp: rosidl_typesupport_fastrtps_cpp;rosidl_typesupport_introspection_cpp
[1.405s] -- Found python_cmake_module: 0.10.0 (/opt/ros/humble/share/python_cmake_module/cmake)
[1.427s] -- Using PYTHON_EXECUTABLE: /usr/bin/python3
[1.427s] -- Using PYTHON_INCLUDE_DIRS: /usr/include/python3.10
[1.427s] -- Using PYTHON_LIBRARIES: /usr/lib/x86_64-linux-gnu/libpython3.10.so
[1.442s] [31mCMake Error at CMakeLists.txt:30 (target_link_libraries):
[1.443s]   Target "knapp_amr" of type UTILITY may not be linked into another target.
[1.443s]   One may link only to INTERFACE, OBJECT, STATIC or SHARED libraries, or to
[1.443s]   executables with the ENABLE_EXPORTS property set.
[1.443s] 
[1.443s] [0m
[1.443s] [0mCMake Deprecation Warning at /opt/ros/humble/share/rosidl_cmake/cmake/rosidl_target_interfaces.cmake:32 (message):
[1.443s]   Use rosidl_get_typesupport_target() and target_link_libraries() instead of
[1.443s]   rosidl_target_interfaces()
[1.443s] Call Stack (most recent call first):
[1.443s]   CMakeLists.txt:32 (rosidl_target_interfaces)
[1.443s] 
[1.443s] [0m
[1.443s] -- Found ament_lint_auto: 0.12.5 (/opt/ros/humble/share/ament_lint_auto/cmake)
[1.453s] -- Added test 'cppcheck' to perform static code analysis on C / C++ code
[1.454s] -- Configured cppcheck include dirs: 
[1.454s] -- Configured cppcheck exclude dirs and/or files: 
[1.454s] -- Added test 'lint_cmake' to check CMake code style
[1.456s] -- Added test 'uncrustify' to check C / C++ code style
[1.456s] -- Configured uncrustify additional arguments: 
[1.456s] -- Added test 'xmllint' to check XML markup files
[1.458s] -- Configuring incomplete, errors occurred!
[1.458s] See also "/home/pietro/knapp_ros/build/knapp_amr/CMakeFiles/CMakeOutput.log".
[1.466s] gmake: *** [Makefile:870: cmake_check_build_system] Error 1
[1.468s] Invoked command in '/home/pietro/knapp_ros/build/knapp_amr' returned '2': CMAKE_PREFIX_PATH=/opt/ros/humble /usr/bin/cmake --build /home/pietro/knapp_ros/build/knapp_amr -- -j4 -l4
