[0.014s] Invoking command in '/home/pietro/knapp_ros/build/knapp_amr': CMAKE_PREFIX_PATH=/opt/ros/humble /usr/bin/cmake --build /home/pietro/knapp_ros/build/knapp_amr -- -j4 -l4
[0.069s] [  2%] Built target knapp_amr__cpp
[0.074s] [ 10%] Built target knapp_amr__rosidl_generator_c
[0.078s] [ 10%] Built target ament_cmake_python_copy_knapp_amr
[0.086s] [ 16%] Built target posePub
[0.102s] [ 24%] Built target knapp_amr__rosidl_typesupport_cpp
[0.103s] [ 32%] Built target knapp_amr__rosidl_typesupport_introspection_cpp
[0.104s] [ 40%] Built target knapp_amr__rosidl_typesupport_fastrtps_cpp
[0.131s] [ 48%] Built target knapp_amr__rosidl_typesupport_introspection_c
[0.131s] [ 56%] Built target knapp_amr__rosidl_typesupport_fastrtps_c
[0.141s] [ 64%] Built target knapp_amr__rosidl_typesupport_c
[0.145s] [35m[1mConsolidate compiler generated dependencies of target optimizer[0m
[0.160s] [ 70%] Built target orderPub
[0.166s] [ 72%] [32mBuilding CXX object CMakeFiles/optimizer.dir/src/OrderOptimizer.cpp.o[0m
[0.167s] [ 72%] Built target knapp_amr
[0.187s] [ 75%] Built target knapp_amr__py
[0.209s] [ 81%] Built target knapp_amr__rosidl_generator_py
[0.232s] [ 89%] Built target knapp_amr__rosidl_typesupport_introspection_c__pyext
[0.233s] [ 91%] Built target knapp_amr__rosidl_typesupport_fastrtps_c__pyext
[0.255s] [ 97%] Built target knapp_amr__rosidl_typesupport_c__pyext
[0.378s] running egg_info
[0.378s] writing knapp_amr.egg-info/PKG-INFO
[0.379s] writing dependency_links to knapp_amr.egg-info/dependency_links.txt
[0.379s] writing top-level names to knapp_amr.egg-info/top_level.txt
[0.381s] reading manifest file 'knapp_amr.egg-info/SOURCES.txt'
[0.382s] writing manifest file 'knapp_amr.egg-info/SOURCES.txt'
[0.415s] [ 97%] Built target ament_cmake_python_build_knapp_amr_egg
[2.952s] [01m[K/home/pietro/knapp_ros/src/knapp_amr/src/OrderOptimizer.cpp:[m[K In member function ‘[01m[Kvoid OrderOptimizer::order_callback(const Order&)[m[K’:
[2.952s] [01m[K/home/pietro/knapp_ros/src/knapp_amr/src/OrderOptimizer.cpp:70:58:[m[K [01;31m[Kerror: [m[Kinvalid operands of types ‘[01m[Kconst char*[m[K’ and ‘[01m[Kconst char [3][m[K’ to binary ‘[01m[Koperator+[m[K’
[2.952s]    70 |                 msgstr = [32m[K"Working on order "+msg.order_id[m[K[01;31m[K+[m[K [34m[K" ("[m[K+msg.description+")";
[2.952s]       |                          [32m[K~~~~~~~~~~~~~~~~~~~~~~~~~~~~~~~~[m[K[01;31m[K^[m[K [34m[K~~~~[m[K
[2.953s]       |                                             [32m[K|[m[K              [34m[K|[m[K
[2.953s]       |                                             [32m[Kconst char*[m[K    [34m[Kconst char [3][m[K
[6.401s] gmake[2]: *** [CMakeFiles/optimizer.dir/build.make:76: CMakeFiles/optimizer.dir/src/OrderOptimizer.cpp.o] Error 1
[6.401s] gmake[1]: *** [CMakeFiles/Makefile2:597: CMakeFiles/optimizer.dir/all] Error 2
[6.402s] gmake: *** [Makefile:146: all] Error 2
[6.405s] Invoked command in '/home/pietro/knapp_ros/build/knapp_amr' returned '2': CMAKE_PREFIX_PATH=/opt/ros/humble /usr/bin/cmake --build /home/pietro/knapp_ros/build/knapp_amr -- -j4 -l4
