[0.014s] Invoking command in '/home/pietro/knapp_ros/build/knapp_amr': CMAKE_PREFIX_PATH=/opt/ros/humble /usr/bin/cmake --build /home/pietro/knapp_ros/build/knapp_amr -- -j4 -l4
[0.082s] [  2%] Built target knapp_amr__cpp
[0.094s] [  8%] Built target posePub
[0.103s] [  8%] Built target ament_cmake_python_copy_knapp_amr
[0.110s] [ 16%] Built target knapp_amr__rosidl_generator_c
[0.145s] [ 24%] Built target knapp_amr__rosidl_typesupport_cpp
[0.145s] [ 32%] Built target knapp_amr__rosidl_typesupport_fastrtps_cpp
[0.145s] [ 40%] Built target knapp_amr__rosidl_typesupport_introspection_cpp
[0.172s] [ 54%] Built target knapp_amr__rosidl_typesupport_c
[0.173s] [ 56%] Built target knapp_amr__rosidl_typesupport_fastrtps_c
[0.174s] [ 64%] Built target knapp_amr__rosidl_typesupport_introspection_c
[0.204s] [ 67%] [32mBuilding CXX object CMakeFiles/optimizer.dir/src/OrderOptimizer.cpp.o[0m
[0.207s] [ 72%] Built target orderPub
[0.212s] [ 72%] Built target knapp_amr
[0.233s] [ 75%] Built target knapp_amr__py
[0.256s] [ 81%] Built target knapp_amr__rosidl_generator_py
[0.279s] [ 91%] Built target knapp_amr__rosidl_typesupport_fastrtps_c__pyext
[0.280s] [ 91%] Built target knapp_amr__rosidl_typesupport_introspection_c__pyext
[0.302s] [ 97%] Built target knapp_amr__rosidl_typesupport_c__pyext
[0.417s] running egg_info
[0.418s] writing knapp_amr.egg-info/PKG-INFO
[0.418s] writing dependency_links to knapp_amr.egg-info/dependency_links.txt
[0.419s] writing top-level names to knapp_amr.egg-info/top_level.txt
[0.421s] reading manifest file 'knapp_amr.egg-info/SOURCES.txt'
[0.422s] writing manifest file 'knapp_amr.egg-info/SOURCES.txt'
[0.463s] [ 97%] Built target ament_cmake_python_build_knapp_amr_egg
[7.112s] gmake[2]: *** wait: No child processes.  Stop.
[7.112s] gmake[2]: *** Waiting for unfinished jobs....
[7.112s] gmake[2]: *** wait: No child processes.  Stop.
[7.114s] gmake[1]: *** wait: No child processes.  Stop.
[7.114s] gmake[1]: *** Waiting for unfinished jobs....
[7.114s] gmake[1]: *** wait: No child processes.  Stop.
[7.114s] gmake: *** [Makefile:146: all] Error 2
[7.154s] Invoked command in '/home/pietro/knapp_ros/build/knapp_amr' returned '-2': CMAKE_PREFIX_PATH=/opt/ros/humble /usr/bin/cmake --build /home/pietro/knapp_ros/build/knapp_amr -- -j4 -l4
