[0.013s] Invoking command in '/home/pietro/knapp_ros/build/knapp_amr': CMAKE_PREFIX_PATH=/opt/ros/humble /usr/bin/cmake --build /home/pietro/knapp_ros/build/knapp_amr -- -j4 -l4
[0.075s] [  8%] Built target knapp_amr__rosidl_generator_c
[0.093s] [ 13%] Built target posePub
[0.093s] [ 16%] Built target knapp_amr__cpp
[0.098s] [ 16%] Built target ament_cmake_python_copy_knapp_amr
[0.121s] [ 24%] Built target knapp_amr__rosidl_typesupport_c
[0.123s] [ 35%] Built target knapp_amr__rosidl_typesupport_introspection_c
[0.124s] [ 40%] Built target knapp_amr__rosidl_typesupport_fastrtps_c
[0.131s] [ 48%] Built target knapp_amr__rosidl_typesupport_introspection_cpp
[0.150s] [ 56%] Built target knapp_amr__rosidl_typesupport_cpp
[0.151s] [ 64%] Built target knapp_amr__rosidl_typesupport_fastrtps_cpp
[0.164s] [35m[1mConsolidate compiler generated dependencies of target optimizer[0m
[0.179s] [ 67%] Built target knapp_amr
[0.179s] [ 70%] Built target orderPub
[0.189s] [ 72%] [32mBuilding CXX object CMakeFiles/optimizer.dir/src/OrderOptimizer.cpp.o[0m
[0.203s] [ 75%] Built target knapp_amr__py
[0.227s] [ 81%] Built target knapp_amr__rosidl_generator_py
[0.249s] [ 86%] Built target knapp_amr__rosidl_typesupport_fastrtps_c__pyext
[0.252s] [ 91%] Built target knapp_amr__rosidl_typesupport_introspection_c__pyext
[0.271s] [ 97%] Built target knapp_amr__rosidl_typesupport_c__pyext
[0.399s] running egg_info
[0.399s] writing knapp_amr.egg-info/PKG-INFO
[0.399s] writing dependency_links to knapp_amr.egg-info/dependency_links.txt
[0.399s] writing top-level names to knapp_amr.egg-info/top_level.txt
[0.402s] reading manifest file 'knapp_amr.egg-info/SOURCES.txt'
[0.403s] writing manifest file 'knapp_amr.egg-info/SOURCES.txt'
[0.436s] [ 97%] Built target ament_cmake_python_build_knapp_amr_egg
[3.010s] [01m[K/home/pietro/knapp_ros/src/knapp_amr/src/OrderOptimizer.cpp:[m[K In member function ‘[01m[Kvoid OrderOptimizer::order_callback(const Order&)[m[K’:
[3.010s] [01m[K/home/pietro/knapp_ros/src/knapp_amr/src/OrderOptimizer.cpp:70:95:[m[K [01;31m[Kerror: [m[Kno matching function for call to ‘[01m[Kto_string(const _description_type&)[m[K’
[3.011s]    70 | on order "+std::to_string(msg.order_id)+ " ("+[01;31m[Kstd::to_string(msg.description)[m[K+")";
[3.011s]       |                                               [01;31m[K~~~~~~~~~~~~~~^~~~~~~~~~~~~~~~~[m[K
[3.011s] 
[3.011s] In file included from [01m[K/opt/ros/humble/include/rclcpp/rclcpp/node_interfaces/node_parameters_interface.hpp:28[m[K,
[3.011s]                  from [01m[K/opt/ros/humble/include/rclcpp/rclcpp/node.hpp:54[m[K,
[3.011s]                  from [01m[K/opt/ros/humble/include/rclcpp/rclcpp/executors/single_threaded_executor.hpp:28[m[K,
[3.011s]                  from [01m[K/opt/ros/humble/include/rclcpp/rclcpp/executors.hpp:22[m[K,
[3.011s]                  from [01m[K/opt/ros/humble/include/rclcpp/rclcpp/rclcpp.hpp:155[m[K,
[3.011s]                  from [01m[K/home/pietro/knapp_ros/src/knapp_amr/src/OrderOptimizer.cpp:13[m[K:
[3.011s] [01m[K/opt/ros/humble/include/rclcpp/rclcpp/parameter.hpp:289:1:[m[K [01;36m[Knote: [m[Kcandidate: ‘[01m[Kstd::string std::to_string(const rclcpp::Parameter&)[m[K’
[3.011s]   289 | [01;36m[Kto_string[m[K(const rclcpp::Parameter & param);
[3.011s]       | [01;36m[K^~~~~~~~~[m[K
[3.011s] [01m[K/opt/ros/humble/include/rclcpp/rclcpp/parameter.hpp:289:37:[m[K [01;36m[Knote: [m[K  no known conversion for argument 1 from ‘[01m[Kconst _description_type[m[K’ {aka ‘[01m[Kconst std::__cxx11::basic_string<char>[m[K’} to ‘[01m[Kconst rclcpp::Parameter&[m[K’
[3.012s]   289 | to_string([01;36m[Kconst rclcpp::Parameter & param[m[K);
[3.012s]       |           [01;36m[K~~~~~~~~~~~~~~~~~~~~~~~~~~^~~~~[m[K
[3.012s] [01m[K/opt/ros/humble/include/rclcpp/rclcpp/parameter.hpp:294:1:[m[K [01;36m[Knote: [m[Kcandidate: ‘[01m[Kstd::string std::to_string(const std::vector<rclcpp::Parameter>&)[m[K’
[3.012s]   294 | [01;36m[Kto_string[m[K(const std::vector<rclcpp::Parameter> & parameters);
[3.012s]       | [01;36m[K^~~~~~~~~[m[K
[3.012s] [01m[K/opt/ros/humble/include/rclcpp/rclcpp/parameter.hpp:294:50:[m[K [01;36m[Knote: [m[K  no known conversion for argument 1 from ‘[01m[Kconst _description_type[m[K’ {aka ‘[01m[Kconst std::__cxx11::basic_string<char>[m[K’} to ‘[01m[Kconst std::vector<rclcpp::Parameter>&[m[K’
[3.012s]   294 | to_string([01;36m[Kconst std::vector<rclcpp::Parameter> & parameters[m[K);
[3.012s]       |           [01;36m[K~~~~~~~~~~~~~~~~~~~~~~~~~~~~~~~~~~~~~~~^~~~~~~~~~[m[K
[3.012s] In file included from [01m[K/usr/include/c++/11/string:55[m[K,
[3.012s]                  from [01m[K/home/pietro/knapp_ros/src/knapp_amr/src/OrderOptimizer.cpp:4[m[K:
[3.012s] [01m[K/usr/include/c++/11/bits/basic_string.h:6660:3:[m[K [01;36m[Knote: [m[Kcandidate: ‘[01m[Kstd::string std::__cxx11::to_string(int)[m[K’
[3.012s]  6660 |   [01;36m[Kto_string[m[K(int __val)
[3.012s]       |   [01;36m[K^~~~~~~~~[m[K
[3.012s] [01m[K/usr/include/c++/11/bits/basic_string.h:6660:17:[m[K [01;36m[Knote: [m[K  no known conversion for argument 1 from ‘[01m[Kconst _description_type[m[K’ {aka ‘[01m[Kconst std::__cxx11::basic_string<char>[m[K’} to ‘[01m[Kint[m[K’
[3.013s]  6660 |   to_string([01;36m[Kint __val[m[K)
[3.013s]       |             [01;36m[K~~~~^~~~~[m[K
[3.013s] [01m[K/usr/include/c++/11/bits/basic_string.h:6671:3:[m[K [01;36m[Knote: [m[Kcandidate: ‘[01m[Kstd::string std::__cxx11::to_string(unsigned int)[m[K’
[3.013s]  6671 |   [01;36m[Kto_string[m[K(unsigned __val)
[3.013s]       |   [01;36m[K^~~~~~~~~[m[K
[3.013s] [01m[K/usr/include/c++/11/bits/basic_string.h:6671:22:[m[K [01;36m[Knote: [m[K  no known conversion for argument 1 from ‘[01m[Kconst _description_type[m[K’ {aka ‘[01m[Kconst std::__cxx11::basic_string<char>[m[K’} to ‘[01m[Kunsigned int[m[K’
[3.013s]  6671 |   to_string([01;36m[Kunsigned __val[m[K)
[3.013s]       |             [01;36m[K~~~~~~~~~^~~~~[m[K
[3.013s] [01m[K/usr/include/c++/11/bits/basic_string.h:6679:3:[m[K [01;36m[Knote: [m[Kcandidate: ‘[01m[Kstd::string std::__cxx11::to_string(long int)[m[K’
[3.013s]  6679 |   [01;36m[Kto_string[m[K(long __val)
[3.013s]       |   [01;36m[K^~~~~~~~~[m[K
[3.013s] [01m[K/usr/include/c++/11/bits/basic_string.h:6679:18:[m[K [01;36m[Knote: [m[K  no known conversion for argument 1 from ‘[01m[Kconst _description_type[m[K’ {aka ‘[01m[Kconst std::__cxx11::basic_string<char>[m[K’} to ‘[01m[Klong int[m[K’
[3.013s]  6679 |   to_string([01;36m[Klong __val[m[K)
[3.013s]       |             [01;36m[K~~~~~^~~~~[m[K
[3.013s] [01m[K/usr/include/c++/11/bits/basic_string.h:6690:3:[m[K [01;36m[Knote: [m[Kcandidate: ‘[01m[Kstd::string std::__cxx11::to_string(long unsigned int)[m[K’
[3.013s]  6690 |   [01;36m[Kto_string[m[K(unsigned long __val)
[3.014s]       |   [01;36m[K^~~~~~~~~[m[K
[3.014s] [01m[K/usr/include/c++/11/bits/basic_string.h:6690:27:[m[K [01;36m[Knote: [m[K  no known conversion for argument 1 from ‘[01m[Kconst _description_type[m[K’ {aka ‘[01m[Kconst std::__cxx11::basic_string<char>[m[K’} to ‘[01m[Klong unsigned int[m[K’
[3.014s]  6690 |   to_string([01;36m[Kunsigned long __val[m[K)
[3.014s]       |             [01;36m[K~~~~~~~~~~~~~~^~~~~[m[K
[3.014s] [01m[K/usr/include/c++/11/bits/basic_string.h:6698:3:[m[K [01;36m[Knote: [m[Kcandidate: ‘[01m[Kstd::string std::__cxx11::to_string(long long int)[m[K’
[3.014s]  6698 |   [01;36m[Kto_string[m[K(long long __val)
[3.014s]       |   [01;36m[K^~~~~~~~~[m[K
[3.014s] [01m[K/usr/include/c++/11/bits/basic_string.h:6698:23:[m[K [01;36m[Knote: [m[K  no known conversion for argument 1 from ‘[01m[Kconst _description_type[m[K’ {aka ‘[01m[Kconst std::__cxx11::basic_string<char>[m[K’} to ‘[01m[Klong long int[m[K’
[3.014s]  6698 |   to_string([01;36m[Klong long __val[m[K)
[3.014s]       |             [01;36m[K~~~~~~~~~~^~~~~[m[K
[3.014s] [01m[K/usr/include/c++/11/bits/basic_string.h:6710:3:[m[K [01;36m[Knote: [m[Kcandidate: ‘[01m[Kstd::string std::__cxx11::to_string(long long unsigned int)[m[K’
[3.014s]  6710 |   [01;36m[Kto_string[m[K(unsigned long long __val)
[3.014s]       |   [01;36m[K^~~~~~~~~[m[K
[3.014s] [01m[K/usr/include/c++/11/bits/basic_string.h:6710:32:[m[K [01;36m[Knote: [m[K  no known conversion for argument 1 from ‘[01m[Kconst _description_type[m[K’ {aka ‘[01m[Kconst std::__cxx11::basic_string<char>[m[K’} to ‘[01m[Klong long unsigned int[m[K’
[3.014s]  6710 |   to_string([01;36m[Kunsigned long long __val[m[K)
[3.015s]       |             [01;36m[K~~~~~~~~~~~~~~~~~~~^~~~~[m[K
[3.015s] [01m[K/usr/include/c++/11/bits/basic_string.h:6721:3:[m[K [01;36m[Knote: [m[Kcandidate: ‘[01m[Kstd::string std::__cxx11::to_string(float)[m[K’
[3.015s]  6721 |   [01;36m[Kto_string[m[K(float __val)
[3.015s]       |   [01;36m[K^~~~~~~~~[m[K
[3.015s] [01m[K/usr/include/c++/11/bits/basic_string.h:6721:19:[m[K [01;36m[Knote: [m[K  no known conversion for argument 1 from ‘[01m[Kconst _description_type[m[K’ {aka ‘[01m[Kconst std::__cxx11::basic_string<char>[m[K’} to ‘[01m[Kfloat[m[K’
[3.015s]  6721 |   to_string([01;36m[Kfloat __val[m[K)
[3.015s]       |             [01;36m[K~~~~~~^~~~~[m[K
[3.015s] [01m[K/usr/include/c++/11/bits/basic_string.h:6730:3:[m[K [01;36m[Knote: [m[Kcandidate: ‘[01m[Kstd::string std::__cxx11::to_string(double)[m[K’
[3.015s]  6730 |   [01;36m[Kto_string[m[K(double __val)
[3.015s]       |   [01;36m[K^~~~~~~~~[m[K
[3.015s] [01m[K/usr/include/c++/11/bits/basic_string.h:6730:20:[m[K [01;36m[Knote: [m[K  no known conversion for argument 1 from ‘[01m[Kconst _description_type[m[K’ {aka ‘[01m[Kconst std::__cxx11::basic_string<char>[m[K’} to ‘[01m[Kdouble[m[K’
[3.015s]  6730 |   to_string([01;36m[Kdouble __val[m[K)
[3.015s]       |             [01;36m[K~~~~~~~^~~~~[m[K
[3.015s] [01m[K/usr/include/c++/11/bits/basic_string.h:6739:3:[m[K [01;36m[Knote: [m[Kcandidate: ‘[01m[Kstd::string std::__cxx11::to_string(long double)[m[K’
[3.015s]  6739 |   [01;36m[Kto_string[m[K(long double __val)
[3.015s]       |   [01;36m[K^~~~~~~~~[m[K
[3.016s] [01m[K/usr/include/c++/11/bits/basic_string.h:6739:25:[m[K [01;36m[Knote: [m[K  no known conversion for argument 1 from ‘[01m[Kconst _description_type[m[K’ {aka ‘[01m[Kconst std::__cxx11::basic_string<char>[m[K’} to ‘[01m[Klong double[m[K’
[3.016s]  6739 |   to_string([01;36m[Klong double __val[m[K)
[3.016s]       |             [01;36m[K~~~~~~~~~~~~^~~~~[m[K
[6.521s] gmake[2]: *** [CMakeFiles/optimizer.dir/build.make:76: CMakeFiles/optimizer.dir/src/OrderOptimizer.cpp.o] Error 1
[6.523s] gmake[1]: *** [CMakeFiles/Makefile2:597: CMakeFiles/optimizer.dir/all] Error 2
[6.524s] gmake: *** [Makefile:146: all] Error 2
[6.524s] Invoked command in '/home/pietro/knapp_ros/build/knapp_amr' returned '2': CMAKE_PREFIX_PATH=/opt/ros/humble /usr/bin/cmake --build /home/pietro/knapp_ros/build/knapp_amr -- -j4 -l4
