[0.364s] DEBUG:colcon:Command line arguments: ['/usr/bin/colcon', 'list', '-p', '--base-paths', '/home/pietro/knapp_ros']
[0.364s] DEBUG:colcon:Parsed command line arguments: Namespace(log_base=None, log_level=None, verb_name='list', build_base='build', ignore_user_meta=False, metas=['./colcon.meta'], base_paths=['/home/pietro/knapp_ros'], packages_ignore=None, packages_ignore_regex=None, paths=None, packages_up_to=None, packages_up_to_regex=None, packages_above=None, packages_above_and_dependencies=None, packages_above_depth=None, packages_select_by_dep=None, packages_skip_by_dep=None, packages_skip_up_to=None, packages_select_build_failed=False, packages_skip_build_finished=False, packages_select_test_failures=False, packages_skip_test_passed=False, packages_select=None, packages_skip=None, packages_select_regex=None, packages_skip_regex=None, packages_start=None, packages_end=None, allow_overriding=[], topological_order=False, names_only=False, paths_only=True, topological_graph=False, topological_graph_dot=False, topological_graph_density=False, topological_graph_legend=False, topological_graph_dot_cluster=False, topological_graph_dot_include_skipped=False, verb_parser=<colcon_defaults.argument_parser.defaults.DefaultArgumentsDecorator object at 0x7f055bb5a800>, verb_extension=<colcon_package_information.verb.list.ListVerb object at 0x7f055bb59030>, main=<bound method ListVerb.main of <colcon_package_information.verb.list.ListVerb object at 0x7f055bb59030>>)
[0.403s] Level 1:colcon.colcon_core.package_discovery:discover_packages(colcon_meta) check parameters
[0.403s] Level 1:colcon.colcon_core.package_discovery:discover_packages(recursive) check parameters
[0.403s] Level 1:colcon.colcon_core.package_discovery:discover_packages(ignore) check parameters
[0.403s] Level 1:colcon.colcon_core.package_discovery:discover_packages(path) check parameters
[0.403s] Level 1:colcon.colcon_core.package_discovery:discover_packages(recursive) discover
[0.404s] INFO:colcon.colcon_core.package_discovery:Crawling recursively for packages in '/home/pietro/knapp_ros'
[0.404s] Level 1:colcon.colcon_core.package_identification:_identify(/home/pietro/knapp_ros) by extensions ['ignore', 'ignore_ament_install']
[0.404s] Level 1:colcon.colcon_core.package_identification:_identify(/home/pietro/knapp_ros) by extension 'ignore'
[0.404s] Level 1:colcon.colcon_core.package_identification:_identify(/home/pietro/knapp_ros) by extension 'ignore_ament_install'
[0.404s] Level 1:colcon.colcon_core.package_identification:_identify(/home/pietro/knapp_ros) by extensions ['colcon_pkg']
[0.404s] Level 1:colcon.colcon_core.package_identification:_identify(/home/pietro/knapp_ros) by extension 'colcon_pkg'
[0.404s] Level 1:colcon.colcon_core.package_identification:_identify(/home/pietro/knapp_ros) by extensions ['colcon_meta']
[0.404s] Level 1:colcon.colcon_core.package_identification:_identify(/home/pietro/knapp_ros) by extension 'colcon_meta'
[0.405s] Level 1:colcon.colcon_core.package_identification:_identify(/home/pietro/knapp_ros) by extensions ['ros']
[0.405s] Level 1:colcon.colcon_core.package_identification:_identify(/home/pietro/knapp_ros) by extension 'ros'
[0.436s] Level 1:colcon.colcon_core.package_identification:_identify(/home/pietro/knapp_ros) by extensions ['cmake', 'python']
[0.436s] Level 1:colcon.colcon_core.package_identification:_identify(/home/pietro/knapp_ros) by extension 'cmake'
[0.436s] Level 1:colcon.colcon_core.package_identification:_identify(/home/pietro/knapp_ros) by extension 'python'
[0.436s] Level 1:colcon.colcon_core.package_identification:_identify(/home/pietro/knapp_ros) by extensions ['python_setup_py']
[0.436s] Level 1:colcon.colcon_core.package_identification:_identify(/home/pietro/knapp_ros) by extension 'python_setup_py'
[0.436s] Level 1:colcon.colcon_core.package_identification:_identify(/home/pietro/knapp_ros/build) by extensions ['ignore', 'ignore_ament_install']
[0.437s] Level 1:colcon.colcon_core.package_identification:_identify(/home/pietro/knapp_ros/build) by extension 'ignore'
[0.437s] Level 1:colcon.colcon_core.package_identification:_identify(/home/pietro/knapp_ros/build) ignored
[0.437s] Level 1:colcon.colcon_core.package_identification:_identify(/home/pietro/knapp_ros/install) by extensions ['ignore', 'ignore_ament_install']
[0.437s] Level 1:colcon.colcon_core.package_identification:_identify(/home/pietro/knapp_ros/install) by extension 'ignore'
[0.437s] Level 1:colcon.colcon_core.package_identification:_identify(/home/pietro/knapp_ros/install) ignored
[0.437s] Level 1:colcon.colcon_core.package_identification:_identify(/home/pietro/knapp_ros/log) by extensions ['ignore', 'ignore_ament_install']
[0.437s] Level 1:colcon.colcon_core.package_identification:_identify(/home/pietro/knapp_ros/log) by extension 'ignore'
[0.437s] Level 1:colcon.colcon_core.package_identification:_identify(/home/pietro/knapp_ros/log) ignored
[0.437s] Level 1:colcon.colcon_core.package_identification:_identify(/home/pietro/knapp_ros/src) by extensions ['ignore', 'ignore_ament_install']
[0.437s] Level 1:colcon.colcon_core.package_identification:_identify(/home/pietro/knapp_ros/src) by extension 'ignore'
[0.437s] Level 1:colcon.colcon_core.package_identification:_identify(/home/pietro/knapp_ros/src) by extension 'ignore_ament_install'
[0.437s] Level 1:colcon.colcon_core.package_identification:_identify(/home/pietro/knapp_ros/src) by extensions ['colcon_pkg']
[0.438s] Level 1:colcon.colcon_core.package_identification:_identify(/home/pietro/knapp_ros/src) by extension 'colcon_pkg'
[0.438s] Level 1:colcon.colcon_core.package_identification:_identify(/home/pietro/knapp_ros/src) by extensions ['colcon_meta']
[0.438s] Level 1:colcon.colcon_core.package_identification:_identify(/home/pietro/knapp_ros/src) by extension 'colcon_meta'
[0.438s] Level 1:colcon.colcon_core.package_identification:_identify(/home/pietro/knapp_ros/src) by extensions ['ros']
[0.438s] Level 1:colcon.colcon_core.package_identification:_identify(/home/pietro/knapp_ros/src) by extension 'ros'
[0.438s] Level 1:colcon.colcon_core.package_identification:_identify(/home/pietro/knapp_ros/src) by extensions ['cmake', 'python']
[0.438s] Level 1:colcon.colcon_core.package_identification:_identify(/home/pietro/knapp_ros/src) by extension 'cmake'
[0.438s] Level 1:colcon.colcon_core.package_identification:_identify(/home/pietro/knapp_ros/src) by extension 'python'
[0.438s] Level 1:colcon.colcon_core.package_identification:_identify(/home/pietro/knapp_ros/src) by extensions ['python_setup_py']
[0.438s] Level 1:colcon.colcon_core.package_identification:_identify(/home/pietro/knapp_ros/src) by extension 'python_setup_py'
[0.438s] Level 1:colcon.colcon_core.package_identification:_identify(/home/pietro/knapp_ros/src/knapp_amr) by extensions ['ignore', 'ignore_ament_install']
[0.438s] Level 1:colcon.colcon_core.package_identification:_identify(/home/pietro/knapp_ros/src/knapp_amr) by extension 'ignore'
[0.438s] Level 1:colcon.colcon_core.package_identification:_identify(/home/pietro/knapp_ros/src/knapp_amr) by extension 'ignore_ament_install'
[0.439s] Level 1:colcon.colcon_core.package_identification:_identify(/home/pietro/knapp_ros/src/knapp_amr) by extensions ['colcon_pkg']
[0.439s] Level 1:colcon.colcon_core.package_identification:_identify(/home/pietro/knapp_ros/src/knapp_amr) by extension 'colcon_pkg'
[0.439s] Level 1:colcon.colcon_core.package_identification:_identify(/home/pietro/knapp_ros/src/knapp_amr) by extensions ['colcon_meta']
[0.439s] Level 1:colcon.colcon_core.package_identification:_identify(/home/pietro/knapp_ros/src/knapp_amr) by extension 'colcon_meta'
[0.439s] Level 1:colcon.colcon_core.package_identification:_identify(/home/pietro/knapp_ros/src/knapp_amr) by extensions ['ros']
[0.439s] Level 1:colcon.colcon_core.package_identification:_identify(/home/pietro/knapp_ros/src/knapp_amr) by extension 'ros'
[0.442s] DEBUG:colcon.colcon_core.package_identification:Package '/home/pietro/knapp_ros/src/knapp_amr' with type 'ros.ament_cmake' and name 'knapp_amr'
[0.442s] Level 1:colcon.colcon_core.package_discovery:discover_packages(recursive) using defaults
