[0.015s] Invoking command in '/home/pietro/knapp_ros/build/knapp_amr': CMAKE_PREFIX_PATH=/opt/ros/humble /usr/bin/cmake --build /home/pietro/knapp_ros/build/knapp_amr -- -j4 -l4
[0.039s] -- Found ament_cmake: 1.3.3 (/opt/ros/humble/share/ament_cmake/cmake)
[0.186s] -- Found geometry_msgs: 4.2.3 (/opt/ros/humble/share/geometry_msgs/cmake)
[0.216s] -- Found rosidl_generator_c: 3.1.4 (/opt/ros/humble/share/rosidl_generator_c/cmake)
[0.219s] -- Found rosidl_adapter: 3.1.4 (/opt/ros/humble/share/rosidl_adapter/cmake)
[0.225s] -- Found rosidl_generator_cpp: 3.1.4 (/opt/ros/humble/share/rosidl_generator_cpp/cmake)
[0.238s] -- Using all available rosidl_typesupport_c: rosidl_typesupport_fastrtps_c;rosidl_typesupport_introspection_c
[0.256s] -- Using all available rosidl_typesupport_cpp: rosidl_typesupport_fastrtps_cpp;rosidl_typesupport_introspection_cpp
[0.385s] -- Found rclcpp: 16.0.3 (/opt/ros/humble/share/rclcpp/cmake)
[0.438s] -- Found rmw_implementation_cmake: 6.1.1 (/opt/ros/humble/share/rmw_implementation_cmake/cmake)
[0.440s] -- Found rmw_fastrtps_cpp: 6.2.2 (/opt/ros/humble/share/rmw_fastrtps_cpp/cmake)
[0.568s] -- Using RMW implementation 'rmw_fastrtps_cpp' as default
[0.722s] -- Found rosidl_default_generators: 1.2.0 (/opt/ros/humble/share/rosidl_default_generators/cmake)
[0.731s] -- Checking for module 'yaml-cpp'
[0.876s] --   Found yaml-cpp, version 0.7.0
[1.224s] -- Found ament_cmake_ros: 0.10.0 (/opt/ros/humble/share/ament_cmake_ros/cmake)
[1.549s] -- Using all available rosidl_typesupport_c: rosidl_typesupport_fastrtps_c;rosidl_typesupport_introspection_c
[1.674s] -- Using all available rosidl_typesupport_cpp: rosidl_typesupport_fastrtps_cpp;rosidl_typesupport_introspection_cpp
[1.699s] -- Found python_cmake_module: 0.10.0 (/opt/ros/humble/share/python_cmake_module/cmake)
[1.723s] -- Using PYTHON_EXECUTABLE: /usr/bin/python3
[1.724s] -- Using PYTHON_INCLUDE_DIRS: /usr/include/python3.10
[1.724s] -- Using PYTHON_LIBRARIES: /usr/lib/x86_64-linux-gnu/libpython3.10.so
[1.738s] -- Found ament_lint_auto: 0.12.5 (/opt/ros/humble/share/ament_lint_auto/cmake)
[1.749s] -- Added test 'cppcheck' to perform static code analysis on C / C++ code
[1.749s] -- Configured cppcheck include dirs: /home/pietro/knapp_ros/src/knapp_amr/include
[1.749s] -- Configured cppcheck exclude dirs and/or files: 
[1.750s] -- Added test 'lint_cmake' to check CMake code style
[1.751s] -- Added test 'uncrustify' to check C / C++ code style
[1.752s] -- Configured uncrustify additional arguments: 
[1.752s] -- Added test 'xmllint' to check XML markup files
[1.754s] -- Configuring done
[1.803s] -- Generating done
[1.832s] -- Build files have been written to: /home/pietro/knapp_ros/build/knapp_amr
[1.873s] [35m[1mConsolidate compiler generated dependencies of target knapp_amr__rosidl_generator_c[0m
[1.883s] [35m[1mConsolidate compiler generated dependencies of target posePub[0m
[1.900s] [  2%] Built target knapp_amr__cpp
[1.919s] [ 10%] Built target knapp_amr__rosidl_generator_c
[1.925s] [ 10%] Built target ament_cmake_python_copy_knapp_amr
[1.929s] [35m[1mConsolidate compiler generated dependencies of target knapp_amr__rosidl_typesupport_cpp[0m
[1.939s] [ 16%] Built target posePub
[1.940s] [35m[1mConsolidate compiler generated dependencies of target knapp_amr__rosidl_typesupport_introspection_c[0m
[1.944s] [35m[1mConsolidate compiler generated dependencies of target knapp_amr__rosidl_typesupport_fastrtps_cpp[0m
[1.957s] [35m[1mConsolidate compiler generated dependencies of target knapp_amr__rosidl_typesupport_c[0m
[1.962s] [ 24%] Built target knapp_amr__rosidl_typesupport_cpp
[1.962s] [ 32%] Built target knapp_amr__rosidl_typesupport_introspection_c
[1.968s] [ 40%] Built target knapp_amr__rosidl_typesupport_fastrtps_cpp
[1.971s] [35m[1mConsolidate compiler generated dependencies of target knapp_amr__rosidl_typesupport_introspection_cpp[0m
[1.975s] [ 48%] Built target knapp_amr__rosidl_typesupport_c
[1.984s] [35m[1mConsolidate compiler generated dependencies of target optimizer[0m
[1.986s] [ 56%] Built target knapp_amr__rosidl_typesupport_introspection_cpp
[2.006s] [35m[1mConsolidate compiler generated dependencies of target orderPub[0m
[2.006s] [35m[1mConsolidate compiler generated dependencies of target knapp_amr__rosidl_typesupport_fastrtps_c[0m
[2.023s] [ 64%] Built target orderPub
[2.023s] [ 70%] Built target knapp_amr__rosidl_typesupport_fastrtps_c
[2.032s] [ 72%] [32mBuilding CXX object CMakeFiles/optimizer.dir/src/OrderOptimizer.cpp.o[0m
[2.071s] [ 72%] Built target knapp_amr
[2.092s] [ 75%] Built target knapp_amr__py
[2.105s] [35m[1mConsolidate compiler generated dependencies of target knapp_amr__rosidl_generator_py[0m
[2.122s] [ 81%] Built target knapp_amr__rosidl_generator_py
[2.139s] [35m[1mConsolidate compiler generated dependencies of target knapp_amr__rosidl_typesupport_introspection_c__pyext[0m
[2.151s] [35m[1mConsolidate compiler generated dependencies of target knapp_amr__rosidl_typesupport_fastrtps_c__pyext[0m
[2.165s] [ 86%] Built target knapp_amr__rosidl_typesupport_introspection_c__pyext
[2.176s] [ 91%] Built target knapp_amr__rosidl_typesupport_fastrtps_c__pyext
[2.187s] [35m[1mConsolidate compiler generated dependencies of target knapp_amr__rosidl_typesupport_c__pyext[0m
[2.201s] [ 97%] Built target knapp_amr__rosidl_typesupport_c__pyext
[2.299s] running egg_info
[2.300s] writing knapp_amr.egg-info/PKG-INFO
[2.301s] writing dependency_links to knapp_amr.egg-info/dependency_links.txt
[2.302s] writing top-level names to knapp_amr.egg-info/top_level.txt
[2.305s] reading manifest file 'knapp_amr.egg-info/SOURCES.txt'
[2.305s] writing manifest file 'knapp_amr.egg-info/SOURCES.txt'
[2.341s] [ 97%] Built target ament_cmake_python_build_knapp_amr_egg
[3.947s] gmake[2]: *** wait: No child processes.  Stop.
[3.947s] gmake[2]: *** Waiting for unfinished jobs....
[3.947s] gmake[2]: *** wait: No child processes.  Stop.
[3.948s] gmake[1]: *** wait: No child processes.  Stop.
[3.948s] gmake[1]: *** Waiting for unfinished jobs....
[3.949s] gmake[1]: *** wait: No child processes.  Stop.
[3.949s] gmake: *** [Makefile:146: all] Error 2
[3.970s] Invoked command in '/home/pietro/knapp_ros/build/knapp_amr' returned '-2': CMAKE_PREFIX_PATH=/opt/ros/humble /usr/bin/cmake --build /home/pietro/knapp_ros/build/knapp_amr -- -j4 -l4
