[  9%] Built target knapp_amr__rosidl_generator_c
[ 12%] Built target knapp_amr__cpp
[ 12%] Built target ament_cmake_python_copy_knapp_amr
[ 21%] Built target knapp_amr__rosidl_typesupport_fastrtps_c
[ 30%] Built target knapp_amr__rosidl_typesupport_introspection_c
[ 39%] Built target knapp_amr__rosidl_typesupport_introspection_cpp
[ 48%] Built target knapp_amr__rosidl_typesupport_c
[ 57%] Built target knapp_amr__rosidl_typesupport_cpp
[ 66%] Built target knapp_amr__rosidl_typesupport_fastrtps_cpp
[ 66%] Built target knapp_amr
[35m[1mConsolidate compiler generated dependencies of target optimizer[0m
[ 69%] Built target knapp_amr__py
[ 72%] [32mBuilding CXX object CMakeFiles/optimizer.dir/src/OrderOptimizer.cpp.o[0m
[ 78%] Built target knapp_amr__rosidl_generator_py
[ 84%] Built target knapp_amr__rosidl_typesupport_introspection_c__pyext
[ 90%] Built target knapp_amr__rosidl_typesupport_fastrtps_c__pyext
[ 96%] Built target knapp_amr__rosidl_typesupport_c__pyext
running egg_info
writing knapp_amr.egg-info/PKG-INFO
writing dependency_links to knapp_amr.egg-info/dependency_links.txt
writing top-level names to knapp_amr.egg-info/top_level.txt
reading manifest file 'knapp_amr.egg-info/SOURCES.txt'
writing manifest file 'knapp_amr.egg-info/SOURCES.txt'
[ 96%] Built target ament_cmake_python_build_knapp_amr_egg
In file included from [01m[K/opt/ros/humble/include/rclcpp/rclcpp/logging.hpp:24[m[K,
                 from [01m[K/opt/ros/humble/include/rclcpp/rclcpp/client.hpp:40[m[K,
                 from [01m[K/opt/ros/humble/include/rclcpp/rclcpp/callback_group.hpp:24[m[K,
                 from [01m[K/opt/ros/humble/include/rclcpp/rclcpp/any_executable.hpp:20[m[K,
                 from [01m[K/opt/ros/humble/include/rclcpp/rclcpp/memory_strategy.hpp:25[m[K,
                 from [01m[K/opt/ros/humble/include/rclcpp/rclcpp/memory_strategies.hpp:18[m[K,
                 from [01m[K/opt/ros/humble/include/rclcpp/rclcpp/executor_options.hpp:20[m[K,
                 from [01m[K/opt/ros/humble/include/rclcpp/rclcpp/executor.hpp:37[m[K,
                 from [01m[K/opt/ros/humble/include/rclcpp/rclcpp/executors/multi_threaded_executor.hpp:25[m[K,
                 from [01m[K/opt/ros/humble/include/rclcpp/rclcpp/executors.hpp:21[m[K,
                 from [01m[K/opt/ros/humble/include/rclcpp/rclcpp/rclcpp.hpp:155[m[K,
                 from [01m[K/home/pietro/knapp_ros/src/knapp_amr/src/OrderOptimizer.cpp:11[m[K:
[01m[K/home/pietro/knapp_ros/src/knapp_amr/src/OrderOptimizer.cpp:[m[K In member function ‘[01m[Kvoid OrderOptimizer::pose_callback(const PoseStamped&) const[m[K’:
[01m[K/home/pietro/knapp_ros/src/knapp_amr/src/OrderOptimizer.cpp:47:49:[m[K [01;31m[Kerror: [m[Kcannot convert ‘[01m[Kstd::string[m[K’ {aka ‘[01m[Kstd::__cxx11::basic_string<char>[m[K’} to ‘[01m[Kconst char*[m[K’
   47 |                 RCLCPP_INFO(this->get_logger(), [01;31m[Kmsgstr[m[K);
      |                                                 [01;31m[K^~~~~~[m[K
      |                                                 [01;31m[K|[m[K
      |                                                 [01;31m[Kstd::string {aka std::__cxx11::basic_string<char>}[m[K
In file included from [01m[K/opt/ros/humble/include/rmw/rmw/types.h:28[m[K,
                 from [01m[K/opt/ros/humble/include/rcl/rcl/types.h:20[m[K,
                 from [01m[K/opt/ros/humble/include/rcl/rcl/log_level.h:22[m[K,
                 from [01m[K/opt/ros/humble/include/rcl/rcl/arguments.h:21[m[K,
                 from [01m[K/opt/ros/humble/include/rcl/rcl/context.h:28[m[K,
                 from [01m[K/opt/ros/humble/include/rcl/rcl/guard_condition.h:26[m[K,
                 from [01m[K/opt/ros/humble/include/rclcpp/rclcpp/executor.hpp:30[m[K,
                 from [01m[K/opt/ros/humble/include/rclcpp/rclcpp/executors/multi_threaded_executor.hpp:25[m[K,
                 from [01m[K/opt/ros/humble/include/rclcpp/rclcpp/executors.hpp:21[m[K,
                 from [01m[K/opt/ros/humble/include/rclcpp/rclcpp/rclcpp.hpp:155[m[K,
                 from [01m[K/home/pietro/knapp_ros/src/knapp_amr/src/OrderOptimizer.cpp:11[m[K:
[01m[K/opt/ros/humble/include/rcutils/rcutils/logging.h:479:16:[m[K [01;36m[Knote: [m[K  initializing argument 4 of ‘[01m[Kvoid rcutils_log(const rcutils_log_location_t*, int, const char*, const char*, ...)[m[K’
  479 |   [01;36m[Kconst char * format[m[K,
      |   [01;36m[K~~~~~~~~~~~~~^~~~~~[m[K
gmake[2]: *** [CMakeFiles/optimizer.dir/build.make:76: CMakeFiles/optimizer.dir/src/OrderOptimizer.cpp.o] Error 1
gmake[1]: *** [CMakeFiles/Makefile2:594: CMakeFiles/optimizer.dir/all] Error 2
gmake: *** [Makefile:146: all] Error 2
