[0.014s] Invoking command in '/home/pietro/knapp_ros/build/knapp_amr': CMAKE_PREFIX_PATH=/opt/ros/humble /usr/bin/cmake --build /home/pietro/knapp_ros/build/knapp_amr -- -j4 -l4
[0.082s] [  9%] Built target knapp_amr__rosidl_generator_c
[0.093s] [ 12%] Built target knapp_amr__cpp
[0.112s] [ 12%] Built target ament_cmake_python_copy_knapp_amr
[0.129s] [ 21%] Built target knapp_amr__rosidl_typesupport_fastrtps_c
[0.139s] [ 30%] Built target knapp_amr__rosidl_typesupport_introspection_c
[0.143s] [ 39%] Built target knapp_amr__rosidl_typesupport_introspection_cpp
[0.158s] [ 48%] Built target knapp_amr__rosidl_typesupport_c
[0.170s] [ 57%] Built target knapp_amr__rosidl_typesupport_cpp
[0.180s] [ 66%] Built target knapp_amr__rosidl_typesupport_fastrtps_cpp
[0.208s] [ 66%] Built target knapp_amr
[0.226s] [35m[1mConsolidate compiler generated dependencies of target optimizer[0m
[0.241s] [ 69%] Built target knapp_amr__py
[0.248s] [ 72%] [32mBuilding CXX object CMakeFiles/optimizer.dir/src/OrderOptimizer.cpp.o[0m
[0.264s] [ 78%] Built target knapp_amr__rosidl_generator_py
[0.300s] [ 84%] Built target knapp_amr__rosidl_typesupport_introspection_c__pyext
[0.311s] [ 90%] Built target knapp_amr__rosidl_typesupport_fastrtps_c__pyext
[0.333s] [ 96%] Built target knapp_amr__rosidl_typesupport_c__pyext
[0.441s] running egg_info
[0.443s] writing knapp_amr.egg-info/PKG-INFO
[0.444s] writing dependency_links to knapp_amr.egg-info/dependency_links.txt
[0.445s] writing top-level names to knapp_amr.egg-info/top_level.txt
[0.448s] reading manifest file 'knapp_amr.egg-info/SOURCES.txt'
[0.450s] writing manifest file 'knapp_amr.egg-info/SOURCES.txt'
[0.484s] [ 96%] Built target ament_cmake_python_build_knapp_amr_egg
[2.942s] In file included from [01m[K/opt/ros/humble/include/rclcpp/rclcpp/logging.hpp:24[m[K,
[2.942s]                  from [01m[K/opt/ros/humble/include/rclcpp/rclcpp/client.hpp:40[m[K,
[2.942s]                  from [01m[K/opt/ros/humble/include/rclcpp/rclcpp/callback_group.hpp:24[m[K,
[2.942s]                  from [01m[K/opt/ros/humble/include/rclcpp/rclcpp/any_executable.hpp:20[m[K,
[2.942s]                  from [01m[K/opt/ros/humble/include/rclcpp/rclcpp/memory_strategy.hpp:25[m[K,
[2.942s]                  from [01m[K/opt/ros/humble/include/rclcpp/rclcpp/memory_strategies.hpp:18[m[K,
[2.942s]                  from [01m[K/opt/ros/humble/include/rclcpp/rclcpp/executor_options.hpp:20[m[K,
[2.942s]                  from [01m[K/opt/ros/humble/include/rclcpp/rclcpp/executor.hpp:37[m[K,
[2.942s]                  from [01m[K/opt/ros/humble/include/rclcpp/rclcpp/executors/multi_threaded_executor.hpp:25[m[K,
[2.942s]                  from [01m[K/opt/ros/humble/include/rclcpp/rclcpp/executors.hpp:21[m[K,
[2.942s]                  from [01m[K/opt/ros/humble/include/rclcpp/rclcpp/rclcpp.hpp:155[m[K,
[2.943s]                  from [01m[K/home/pietro/knapp_ros/src/knapp_amr/src/OrderOptimizer.cpp:11[m[K:
[2.943s] [01m[K/home/pietro/knapp_ros/src/knapp_amr/src/OrderOptimizer.cpp:[m[K In member function ‘[01m[Kvoid OrderOptimizer::pose_callback(const PoseStamped&) const[m[K’:
[2.943s] [01m[K/home/pietro/knapp_ros/src/knapp_amr/src/OrderOptimizer.cpp:47:49:[m[K [01;31m[Kerror: [m[Kcannot convert ‘[01m[Kstd::string[m[K’ {aka ‘[01m[Kstd::__cxx11::basic_string<char>[m[K’} to ‘[01m[Kconst char*[m[K’
[2.943s]    47 |                 RCLCPP_INFO(this->get_logger(), [01;31m[Kmsgstr[m[K);
[2.943s]       |                                                 [01;31m[K^~~~~~[m[K
[2.943s]       |                                                 [01;31m[K|[m[K
[2.943s]       |                                                 [01;31m[Kstd::string {aka std::__cxx11::basic_string<char>}[m[K
[2.943s] In file included from [01m[K/opt/ros/humble/include/rmw/rmw/types.h:28[m[K,
[2.943s]                  from [01m[K/opt/ros/humble/include/rcl/rcl/types.h:20[m[K,
[2.943s]                  from [01m[K/opt/ros/humble/include/rcl/rcl/log_level.h:22[m[K,
[2.943s]                  from [01m[K/opt/ros/humble/include/rcl/rcl/arguments.h:21[m[K,
[2.943s]                  from [01m[K/opt/ros/humble/include/rcl/rcl/context.h:28[m[K,
[2.943s]                  from [01m[K/opt/ros/humble/include/rcl/rcl/guard_condition.h:26[m[K,
[2.943s]                  from [01m[K/opt/ros/humble/include/rclcpp/rclcpp/executor.hpp:30[m[K,
[2.943s]                  from [01m[K/opt/ros/humble/include/rclcpp/rclcpp/executors/multi_threaded_executor.hpp:25[m[K,
[2.944s]                  from [01m[K/opt/ros/humble/include/rclcpp/rclcpp/executors.hpp:21[m[K,
[2.944s]                  from [01m[K/opt/ros/humble/include/rclcpp/rclcpp/rclcpp.hpp:155[m[K,
[2.944s]                  from [01m[K/home/pietro/knapp_ros/src/knapp_amr/src/OrderOptimizer.cpp:11[m[K:
[2.944s] [01m[K/opt/ros/humble/include/rcutils/rcutils/logging.h:479:16:[m[K [01;36m[Knote: [m[K  initializing argument 4 of ‘[01m[Kvoid rcutils_log(const rcutils_log_location_t*, int, const char*, const char*, ...)[m[K’
[2.944s]   479 |   [01;36m[Kconst char * format[m[K,
[2.944s]       |   [01;36m[K~~~~~~~~~~~~~^~~~~~[m[K
[5.350s] gmake[2]: *** [CMakeFiles/optimizer.dir/build.make:76: CMakeFiles/optimizer.dir/src/OrderOptimizer.cpp.o] Error 1
[5.351s] gmake[1]: *** [CMakeFiles/Makefile2:594: CMakeFiles/optimizer.dir/all] Error 2
[5.351s] gmake: *** [Makefile:146: all] Error 2
[5.353s] Invoked command in '/home/pietro/knapp_ros/build/knapp_amr' returned '2': CMAKE_PREFIX_PATH=/opt/ros/humble /usr/bin/cmake --build /home/pietro/knapp_ros/build/knapp_amr -- -j4 -l4
