[0.016s] Invoking command in '/home/pietro/knapp_ros/build/knapp_amr': CMAKE_PREFIX_PATH=/opt/ros/humble /usr/bin/cmake --build /home/pietro/knapp_ros/build/knapp_amr -- -j4 -l4
[0.070s] [  2%] Built target knapp_amr__cpp
[0.075s] [  8%] Built target posePub
[0.092s] [ 16%] Built target knapp_amr__rosidl_generator_c
[0.100s] [ 24%] Built target knapp_amr__rosidl_typesupport_fastrtps_cpp
[0.101s] [ 24%] Built target ament_cmake_python_copy_knapp_amr
[0.106s] [ 32%] Built target knapp_amr__rosidl_typesupport_cpp
[0.135s] [ 40%] Built target knapp_amr__rosidl_typesupport_introspection_cpp
[0.136s] [ 48%] Built target knapp_amr__rosidl_typesupport_fastrtps_c
[0.139s] [ 56%] Built target knapp_amr__rosidl_typesupport_c
[0.145s] [ 64%] Built target knapp_amr__rosidl_typesupport_introspection_c
[0.153s] [35m[1mConsolidate compiler generated dependencies of target optimizer[0m
[0.170s] [ 70%] Built target orderPub
[0.178s] [ 70%] Built target knapp_amr
[0.208s] [ 72%] Built target knapp_amr__py
[0.210s] [ 75%] [32mBuilding CXX object CMakeFiles/optimizer.dir/src/OrderOptimizer.cpp.o[0m
[0.232s] [ 81%] Built target knapp_amr__rosidl_generator_py
[0.258s] [ 86%] Built target knapp_amr__rosidl_typesupport_introspection_c__pyext
[0.266s] [ 91%] Built target knapp_amr__rosidl_typesupport_fastrtps_c__pyext
[0.285s] [ 97%] Built target knapp_amr__rosidl_typesupport_c__pyext
[0.412s] running egg_info
[0.413s] writing knapp_amr.egg-info/PKG-INFO
[0.413s] writing dependency_links to knapp_amr.egg-info/dependency_links.txt
[0.413s] writing top-level names to knapp_amr.egg-info/top_level.txt
[0.415s] reading manifest file 'knapp_amr.egg-info/SOURCES.txt'
[0.416s] writing manifest file 'knapp_amr.egg-info/SOURCES.txt'
[0.451s] [ 97%] Built target ament_cmake_python_build_knapp_amr_egg
[2.951s] [01m[K/home/pietro/knapp_ros/src/knapp_amr/src/OrderOptimizer.cpp:[m[K In member function ‘[01m[Kvoid OrderOptimizer::order_callback(const Order&)[m[K’:
[2.951s] [01m[K/home/pietro/knapp_ros/src/knapp_amr/src/OrderOptimizer.cpp:47:47:[m[K [01;31m[Kerror: [m[Kinvalid use of non-static member function ‘[01m[Kvoid OrderOptimizer::YamlParserOrder(const int&)[m[K’
[2.951s]    47 |                 threads.push_back(std::thread([01;31m[KYamlParserOrder[m[K, std::ref(msg.order_id)));
[2.951s]       |                                               [01;31m[K^~~~~~~~~~~~~~~[m[K
[2.951s] [01m[K/home/pietro/knapp_ros/src/knapp_amr/src/OrderOptimizer.cpp:56:14:[m[K [01;36m[Knote: [m[Kdeclared here
[2.951s]    56 |         void [01;36m[KYamlParserOrder[m[K(const int & order_id){
[2.951s]       |              [01;36m[K^~~~~~~~~~~~~~~[m[K
[6.261s] gmake[2]: *** [CMakeFiles/optimizer.dir/build.make:76: CMakeFiles/optimizer.dir/src/OrderOptimizer.cpp.o] Error 1
[6.262s] gmake[1]: *** [CMakeFiles/Makefile2:597: CMakeFiles/optimizer.dir/all] Error 2
[6.262s] gmake: *** [Makefile:146: all] Error 2
[6.264s] Invoked command in '/home/pietro/knapp_ros/build/knapp_amr' returned '2': CMAKE_PREFIX_PATH=/opt/ros/humble /usr/bin/cmake --build /home/pietro/knapp_ros/build/knapp_amr -- -j4 -l4
