[0.013s] Invoking command in '/home/pietro/knapp_ros/build/knapp_amr': CMAKE_PREFIX_PATH=/opt/ros/humble /usr/bin/cmake --build /home/pietro/knapp_ros/build/knapp_amr -- -j4 -l4
[0.039s] -- Found ament_cmake: 1.3.3 (/opt/ros/humble/share/ament_cmake/cmake)
[0.204s] -- Found geometry_msgs: 4.2.3 (/opt/ros/humble/share/geometry_msgs/cmake)
[0.238s] -- Found rosidl_generator_c: 3.1.4 (/opt/ros/humble/share/rosidl_generator_c/cmake)
[0.241s] -- Found rosidl_adapter: 3.1.4 (/opt/ros/humble/share/rosidl_adapter/cmake)
[0.249s] -- Found rosidl_generator_cpp: 3.1.4 (/opt/ros/humble/share/rosidl_generator_cpp/cmake)
[0.265s] -- Using all available rosidl_typesupport_c: rosidl_typesupport_fastrtps_c;rosidl_typesupport_introspection_c
[0.286s] -- Using all available rosidl_typesupport_cpp: rosidl_typesupport_fastrtps_cpp;rosidl_typesupport_introspection_cpp
[0.430s] -- Found rclcpp: 16.0.3 (/opt/ros/humble/share/rclcpp/cmake)
[0.485s] -- Found rmw_implementation_cmake: 6.1.1 (/opt/ros/humble/share/rmw_implementation_cmake/cmake)
[0.487s] -- Found rmw_fastrtps_cpp: 6.2.2 (/opt/ros/humble/share/rmw_fastrtps_cpp/cmake)
[0.612s] -- Using RMW implementation 'rmw_fastrtps_cpp' as default
[0.768s] -- Found rosidl_default_generators: 1.2.0 (/opt/ros/humble/share/rosidl_default_generators/cmake)
[1.037s] -- Found ament_cmake_ros: 0.10.0 (/opt/ros/humble/share/ament_cmake_ros/cmake)
[1.337s] -- Using all available rosidl_typesupport_c: rosidl_typesupport_fastrtps_c;rosidl_typesupport_introspection_c
[1.453s] -- Using all available rosidl_typesupport_cpp: rosidl_typesupport_fastrtps_cpp;rosidl_typesupport_introspection_cpp
[1.478s] -- Found python_cmake_module: 0.10.0 (/opt/ros/humble/share/python_cmake_module/cmake)
[1.500s] -- Using PYTHON_EXECUTABLE: /usr/bin/python3
[1.500s] -- Using PYTHON_INCLUDE_DIRS: /usr/include/python3.10
[1.500s] -- Using PYTHON_LIBRARIES: /usr/lib/x86_64-linux-gnu/libpython3.10.so
[1.513s] [0mCMake Deprecation Warning at /opt/ros/humble/share/rosidl_cmake/cmake/rosidl_target_interfaces.cmake:32 (message):
[1.513s]   Use rosidl_get_typesupport_target() and target_link_libraries() instead of
[1.514s]   rosidl_target_interfaces()
[1.514s] Call Stack (most recent call first):
[1.514s]   CMakeLists.txt:30 (rosidl_target_interfaces)
[1.514s] 
[1.514s] [0m
[1.514s] [0mCMake Deprecation Warning at /opt/ros/humble/share/rosidl_cmake/cmake/rosidl_target_interfaces.cmake:32 (message):
[1.514s]   Use rosidl_get_typesupport_target() and target_link_libraries() instead of
[1.514s]   rosidl_target_interfaces()
[1.514s] Call Stack (most recent call first):
[1.514s]   CMakeLists.txt:32 (rosidl_target_interfaces)
[1.514s] 
[1.514s] [0m
[1.514s] -- Found ament_lint_auto: 0.12.5 (/opt/ros/humble/share/ament_lint_auto/cmake)
[1.524s] -- Added test 'cppcheck' to perform static code analysis on C / C++ code
[1.524s] -- Configured cppcheck include dirs: 
[1.524s] -- Configured cppcheck exclude dirs and/or files: 
[1.525s] -- Added test 'lint_cmake' to check CMake code style
[1.526s] -- Added test 'uncrustify' to check C / C++ code style
[1.526s] -- Configured uncrustify additional arguments: 
[1.527s] -- Added test 'xmllint' to check XML markup files
[1.529s] -- Configuring done
[1.576s] -- Generating done
[1.581s] -- Build files have been written to: /home/pietro/knapp_ros/build/knapp_amr
[1.611s] [35m[1mConsolidate compiler generated dependencies of target posePub[0m
[1.617s] [35m[1mConsolidate compiler generated dependencies of target knapp_amr__rosidl_generator_c[0m
[1.627s] [  2%] Built target knapp_amr__cpp
[1.635s] [ 10%] Built target knapp_amr__rosidl_generator_c
[1.635s] [ 16%] Built target posePub
[1.642s] [ 16%] Built target ament_cmake_python_copy_knapp_amr
[1.645s] [35m[1mConsolidate compiler generated dependencies of target knapp_amr__rosidl_typesupport_cpp[0m
[1.647s] [35m[1mConsolidate compiler generated dependencies of target knapp_amr__rosidl_typesupport_fastrtps_cpp[0m
[1.655s] [35m[1mConsolidate compiler generated dependencies of target knapp_amr__rosidl_typesupport_c[0m
[1.658s] [35m[1mConsolidate compiler generated dependencies of target knapp_amr__rosidl_typesupport_introspection_c[0m
[1.663s] [ 24%] Built target knapp_amr__rosidl_typesupport_cpp
[1.679s] [ 32%] Built target knapp_amr__rosidl_typesupport_fastrtps_cpp
[1.698s] [ 40%] Built target knapp_amr__rosidl_typesupport_c
[1.704s] [35m[1mConsolidate compiler generated dependencies of target knapp_amr__rosidl_typesupport_introspection_cpp[0m
[1.711s] [ 48%] Built target knapp_amr__rosidl_typesupport_introspection_c
[1.724s] [35m[1mConsolidate compiler generated dependencies of target knapp_amr__rosidl_typesupport_fastrtps_c[0m
[1.748s] [ 56%] Built target knapp_amr__rosidl_typesupport_introspection_cpp
[1.755s] [ 64%] Built target knapp_amr__rosidl_typesupport_fastrtps_c
[1.786s] [ 64%] Built target knapp_amr
[1.812s] [35m[1mConsolidate compiler generated dependencies of target optimizer[0m
[1.830s] [35m[1mConsolidate compiler generated dependencies of target orderPub[0m
[1.847s] [ 67%] Built target knapp_amr__py
[1.852s] [ 72%] Built target orderPub
[1.862s] [ 78%] Built target optimizer
[1.864s] [35m[1mConsolidate compiler generated dependencies of target knapp_amr__rosidl_generator_py[0m
[1.885s] [ 83%] Built target knapp_amr__rosidl_generator_py
[1.906s] [35m[1mConsolidate compiler generated dependencies of target knapp_amr__rosidl_typesupport_fastrtps_c__pyext[0m
[1.906s] [35m[1mConsolidate compiler generated dependencies of target knapp_amr__rosidl_typesupport_c__pyext[0m
[1.906s] [35m[1mConsolidate compiler generated dependencies of target knapp_amr__rosidl_typesupport_introspection_c__pyext[0m
[1.917s] [ 89%] Built target knapp_amr__rosidl_typesupport_c__pyext
[1.928s] [100%] Built target knapp_amr__rosidl_typesupport_fastrtps_c__pyext
[1.937s] [100%] Built target knapp_amr__rosidl_typesupport_introspection_c__pyext
[2.055s] running egg_info
[2.055s] writing knapp_amr.egg-info/PKG-INFO
[2.056s] writing dependency_links to knapp_amr.egg-info/dependency_links.txt
[2.056s] writing top-level names to knapp_amr.egg-info/top_level.txt
[2.058s] reading manifest file 'knapp_amr.egg-info/SOURCES.txt'
[2.059s] writing manifest file 'knapp_amr.egg-info/SOURCES.txt'
[2.089s] [100%] Built target ament_cmake_python_build_knapp_amr_egg
[2.101s] Invoked command in '/home/pietro/knapp_ros/build/knapp_amr' returned '0': CMAKE_PREFIX_PATH=/opt/ros/humble /usr/bin/cmake --build /home/pietro/knapp_ros/build/knapp_amr -- -j4 -l4
[2.194s] Invoking command in '/home/pietro/knapp_ros/build/knapp_amr': CMAKE_PREFIX_PATH=/opt/ros/humble /usr/bin/cmake --install /home/pietro/knapp_ros/build/knapp_amr
[2.201s] -- Install configuration: ""
[2.201s] -- Up-to-date: /home/pietro/knapp_ros/install/knapp_amr/share/ament_index/resource_index/rosidl_interfaces/knapp_amr
[2.201s] -- Up-to-date: /home/pietro/knapp_ros/install/knapp_amr/include/knapp_amr/knapp_amr
[2.201s] -- Up-to-date: /home/pietro/knapp_ros/install/knapp_amr/include/knapp_amr/knapp_amr/msg
[2.201s] -- Up-to-date: /home/pietro/knapp_ros/install/knapp_amr/include/knapp_amr/knapp_amr/msg/order.h
[2.202s] -- Up-to-date: /home/pietro/knapp_ros/install/knapp_amr/include/knapp_amr/knapp_amr/msg/rosidl_generator_c__visibility_control.h
[2.202s] -- Up-to-date: /home/pietro/knapp_ros/install/knapp_amr/include/knapp_amr/knapp_amr/msg/detail
[2.202s] -- Up-to-date: /home/pietro/knapp_ros/install/knapp_amr/include/knapp_amr/knapp_amr/msg/detail/order__functions.c
[2.202s] -- Up-to-date: /home/pietro/knapp_ros/install/knapp_amr/include/knapp_amr/knapp_amr/msg/detail/order__type_support.h
[2.202s] -- Up-to-date: /home/pietro/knapp_ros/install/knapp_amr/include/knapp_amr/knapp_amr/msg/detail/order__functions.h
[2.202s] -- Up-to-date: /home/pietro/knapp_ros/install/knapp_amr/include/knapp_amr/knapp_amr/msg/detail/order__struct.h
[2.202s] -- Up-to-date: /home/pietro/knapp_ros/install/knapp_amr/share/knapp_amr/environment/library_path.sh
[2.202s] -- Installing: /home/pietro/knapp_ros/install/knapp_amr/share/knapp_amr/environment/library_path.dsv
[2.202s] -- Up-to-date: /home/pietro/knapp_ros/install/knapp_amr/lib/libknapp_amr__rosidl_generator_c.so
[2.202s] -- Up-to-date: /home/pietro/knapp_ros/install/knapp_amr/include/knapp_amr/knapp_amr
[2.202s] -- Up-to-date: /home/pietro/knapp_ros/install/knapp_amr/include/knapp_amr/knapp_amr/msg
[2.202s] -- Up-to-date: /home/pietro/knapp_ros/install/knapp_amr/include/knapp_amr/knapp_amr/msg/rosidl_typesupport_fastrtps_c__visibility_control.h
[2.203s] -- Up-to-date: /home/pietro/knapp_ros/install/knapp_amr/include/knapp_amr/knapp_amr/msg/detail
[2.203s] -- Up-to-date: /home/pietro/knapp_ros/install/knapp_amr/include/knapp_amr/knapp_amr/msg/detail/order__rosidl_typesupport_fastrtps_c.h
[2.203s] -- Up-to-date: /home/pietro/knapp_ros/install/knapp_amr/lib/libknapp_amr__rosidl_typesupport_fastrtps_c.so
[2.203s] -- Up-to-date: /home/pietro/knapp_ros/install/knapp_amr/include/knapp_amr/knapp_amr
[2.203s] -- Up-to-date: /home/pietro/knapp_ros/install/knapp_amr/include/knapp_amr/knapp_amr/msg
[2.203s] -- Up-to-date: /home/pietro/knapp_ros/install/knapp_amr/include/knapp_amr/knapp_amr/msg/order.hpp
[2.203s] -- Up-to-date: /home/pietro/knapp_ros/install/knapp_amr/include/knapp_amr/knapp_amr/msg/detail
[2.203s] -- Up-to-date: /home/pietro/knapp_ros/install/knapp_amr/include/knapp_amr/knapp_amr/msg/detail/order__builder.hpp
[2.203s] -- Up-to-date: /home/pietro/knapp_ros/install/knapp_amr/include/knapp_amr/knapp_amr/msg/detail/order__struct.hpp
[2.203s] -- Up-to-date: /home/pietro/knapp_ros/install/knapp_amr/include/knapp_amr/knapp_amr/msg/detail/order__traits.hpp
[2.203s] -- Up-to-date: /home/pietro/knapp_ros/install/knapp_amr/include/knapp_amr/knapp_amr
[2.204s] -- Up-to-date: /home/pietro/knapp_ros/install/knapp_amr/include/knapp_amr/knapp_amr/msg
[2.204s] -- Up-to-date: /home/pietro/knapp_ros/install/knapp_amr/include/knapp_amr/knapp_amr/msg/rosidl_typesupport_fastrtps_cpp__visibility_control.h
[2.204s] -- Up-to-date: /home/pietro/knapp_ros/install/knapp_amr/include/knapp_amr/knapp_amr/msg/detail
[2.204s] -- Up-to-date: /home/pietro/knapp_ros/install/knapp_amr/include/knapp_amr/knapp_amr/msg/detail/dds_fastrtps
[2.204s] -- Up-to-date: /home/pietro/knapp_ros/install/knapp_amr/include/knapp_amr/knapp_amr/msg/detail/order__rosidl_typesupport_fastrtps_cpp.hpp
[2.204s] -- Up-to-date: /home/pietro/knapp_ros/install/knapp_amr/lib/libknapp_amr__rosidl_typesupport_fastrtps_cpp.so
[2.204s] -- Up-to-date: /home/pietro/knapp_ros/install/knapp_amr/include/knapp_amr/knapp_amr
[2.204s] -- Up-to-date: /home/pietro/knapp_ros/install/knapp_amr/include/knapp_amr/knapp_amr/msg
[2.204s] -- Up-to-date: /home/pietro/knapp_ros/install/knapp_amr/include/knapp_amr/knapp_amr/msg/rosidl_typesupport_introspection_c__visibility_control.h
[2.204s] -- Up-to-date: /home/pietro/knapp_ros/install/knapp_amr/include/knapp_amr/knapp_amr/msg/detail
[2.204s] -- Up-to-date: /home/pietro/knapp_ros/install/knapp_amr/include/knapp_amr/knapp_amr/msg/detail/order__type_support.c
[2.204s] -- Up-to-date: /home/pietro/knapp_ros/install/knapp_amr/include/knapp_amr/knapp_amr/msg/detail/order__rosidl_typesupport_introspection_c.h
[2.205s] -- Up-to-date: /home/pietro/knapp_ros/install/knapp_amr/lib/libknapp_amr__rosidl_typesupport_introspection_c.so
[2.205s] -- Up-to-date: /home/pietro/knapp_ros/install/knapp_amr/lib/libknapp_amr__rosidl_typesupport_c.so
[2.205s] -- Up-to-date: /home/pietro/knapp_ros/install/knapp_amr/include/knapp_amr/knapp_amr
[2.205s] -- Up-to-date: /home/pietro/knapp_ros/install/knapp_amr/include/knapp_amr/knapp_amr/msg
[2.205s] -- Up-to-date: /home/pietro/knapp_ros/install/knapp_amr/include/knapp_amr/knapp_amr/msg/detail
[2.205s] -- Up-to-date: /home/pietro/knapp_ros/install/knapp_amr/include/knapp_amr/knapp_amr/msg/detail/order__type_support.cpp
[2.205s] -- Up-to-date: /home/pietro/knapp_ros/install/knapp_amr/include/knapp_amr/knapp_amr/msg/detail/order__rosidl_typesupport_introspection_cpp.hpp
[2.205s] -- Up-to-date: /home/pietro/knapp_ros/install/knapp_amr/lib/libknapp_amr__rosidl_typesupport_introspection_cpp.so
[2.206s] -- Up-to-date: /home/pietro/knapp_ros/install/knapp_amr/lib/libknapp_amr__rosidl_typesupport_cpp.so
[2.206s] -- Up-to-date: /home/pietro/knapp_ros/install/knapp_amr/share/knapp_amr/environment/pythonpath.sh
[2.206s] -- Installing: /home/pietro/knapp_ros/install/knapp_amr/share/knapp_amr/environment/pythonpath.dsv
[2.206s] -- Up-to-date: /home/pietro/knapp_ros/install/knapp_amr/local/lib/python3.10/dist-packages/knapp_amr-0.0.0-py3.10.egg-info
[2.206s] -- Installing: /home/pietro/knapp_ros/install/knapp_amr/local/lib/python3.10/dist-packages/knapp_amr-0.0.0-py3.10.egg-info/top_level.txt
[2.206s] -- Installing: /home/pietro/knapp_ros/install/knapp_amr/local/lib/python3.10/dist-packages/knapp_amr-0.0.0-py3.10.egg-info/dependency_links.txt
[2.206s] -- Installing: /home/pietro/knapp_ros/install/knapp_amr/local/lib/python3.10/dist-packages/knapp_amr-0.0.0-py3.10.egg-info/SOURCES.txt
[2.207s] -- Installing: /home/pietro/knapp_ros/install/knapp_amr/local/lib/python3.10/dist-packages/knapp_amr-0.0.0-py3.10.egg-info/PKG-INFO
[2.207s] -- Up-to-date: /home/pietro/knapp_ros/install/knapp_amr/local/lib/python3.10/dist-packages/knapp_amr
[2.207s] -- Up-to-date: /home/pietro/knapp_ros/install/knapp_amr/local/lib/python3.10/dist-packages/knapp_amr/_knapp_amr_s.ep.rosidl_typesupport_introspection_c.c
[2.207s] -- Up-to-date: /home/pietro/knapp_ros/install/knapp_amr/local/lib/python3.10/dist-packages/knapp_amr/libknapp_amr__rosidl_generator_py.so
[2.207s] -- Up-to-date: /home/pietro/knapp_ros/install/knapp_amr/local/lib/python3.10/dist-packages/knapp_amr/_knapp_amr_s.ep.rosidl_typesupport_fastrtps_c.c
[2.207s] -- Up-to-date: /home/pietro/knapp_ros/install/knapp_amr/local/lib/python3.10/dist-packages/knapp_amr/_knapp_amr_s.ep.rosidl_typesupport_c.c
[2.207s] -- Up-to-date: /home/pietro/knapp_ros/install/knapp_amr/local/lib/python3.10/dist-packages/knapp_amr/knapp_amr_s__rosidl_typesupport_introspection_c.cpython-310-x86_64-linux-gnu.so
[2.208s] -- Up-to-date: /home/pietro/knapp_ros/install/knapp_amr/local/lib/python3.10/dist-packages/knapp_amr/msg
[2.208s] -- Up-to-date: /home/pietro/knapp_ros/install/knapp_amr/local/lib/python3.10/dist-packages/knapp_amr/msg/_order_s.c
[2.208s] -- Up-to-date: /home/pietro/knapp_ros/install/knapp_amr/local/lib/python3.10/dist-packages/knapp_amr/msg/_order.py
[2.208s] -- Up-to-date: /home/pietro/knapp_ros/install/knapp_amr/local/lib/python3.10/dist-packages/knapp_amr/msg/__init__.py
[2.208s] -- Installing: /home/pietro/knapp_ros/install/knapp_amr/local/lib/python3.10/dist-packages/knapp_amr/__init__.py
[2.208s] -- Up-to-date: /home/pietro/knapp_ros/install/knapp_amr/local/lib/python3.10/dist-packages/knapp_amr/knapp_amr_s__rosidl_typesupport_fastrtps_c.cpython-310-x86_64-linux-gnu.so
[2.208s] -- Up-to-date: /home/pietro/knapp_ros/install/knapp_amr/local/lib/python3.10/dist-packages/knapp_amr/knapp_amr_s__rosidl_typesupport_c.cpython-310-x86_64-linux-gnu.so
[2.240s] Listing '/home/pietro/knapp_ros/install/knapp_amr/local/lib/python3.10/dist-packages/knapp_amr'...
[2.240s] Compiling '/home/pietro/knapp_ros/install/knapp_amr/local/lib/python3.10/dist-packages/knapp_amr/__init__.py'...
[2.240s] Listing '/home/pietro/knapp_ros/install/knapp_amr/local/lib/python3.10/dist-packages/knapp_amr/msg'...
[2.245s] -- Up-to-date: /home/pietro/knapp_ros/install/knapp_amr/local/lib/python3.10/dist-packages/knapp_amr/knapp_amr_s__rosidl_typesupport_fastrtps_c.cpython-310-x86_64-linux-gnu.so
[2.245s] -- Up-to-date: /home/pietro/knapp_ros/install/knapp_amr/local/lib/python3.10/dist-packages/knapp_amr/knapp_amr_s__rosidl_typesupport_introspection_c.cpython-310-x86_64-linux-gnu.so
[2.245s] -- Up-to-date: /home/pietro/knapp_ros/install/knapp_amr/local/lib/python3.10/dist-packages/knapp_amr/knapp_amr_s__rosidl_typesupport_c.cpython-310-x86_64-linux-gnu.so
[2.252s] -- Up-to-date: /home/pietro/knapp_ros/install/knapp_amr/lib/libknapp_amr__rosidl_generator_py.so
[2.252s] -- Up-to-date: /home/pietro/knapp_ros/install/knapp_amr/share/knapp_amr/msg/Order.idl
[2.252s] -- Up-to-date: /home/pietro/knapp_ros/install/knapp_amr/share/knapp_amr/msg/Order.msg
[2.252s] -- Up-to-date: /home/pietro/knapp_ros/install/knapp_amr/lib/knapp_amr/optimizer
[2.252s] -- Up-to-date: /home/pietro/knapp_ros/install/knapp_amr/lib/knapp_amr/posePub
[2.253s] -- Up-to-date: /home/pietro/knapp_ros/install/knapp_amr/lib/knapp_amr/orderPub
[2.253s] -- Up-to-date: /home/pietro/knapp_ros/install/knapp_amr/share/ament_index/resource_index/package_run_dependencies/knapp_amr
[2.253s] -- Up-to-date: /home/pietro/knapp_ros/install/knapp_amr/share/ament_index/resource_index/parent_prefix_path/knapp_amr
[2.253s] -- Up-to-date: /home/pietro/knapp_ros/install/knapp_amr/share/knapp_amr/environment/ament_prefix_path.sh
[2.253s] -- Installing: /home/pietro/knapp_ros/install/knapp_amr/share/knapp_amr/environment/ament_prefix_path.dsv
[2.253s] -- Up-to-date: /home/pietro/knapp_ros/install/knapp_amr/share/knapp_amr/environment/path.sh
[2.253s] -- Installing: /home/pietro/knapp_ros/install/knapp_amr/share/knapp_amr/environment/path.dsv
[2.253s] -- Up-to-date: /home/pietro/knapp_ros/install/knapp_amr/share/knapp_amr/local_setup.bash
[2.253s] -- Up-to-date: /home/pietro/knapp_ros/install/knapp_amr/share/knapp_amr/local_setup.sh
[2.253s] -- Up-to-date: /home/pietro/knapp_ros/install/knapp_amr/share/knapp_amr/local_setup.zsh
[2.253s] -- Installing: /home/pietro/knapp_ros/install/knapp_amr/share/knapp_amr/local_setup.dsv
[2.253s] -- Installing: /home/pietro/knapp_ros/install/knapp_amr/share/knapp_amr/package.dsv
[2.253s] -- Up-to-date: /home/pietro/knapp_ros/install/knapp_amr/share/ament_index/resource_index/packages/knapp_amr
[2.253s] -- Up-to-date: /home/pietro/knapp_ros/install/knapp_amr/share/knapp_amr/cmake/export_knapp_amr__rosidl_generator_cExport.cmake
[2.253s] -- Up-to-date: /home/pietro/knapp_ros/install/knapp_amr/share/knapp_amr/cmake/export_knapp_amr__rosidl_generator_cExport-noconfig.cmake
[2.254s] -- Up-to-date: /home/pietro/knapp_ros/install/knapp_amr/share/knapp_amr/cmake/export_knapp_amr__rosidl_typesupport_fastrtps_cExport.cmake
[2.254s] -- Up-to-date: /home/pietro/knapp_ros/install/knapp_amr/share/knapp_amr/cmake/export_knapp_amr__rosidl_typesupport_fastrtps_cExport-noconfig.cmake
[2.254s] -- Up-to-date: /home/pietro/knapp_ros/install/knapp_amr/share/knapp_amr/cmake/export_knapp_amr__rosidl_generator_cppExport.cmake
[2.254s] -- Up-to-date: /home/pietro/knapp_ros/install/knapp_amr/share/knapp_amr/cmake/export_knapp_amr__rosidl_typesupport_fastrtps_cppExport.cmake
[2.254s] -- Up-to-date: /home/pietro/knapp_ros/install/knapp_amr/share/knapp_amr/cmake/export_knapp_amr__rosidl_typesupport_fastrtps_cppExport-noconfig.cmake
[2.254s] -- Up-to-date: /home/pietro/knapp_ros/install/knapp_amr/share/knapp_amr/cmake/knapp_amr__rosidl_typesupport_introspection_cExport.cmake
[2.254s] -- Up-to-date: /home/pietro/knapp_ros/install/knapp_amr/share/knapp_amr/cmake/knapp_amr__rosidl_typesupport_introspection_cExport-noconfig.cmake
[2.254s] -- Up-to-date: /home/pietro/knapp_ros/install/knapp_amr/share/knapp_amr/cmake/knapp_amr__rosidl_typesupport_cExport.cmake
[2.254s] -- Up-to-date: /home/pietro/knapp_ros/install/knapp_amr/share/knapp_amr/cmake/knapp_amr__rosidl_typesupport_cExport-noconfig.cmake
[2.254s] -- Up-to-date: /home/pietro/knapp_ros/install/knapp_amr/share/knapp_amr/cmake/knapp_amr__rosidl_typesupport_introspection_cppExport.cmake
[2.254s] -- Up-to-date: /home/pietro/knapp_ros/install/knapp_amr/share/knapp_amr/cmake/knapp_amr__rosidl_typesupport_introspection_cppExport-noconfig.cmake
[2.254s] -- Up-to-date: /home/pietro/knapp_ros/install/knapp_amr/share/knapp_amr/cmake/knapp_amr__rosidl_typesupport_cppExport.cmake
[2.254s] -- Up-to-date: /home/pietro/knapp_ros/install/knapp_amr/share/knapp_amr/cmake/knapp_amr__rosidl_typesupport_cppExport-noconfig.cmake
[2.254s] -- Up-to-date: /home/pietro/knapp_ros/install/knapp_amr/share/knapp_amr/cmake/export_knapp_amr__rosidl_generator_pyExport.cmake
[2.254s] -- Up-to-date: /home/pietro/knapp_ros/install/knapp_amr/share/knapp_amr/cmake/export_knapp_amr__rosidl_generator_pyExport-noconfig.cmake
[2.255s] -- Up-to-date: /home/pietro/knapp_ros/install/knapp_amr/share/knapp_amr/cmake/rosidl_cmake-extras.cmake
[2.255s] -- Up-to-date: /home/pietro/knapp_ros/install/knapp_amr/share/knapp_amr/cmake/ament_cmake_export_include_directories-extras.cmake
[2.255s] -- Up-to-date: /home/pietro/knapp_ros/install/knapp_amr/share/knapp_amr/cmake/ament_cmake_export_libraries-extras.cmake
[2.255s] -- Up-to-date: /home/pietro/knapp_ros/install/knapp_amr/share/knapp_amr/cmake/ament_cmake_export_targets-extras.cmake
[2.255s] -- Up-to-date: /home/pietro/knapp_ros/install/knapp_amr/share/knapp_amr/cmake/rosidl_cmake_export_typesupport_targets-extras.cmake
[2.255s] -- Up-to-date: /home/pietro/knapp_ros/install/knapp_amr/share/knapp_amr/cmake/ament_cmake_export_dependencies-extras.cmake
[2.258s] -- Up-to-date: /home/pietro/knapp_ros/install/knapp_amr/share/knapp_amr/cmake/rosidl_cmake_export_typesupport_libraries-extras.cmake
[2.271s] -- Up-to-date: /home/pietro/knapp_ros/install/knapp_amr/share/knapp_amr/cmake/knapp_amrConfig.cmake
[2.272s] -- Up-to-date: /home/pietro/knapp_ros/install/knapp_amr/share/knapp_amr/cmake/knapp_amrConfig-version.cmake
[2.272s] -- Up-to-date: /home/pietro/knapp_ros/install/knapp_amr/share/knapp_amr/package.xml
[2.272s] Invoked command in '/home/pietro/knapp_ros/build/knapp_amr' returned '0': CMAKE_PREFIX_PATH=/opt/ros/humble /usr/bin/cmake --install /home/pietro/knapp_ros/build/knapp_amr
