[  3%] Built target knapp_amr__cpp
[ 12%] Built target knapp_amr__rosidl_typesupport_fastrtps_cpp
[ 21%] Built target knapp_amr__rosidl_generator_c
[ 30%] Built target knapp_amr__rosidl_typesupport_fastrtps_c
[ 39%] Built target knapp_amr__rosidl_typesupport_cpp
[ 48%] Built target knapp_amr__rosidl_typesupport_introspection_c
[ 57%] Built target knapp_amr__rosidl_typesupport_c
[ 66%] Built target knapp_amr__rosidl_typesupport_introspection_cpp
[ 66%] Built target knapp_amr
[ 66%] Built target ament_cmake_python_copy_knapp_amr
[ 69%] Built target knapp_amr__py
[ 75%] Built target knapp_amr__rosidl_generator_py
[35m[1mConsolidate compiler generated dependencies of target optimizer[0m
[ 78%] [32mBuilding CXX object CMakeFiles/optimizer.dir/src/OrderOptimizer.cpp.o[0m
[ 84%] Built target knapp_amr__rosidl_typesupport_fastrtps_c__pyext
[ 90%] Built target knapp_amr__rosidl_typesupport_c__pyext
[ 96%] Built target knapp_amr__rosidl_typesupport_introspection_c__pyext
running egg_info
writing knapp_amr.egg-info/PKG-INFO
writing dependency_links to knapp_amr.egg-info/dependency_links.txt
writing top-level names to knapp_amr.egg-info/top_level.txt
reading manifest file 'knapp_amr.egg-info/SOURCES.txt'
writing manifest file 'knapp_amr.egg-info/SOURCES.txt'
[ 96%] Built target ament_cmake_python_build_knapp_amr_egg
