[0.050s] Invoking command in '/home/pietro/knapp_ros/build/knapp_amr': CMAKE_PREFIX_PATH=/opt/ros/humble /usr/bin/cmake --build /home/pietro/knapp_ros/build/knapp_amr -- -j4 -l4
[0.259s] [  3%] Built target knapp_amr__cpp
[0.283s] [ 12%] Built target knapp_amr__rosidl_typesupport_fastrtps_cpp
[0.298s] [ 21%] Built target knapp_amr__rosidl_generator_c
[0.322s] [ 30%] Built target knapp_amr__rosidl_typesupport_fastrtps_c
[0.328s] [ 39%] Built target knapp_amr__rosidl_typesupport_cpp
[0.345s] [ 48%] Built target knapp_amr__rosidl_typesupport_introspection_c
[0.352s] [ 57%] Built target knapp_amr__rosidl_typesupport_c
[0.355s] [ 66%] Built target knapp_amr__rosidl_typesupport_introspection_cpp
[0.376s] [ 66%] Built target knapp_amr
[0.377s] [ 66%] Built target ament_cmake_python_copy_knapp_amr
[0.599s] [ 69%] Built target knapp_amr__py
[0.747s] [ 75%] Built target knapp_amr__rosidl_generator_py
[0.784s] [35m[1mConsolidate compiler generated dependencies of target optimizer[0m
[0.805s] [ 78%] [32mBuilding CXX object CMakeFiles/optimizer.dir/src/OrderOptimizer.cpp.o[0m
[0.857s] [ 84%] Built target knapp_amr__rosidl_typesupport_fastrtps_c__pyext
[0.909s] [ 90%] Built target knapp_amr__rosidl_typesupport_c__pyext
[0.920s] [ 96%] Built target knapp_amr__rosidl_typesupport_introspection_c__pyext
[0.939s] running egg_info
[0.943s] writing knapp_amr.egg-info/PKG-INFO
[0.943s] writing dependency_links to knapp_amr.egg-info/dependency_links.txt
[0.943s] writing top-level names to knapp_amr.egg-info/top_level.txt
[0.949s] reading manifest file 'knapp_amr.egg-info/SOURCES.txt'
[0.950s] writing manifest file 'knapp_amr.egg-info/SOURCES.txt'
[0.979s] [ 96%] Built target ament_cmake_python_build_knapp_amr_egg
[3.362s] [01m[K/home/pietro/knapp_ros/src/knapp_amr/src/OrderOptimizer.cpp:[m[K In member function ‘[01m[Kvoid OrderOptimizer::pose_callback(const PoseStamped&) const[m[K’:
[3.362s] [01m[K/home/pietro/knapp_ros/src/knapp_amr/src/OrderOptimizer.cpp:45:48:[m[K [01;31m[Kerror: [m[Kinvalid operands of types ‘[01m[Kconst char [8][m[K’ and ‘[01m[Kconst _x_type[m[K’ {aka ‘[01m[Kconst double[m[K’} to binary ‘[01m[Koperator+[m[K’
[3.362s]    45 |                 std::string msgstr = [32m[K"x pos: "[m[K [01;31m[K+[m[K [34m[Kmsg.pose.position.x[m[K + "y pos: " + msg.pose.position.y;
[3.362s]       |                                      [32m[K~~~~~~~~~[m[K [01;31m[K^[m[K [34m[K~~~~~~~~~~~~~~~~~~~[m[K
[3.362s]       |                                      [32m[K|[m[K                             [34m[K|[m[K
[3.363s]       |                                      [32m[Kconst char [8][m[K                [34m[Kconst _x_type {aka const double}[m[K
[5.809s] gmake[2]: *** [CMakeFiles/optimizer.dir/build.make:76: CMakeFiles/optimizer.dir/src/OrderOptimizer.cpp.o] Error 1
[5.809s] gmake[1]: *** [CMakeFiles/Makefile2:594: CMakeFiles/optimizer.dir/all] Error 2
[5.810s] gmake: *** [Makefile:146: all] Error 2
[5.812s] Invoked command in '/home/pietro/knapp_ros/build/knapp_amr' returned '2': CMAKE_PREFIX_PATH=/opt/ros/humble /usr/bin/cmake --build /home/pietro/knapp_ros/build/knapp_amr -- -j4 -l4
