[0.018s] Invoking command in '/home/pietro/knapp_ros/build/knapp_amr': CMAKE_PREFIX_PATH=/opt/ros/humble /usr/bin/cmake --build /home/pietro/knapp_ros/build/knapp_amr -- -j4 -l4
[0.042s] -- Found ament_cmake: 1.3.3 (/opt/ros/humble/share/ament_cmake/cmake)
[0.198s] -- Found geometry_msgs: 4.2.3 (/opt/ros/humble/share/geometry_msgs/cmake)
[0.227s] -- Found rosidl_generator_c: 3.1.4 (/opt/ros/humble/share/rosidl_generator_c/cmake)
[0.230s] -- Found rosidl_adapter: 3.1.4 (/opt/ros/humble/share/rosidl_adapter/cmake)
[0.237s] -- Found rosidl_generator_cpp: 3.1.4 (/opt/ros/humble/share/rosidl_generator_cpp/cmake)
[0.250s] -- Using all available rosidl_typesupport_c: rosidl_typesupport_fastrtps_c;rosidl_typesupport_introspection_c
[0.269s] -- Using all available rosidl_typesupport_cpp: rosidl_typesupport_fastrtps_cpp;rosidl_typesupport_introspection_cpp
[0.404s] -- Found rclcpp: 16.0.3 (/opt/ros/humble/share/rclcpp/cmake)
[0.458s] -- Found rmw_implementation_cmake: 6.1.1 (/opt/ros/humble/share/rmw_implementation_cmake/cmake)
[0.459s] -- Found rmw_fastrtps_cpp: 6.2.2 (/opt/ros/humble/share/rmw_fastrtps_cpp/cmake)
[0.589s] -- Using RMW implementation 'rmw_fastrtps_cpp' as default
[0.736s] -- Found rosidl_default_generators: 1.2.0 (/opt/ros/humble/share/rosidl_default_generators/cmake)
[0.992s] -- Found ament_cmake_ros: 0.10.0 (/opt/ros/humble/share/ament_cmake_ros/cmake)
[1.308s] -- Using all available rosidl_typesupport_c: rosidl_typesupport_fastrtps_c;rosidl_typesupport_introspection_c
[1.433s] -- Using all available rosidl_typesupport_cpp: rosidl_typesupport_fastrtps_cpp;rosidl_typesupport_introspection_cpp
[1.456s] -- Found python_cmake_module: 0.10.0 (/opt/ros/humble/share/python_cmake_module/cmake)
[1.480s] -- Using PYTHON_EXECUTABLE: /usr/bin/python3
[1.480s] -- Using PYTHON_INCLUDE_DIRS: /usr/include/python3.10
[1.480s] -- Using PYTHON_LIBRARIES: /usr/lib/x86_64-linux-gnu/libpython3.10.so
[1.492s] [31mCMake Error at CMakeLists.txt:21 (add_dependencies):
[1.492s]   Cannot add target-level dependencies to non-existent target "order.hpp".
[1.492s] 
[1.492s]   The add_dependencies works for top-level logical targets created by the
[1.492s]   add_executable, add_library, or add_custom_target commands.  If you want to
[1.493s]   add file-level dependencies see the DEPENDS option of the add_custom_target
[1.493s]   and add_custom_command commands.
[1.493s] 
[1.493s] [0m
[1.493s] -- Found ament_lint_auto: 0.12.5 (/opt/ros/humble/share/ament_lint_auto/cmake)
[1.504s] -- Added test 'cppcheck' to perform static code analysis on C / C++ code
[1.505s] -- Configured cppcheck include dirs: 
[1.505s] -- Configured cppcheck exclude dirs and/or files: 
[1.505s] -- Added test 'lint_cmake' to check CMake code style
[1.507s] -- Added test 'uncrustify' to check C / C++ code style
[1.507s] -- Configured uncrustify additional arguments: 
[1.507s] -- Added test 'xmllint' to check XML markup files
[1.509s] -- Configuring incomplete, errors occurred!
[1.510s] See also "/home/pietro/knapp_ros/build/knapp_amr/CMakeFiles/CMakeOutput.log".
[1.518s] gmake: *** [Makefile:788: cmake_check_build_system] Error 1
[1.521s] Invoked command in '/home/pietro/knapp_ros/build/knapp_amr' returned '2': CMAKE_PREFIX_PATH=/opt/ros/humble /usr/bin/cmake --build /home/pietro/knapp_ros/build/knapp_amr -- -j4 -l4
