[0.337s] DEBUG:colcon:Command line arguments: ['/usr/bin/colcon', 'build']
[0.337s] DEBUG:colcon:Parsed command line arguments: Namespace(log_base=None, log_level=None, verb_name='build', build_base='build', install_base='install', merge_install=False, symlink_install=False, test_result_base=None, continue_on_error=False, executor='parallel', parallel_workers=4, event_handlers=None, ignore_user_meta=False, metas=['./colcon.meta'], base_paths=['.'], packages_ignore=None, packages_ignore_regex=None, paths=None, packages_up_to=None, packages_up_to_regex=None, packages_above=None, packages_above_and_dependencies=None, packages_above_depth=None, packages_select_by_dep=None, packages_skip_by_dep=None, packages_skip_up_to=None, packages_select_build_failed=False, packages_skip_build_finished=False, packages_select_test_failures=False, packages_skip_test_passed=False, packages_select=None, packages_skip=None, packages_select_regex=None, packages_skip_regex=None, packages_start=None, packages_end=None, allow_overriding=[], cmake_args=None, cmake_target=None, cmake_target_skip_unavailable=False, cmake_clean_cache=False, cmake_clean_first=False, cmake_force_configure=False, ament_cmake_args=None, catkin_cmake_args=None, catkin_skip_building_tests=False, verb_parser=<colcon_defaults.argument_parser.defaults.DefaultArgumentsDecorator object at 0x7f8eb8869000>, verb_extension=<colcon_core.verb.build.BuildVerb object at 0x7f8eb8f919c0>, main=<bound method BuildVerb.main of <colcon_core.verb.build.BuildVerb object at 0x7f8eb8f919c0>>)
[0.374s] Level 1:colcon.colcon_core.package_discovery:discover_packages(colcon_meta) check parameters
[0.374s] Level 1:colcon.colcon_core.package_discovery:discover_packages(recursive) check parameters
[0.374s] Level 1:colcon.colcon_core.package_discovery:discover_packages(ignore) check parameters
[0.374s] Level 1:colcon.colcon_core.package_discovery:discover_packages(path) check parameters
[0.374s] Level 1:colcon.colcon_core.package_discovery:discover_packages(colcon_meta) discover
[0.374s] Level 1:colcon.colcon_core.package_discovery:discover_packages(recursive) discover
[0.374s] INFO:colcon.colcon_core.package_discovery:Crawling recursively for packages in '/home/pietro/knapp_ros'
[0.374s] Level 1:colcon.colcon_core.package_identification:_identify(.) by extensions ['ignore', 'ignore_ament_install']
[0.374s] Level 1:colcon.colcon_core.package_identification:_identify(.) by extension 'ignore'
[0.375s] Level 1:colcon.colcon_core.package_identification:_identify(.) by extension 'ignore_ament_install'
[0.375s] Level 1:colcon.colcon_core.package_identification:_identify(.) by extensions ['colcon_pkg']
[0.375s] Level 1:colcon.colcon_core.package_identification:_identify(.) by extension 'colcon_pkg'
[0.375s] Level 1:colcon.colcon_core.package_identification:_identify(.) by extensions ['colcon_meta']
[0.375s] Level 1:colcon.colcon_core.package_identification:_identify(.) by extension 'colcon_meta'
[0.375s] Level 1:colcon.colcon_core.package_identification:_identify(.) by extensions ['ros']
[0.375s] Level 1:colcon.colcon_core.package_identification:_identify(.) by extension 'ros'
[0.387s] Level 1:colcon.colcon_core.package_identification:_identify(.) by extensions ['cmake', 'python']
[0.387s] Level 1:colcon.colcon_core.package_identification:_identify(.) by extension 'cmake'
[0.387s] Level 1:colcon.colcon_core.package_identification:_identify(.) by extension 'python'
[0.387s] Level 1:colcon.colcon_core.package_identification:_identify(.) by extensions ['python_setup_py']
[0.387s] Level 1:colcon.colcon_core.package_identification:_identify(.) by extension 'python_setup_py'
[0.387s] Level 1:colcon.colcon_core.package_identification:_identify(build) by extensions ['ignore', 'ignore_ament_install']
[0.387s] Level 1:colcon.colcon_core.package_identification:_identify(build) by extension 'ignore'
[0.387s] Level 1:colcon.colcon_core.package_identification:_identify(build) ignored
[0.387s] Level 1:colcon.colcon_core.package_identification:_identify(install) by extensions ['ignore', 'ignore_ament_install']
[0.387s] Level 1:colcon.colcon_core.package_identification:_identify(install) by extension 'ignore'
[0.387s] Level 1:colcon.colcon_core.package_identification:_identify(install) ignored
[0.388s] Level 1:colcon.colcon_core.package_identification:_identify(log) by extensions ['ignore', 'ignore_ament_install']
[0.388s] Level 1:colcon.colcon_core.package_identification:_identify(log) by extension 'ignore'
[0.388s] Level 1:colcon.colcon_core.package_identification:_identify(log) ignored
[0.388s] Level 1:colcon.colcon_core.package_identification:_identify(src) by extensions ['ignore', 'ignore_ament_install']
[0.388s] Level 1:colcon.colcon_core.package_identification:_identify(src) by extension 'ignore'
[0.388s] Level 1:colcon.colcon_core.package_identification:_identify(src) by extension 'ignore_ament_install'
[0.388s] Level 1:colcon.colcon_core.package_identification:_identify(src) by extensions ['colcon_pkg']
[0.388s] Level 1:colcon.colcon_core.package_identification:_identify(src) by extension 'colcon_pkg'
[0.388s] Level 1:colcon.colcon_core.package_identification:_identify(src) by extensions ['colcon_meta']
[0.388s] Level 1:colcon.colcon_core.package_identification:_identify(src) by extension 'colcon_meta'
[0.388s] Level 1:colcon.colcon_core.package_identification:_identify(src) by extensions ['ros']
[0.388s] Level 1:colcon.colcon_core.package_identification:_identify(src) by extension 'ros'
[0.388s] Level 1:colcon.colcon_core.package_identification:_identify(src) by extensions ['cmake', 'python']
[0.388s] Level 1:colcon.colcon_core.package_identification:_identify(src) by extension 'cmake'
[0.389s] Level 1:colcon.colcon_core.package_identification:_identify(src) by extension 'python'
[0.389s] Level 1:colcon.colcon_core.package_identification:_identify(src) by extensions ['python_setup_py']
[0.389s] Level 1:colcon.colcon_core.package_identification:_identify(src) by extension 'python_setup_py'
[0.389s] Level 1:colcon.colcon_core.package_identification:_identify(src/knapp_amr) by extensions ['ignore', 'ignore_ament_install']
[0.389s] Level 1:colcon.colcon_core.package_identification:_identify(src/knapp_amr) by extension 'ignore'
[0.389s] Level 1:colcon.colcon_core.package_identification:_identify(src/knapp_amr) by extension 'ignore_ament_install'
[0.389s] Level 1:colcon.colcon_core.package_identification:_identify(src/knapp_amr) by extensions ['colcon_pkg']
[0.389s] Level 1:colcon.colcon_core.package_identification:_identify(src/knapp_amr) by extension 'colcon_pkg'
[0.389s] Level 1:colcon.colcon_core.package_identification:_identify(src/knapp_amr) by extensions ['colcon_meta']
[0.389s] Level 1:colcon.colcon_core.package_identification:_identify(src/knapp_amr) by extension 'colcon_meta'
[0.389s] Level 1:colcon.colcon_core.package_identification:_identify(src/knapp_amr) by extensions ['ros']
[0.389s] Level 1:colcon.colcon_core.package_identification:_identify(src/knapp_amr) by extension 'ros'
[0.392s] DEBUG:colcon.colcon_core.package_identification:Package 'src/knapp_amr' with type 'ros.ament_cmake' and name 'knapp_amr'
[0.392s] Level 1:colcon.colcon_core.package_discovery:discover_packages(recursive) using defaults
[0.392s] Level 1:colcon.colcon_core.package_discovery:discover_packages(ignore) discover
[0.392s] Level 1:colcon.colcon_core.package_discovery:discover_packages(ignore) using defaults
[0.392s] Level 1:colcon.colcon_core.package_discovery:discover_packages(path) discover
[0.392s] Level 1:colcon.colcon_core.package_discovery:discover_packages(path) using defaults
[0.415s] Level 1:colcon.colcon_core.package_discovery:discover_packages(prefix_path) check parameters
[0.416s] Level 1:colcon.colcon_core.package_discovery:discover_packages(prefix_path) discover
[0.419s] DEBUG:colcon.colcon_installed_package_information.package_discovery:Found 270 installed packages in /opt/ros/humble
[0.421s] Level 1:colcon.colcon_core.package_discovery:discover_packages(prefix_path) using defaults
[0.483s] Level 5:colcon.colcon_core.verb:set package 'knapp_amr' build argument 'cmake_args' from command line to 'None'
[0.483s] Level 5:colcon.colcon_core.verb:set package 'knapp_amr' build argument 'cmake_target' from command line to 'None'
[0.483s] Level 5:colcon.colcon_core.verb:set package 'knapp_amr' build argument 'cmake_target_skip_unavailable' from command line to 'False'
[0.483s] Level 5:colcon.colcon_core.verb:set package 'knapp_amr' build argument 'cmake_clean_cache' from command line to 'False'
[0.483s] Level 5:colcon.colcon_core.verb:set package 'knapp_amr' build argument 'cmake_clean_first' from command line to 'False'
[0.483s] Level 5:colcon.colcon_core.verb:set package 'knapp_amr' build argument 'cmake_force_configure' from command line to 'False'
[0.483s] Level 5:colcon.colcon_core.verb:set package 'knapp_amr' build argument 'ament_cmake_args' from command line to 'None'
[0.483s] Level 5:colcon.colcon_core.verb:set package 'knapp_amr' build argument 'catkin_cmake_args' from command line to 'None'
[0.483s] Level 5:colcon.colcon_core.verb:set package 'knapp_amr' build argument 'catkin_skip_building_tests' from command line to 'False'
[0.484s] DEBUG:colcon.colcon_core.verb:Building package 'knapp_amr' with the following arguments: {'ament_cmake_args': None, 'build_base': '/home/pietro/knapp_ros/build/knapp_amr', 'catkin_cmake_args': None, 'catkin_skip_building_tests': False, 'cmake_args': None, 'cmake_clean_cache': False, 'cmake_clean_first': False, 'cmake_force_configure': False, 'cmake_target': None, 'cmake_target_skip_unavailable': False, 'install_base': '/home/pietro/knapp_ros/install/knapp_amr', 'merge_install': False, 'path': '/home/pietro/knapp_ros/src/knapp_amr', 'symlink_install': False, 'test_result_base': None}
[0.484s] INFO:colcon.colcon_core.executor:Executing jobs using 'parallel' executor
[0.488s] DEBUG:colcon.colcon_parallel_executor.executor.parallel:run_until_complete
[0.488s] INFO:colcon.colcon_ros.task.ament_cmake.build:Building ROS package in '/home/pietro/knapp_ros/src/knapp_amr' with build type 'ament_cmake'
[0.488s] INFO:colcon.colcon_cmake.task.cmake.build:Building CMake package in '/home/pietro/knapp_ros/src/knapp_amr'
[0.492s] INFO:colcon.colcon_core.plugin_system:Skipping extension 'colcon_core.shell.bat': Not used on non-Windows systems
[0.493s] INFO:colcon.colcon_core.shell:Skip shell extension 'powershell' for command environment: Not usable outside of PowerShell
[0.493s] DEBUG:colcon.colcon_core.shell:Skip shell extension 'dsv' for command environment
[0.503s] DEBUG:colcon.colcon_core.event_handler.log_command:Invoking command in '/home/pietro/knapp_ros/build/knapp_amr': CMAKE_PREFIX_PATH=/opt/ros/humble /usr/bin/cmake --build /home/pietro/knapp_ros/build/knapp_amr -- -j4 -l4
[5.422s] DEBUG:colcon.colcon_core.event_handler.log_command:Invoked command in '/home/pietro/knapp_ros/build/knapp_amr' returned '0': CMAKE_PREFIX_PATH=/opt/ros/humble /usr/bin/cmake --build /home/pietro/knapp_ros/build/knapp_amr -- -j4 -l4
[5.498s] DEBUG:colcon.colcon_core.event_handler.log_command:Invoking command in '/home/pietro/knapp_ros/build/knapp_amr': CMAKE_PREFIX_PATH=/opt/ros/humble /usr/bin/cmake --install /home/pietro/knapp_ros/build/knapp_amr
[5.556s] Level 1:colcon.colcon_core.environment:create_environment_scripts_only(knapp_amr)
[5.557s] DEBUG:colcon.colcon_core.event_handler.log_command:Invoked command in '/home/pietro/knapp_ros/build/knapp_amr' returned '0': CMAKE_PREFIX_PATH=/opt/ros/humble /usr/bin/cmake --install /home/pietro/knapp_ros/build/knapp_amr
[5.561s] Level 1:colcon.colcon_core.environment:checking '/home/pietro/knapp_ros/install/knapp_amr' for CMake module files
[5.562s] Level 1:colcon.colcon_core.environment:checking '/home/pietro/knapp_ros/install/knapp_amr' for CMake config files
[5.562s] Level 1:colcon.colcon_core.shell:create_environment_hook('knapp_amr', 'cmake_prefix_path')
[5.563s] INFO:colcon.colcon_core.shell:Creating environment hook '/home/pietro/knapp_ros/install/knapp_amr/share/knapp_amr/hook/cmake_prefix_path.ps1'
[5.564s] INFO:colcon.colcon_core.shell:Creating environment descriptor '/home/pietro/knapp_ros/install/knapp_amr/share/knapp_amr/hook/cmake_prefix_path.dsv'
[5.564s] INFO:colcon.colcon_core.shell:Creating environment hook '/home/pietro/knapp_ros/install/knapp_amr/share/knapp_amr/hook/cmake_prefix_path.sh'
[5.565s] Level 1:colcon.colcon_core.environment:checking '/home/pietro/knapp_ros/install/knapp_amr/lib'
[5.565s] Level 1:colcon.colcon_core.shell:create_environment_hook('knapp_amr', 'ld_library_path_lib')
[5.566s] INFO:colcon.colcon_core.shell:Creating environment hook '/home/pietro/knapp_ros/install/knapp_amr/share/knapp_amr/hook/ld_library_path_lib.ps1'
[5.567s] INFO:colcon.colcon_core.shell:Creating environment descriptor '/home/pietro/knapp_ros/install/knapp_amr/share/knapp_amr/hook/ld_library_path_lib.dsv'
[5.567s] INFO:colcon.colcon_core.shell:Creating environment hook '/home/pietro/knapp_ros/install/knapp_amr/share/knapp_amr/hook/ld_library_path_lib.sh'
[5.567s] Level 1:colcon.colcon_core.environment:checking '/home/pietro/knapp_ros/install/knapp_amr/bin'
[5.568s] Level 1:colcon.colcon_core.environment:checking '/home/pietro/knapp_ros/install/knapp_amr/lib/pkgconfig/knapp_amr.pc'
[5.568s] Level 1:colcon.colcon_core.environment:checking '/home/pietro/knapp_ros/install/knapp_amr/lib/python3.10/site-packages'
[5.568s] Level 1:colcon.colcon_core.environment:checking '/home/pietro/knapp_ros/install/knapp_amr/bin'
[5.569s] INFO:colcon.colcon_core.shell:Creating package script '/home/pietro/knapp_ros/install/knapp_amr/share/knapp_amr/package.ps1'
[5.570s] INFO:colcon.colcon_core.shell:Creating package descriptor '/home/pietro/knapp_ros/install/knapp_amr/share/knapp_amr/package.dsv'
[5.570s] INFO:colcon.colcon_core.shell:Creating package script '/home/pietro/knapp_ros/install/knapp_amr/share/knapp_amr/package.sh'
[5.571s] INFO:colcon.colcon_core.shell:Creating package script '/home/pietro/knapp_ros/install/knapp_amr/share/knapp_amr/package.bash'
[5.572s] INFO:colcon.colcon_core.shell:Creating package script '/home/pietro/knapp_ros/install/knapp_amr/share/knapp_amr/package.zsh'
[5.573s] Level 1:colcon.colcon_core.environment:create_file_with_runtime_dependencies(/home/pietro/knapp_ros/install/knapp_amr/share/colcon-core/packages/knapp_amr)
[5.645s] Level 1:colcon.colcon_core.environment:create_environment_scripts_only(knapp_amr)
[5.647s] Level 1:colcon.colcon_core.environment:checking '/home/pietro/knapp_ros/install/knapp_amr' for CMake module files
[5.647s] Level 1:colcon.colcon_core.environment:checking '/home/pietro/knapp_ros/install/knapp_amr' for CMake config files
[5.648s] Level 1:colcon.colcon_core.shell:create_environment_hook('knapp_amr', 'cmake_prefix_path')
[5.649s] INFO:colcon.colcon_core.shell:Creating environment hook '/home/pietro/knapp_ros/install/knapp_amr/share/knapp_amr/hook/cmake_prefix_path.ps1'
[5.649s] INFO:colcon.colcon_core.shell:Creating environment descriptor '/home/pietro/knapp_ros/install/knapp_amr/share/knapp_amr/hook/cmake_prefix_path.dsv'
[5.650s] INFO:colcon.colcon_core.shell:Creating environment hook '/home/pietro/knapp_ros/install/knapp_amr/share/knapp_amr/hook/cmake_prefix_path.sh'
[5.650s] Level 1:colcon.colcon_core.environment:checking '/home/pietro/knapp_ros/install/knapp_amr/lib'
[5.651s] Level 1:colcon.colcon_core.shell:create_environment_hook('knapp_amr', 'ld_library_path_lib')
[5.652s] INFO:colcon.colcon_core.shell:Creating environment hook '/home/pietro/knapp_ros/install/knapp_amr/share/knapp_amr/hook/ld_library_path_lib.ps1'
[5.652s] INFO:colcon.colcon_core.shell:Creating environment descriptor '/home/pietro/knapp_ros/install/knapp_amr/share/knapp_amr/hook/ld_library_path_lib.dsv'
[5.653s] INFO:colcon.colcon_core.shell:Creating environment hook '/home/pietro/knapp_ros/install/knapp_amr/share/knapp_amr/hook/ld_library_path_lib.sh'
[5.653s] Level 1:colcon.colcon_core.environment:checking '/home/pietro/knapp_ros/install/knapp_amr/bin'
[5.653s] Level 1:colcon.colcon_core.environment:checking '/home/pietro/knapp_ros/install/knapp_amr/lib/pkgconfig/knapp_amr.pc'
[5.653s] Level 1:colcon.colcon_core.environment:checking '/home/pietro/knapp_ros/install/knapp_amr/lib/python3.10/site-packages'
[5.654s] Level 1:colcon.colcon_core.environment:checking '/home/pietro/knapp_ros/install/knapp_amr/bin'
[5.655s] INFO:colcon.colcon_core.shell:Creating package script '/home/pietro/knapp_ros/install/knapp_amr/share/knapp_amr/package.ps1'
[5.655s] INFO:colcon.colcon_core.shell:Creating package descriptor '/home/pietro/knapp_ros/install/knapp_amr/share/knapp_amr/package.dsv'
[5.656s] INFO:colcon.colcon_core.shell:Creating package script '/home/pietro/knapp_ros/install/knapp_amr/share/knapp_amr/package.sh'
[5.656s] INFO:colcon.colcon_core.shell:Creating package script '/home/pietro/knapp_ros/install/knapp_amr/share/knapp_amr/package.bash'
[5.657s] INFO:colcon.colcon_core.shell:Creating package script '/home/pietro/knapp_ros/install/knapp_amr/share/knapp_amr/package.zsh'
[5.657s] Level 1:colcon.colcon_core.environment:create_file_with_runtime_dependencies(/home/pietro/knapp_ros/install/knapp_amr/share/colcon-core/packages/knapp_amr)
[5.658s] DEBUG:colcon.colcon_parallel_executor.executor.parallel:closing loop
[5.658s] DEBUG:colcon.colcon_parallel_executor.executor.parallel:loop closed
[5.658s] DEBUG:colcon.colcon_parallel_executor.executor.parallel:run_until_complete finished with '0'
[5.658s] DEBUG:colcon.colcon_core.event_reactor:joining thread
[5.664s] INFO:colcon.colcon_core.plugin_system:Skipping extension 'colcon_notification.desktop_notification.terminal_notifier': Not used on non-Darwin systems
[5.664s] INFO:colcon.colcon_core.plugin_system:Skipping extension 'colcon_notification.desktop_notification.win32': Not used on non-Windows systems
[5.664s] INFO:colcon.colcon_notification.desktop_notification:Sending desktop notification using 'notify2'
[5.674s] DEBUG:colcon.colcon_core.event_reactor:joined thread
[5.676s] INFO:colcon.colcon_core.shell:Creating prefix script '/home/pietro/knapp_ros/install/local_setup.ps1'
[5.677s] INFO:colcon.colcon_core.shell:Creating prefix util module '/home/pietro/knapp_ros/install/_local_setup_util_ps1.py'
[5.679s] INFO:colcon.colcon_core.shell:Creating prefix chain script '/home/pietro/knapp_ros/install/setup.ps1'
[5.680s] INFO:colcon.colcon_core.shell:Creating prefix script '/home/pietro/knapp_ros/install/local_setup.sh'
[5.681s] INFO:colcon.colcon_core.shell:Creating prefix util module '/home/pietro/knapp_ros/install/_local_setup_util_sh.py'
[5.681s] INFO:colcon.colcon_core.shell:Creating prefix chain script '/home/pietro/knapp_ros/install/setup.sh'
[5.683s] INFO:colcon.colcon_core.shell:Creating prefix script '/home/pietro/knapp_ros/install/local_setup.bash'
[5.683s] INFO:colcon.colcon_core.shell:Creating prefix chain script '/home/pietro/knapp_ros/install/setup.bash'
[5.684s] INFO:colcon.colcon_core.shell:Creating prefix script '/home/pietro/knapp_ros/install/local_setup.zsh'
[5.685s] INFO:colcon.colcon_core.shell:Creating prefix chain script '/home/pietro/knapp_ros/install/setup.zsh'
