[  2%] Built target knapp_amr__cpp
[ 10%] Built target knapp_amr__rosidl_generator_c
[ 16%] Built target posePub
[ 16%] Built target ament_cmake_python_copy_knapp_amr
[ 24%] Built target knapp_amr__rosidl_typesupport_introspection_c
[ 32%] Built target knapp_amr__rosidl_typesupport_fastrtps_cpp
[ 40%] Built target knapp_amr__rosidl_typesupport_cpp
[ 48%] Built target knapp_amr__rosidl_typesupport_c
[ 56%] Built target knapp_amr__rosidl_typesupport_introspection_cpp
[35m[1mConsolidate compiler generated dependencies of target optimizer[0m
[ 64%] Built target knapp_amr__rosidl_typesupport_fastrtps_c
[ 67%] [32mBuilding CXX object CMakeFiles/optimizer.dir/src/OrderOptimizer.cpp.o[0m
[ 72%] Built target orderPub
[ 72%] Built target knapp_amr
[ 75%] Built target knapp_amr__py
[ 81%] Built target knapp_amr__rosidl_generator_py
[ 89%] Built target knapp_amr__rosidl_typesupport_introspection_c__pyext
[ 91%] Built target knapp_amr__rosidl_typesupport_fastrtps_c__pyext
[ 97%] Built target knapp_amr__rosidl_typesupport_c__pyext
running egg_info
writing knapp_amr.egg-info/PKG-INFO
writing dependency_links to knapp_amr.egg-info/dependency_links.txt
writing top-level names to knapp_amr.egg-info/top_level.txt
reading manifest file 'knapp_amr.egg-info/SOURCES.txt'
writing manifest file 'knapp_amr.egg-info/SOURCES.txt'
[ 97%] Built target ament_cmake_python_build_knapp_amr_egg
[100%] [32m[1mLinking CXX executable optimizer[0m
[100%] Built target optimizer
-- Install configuration: ""
-- Up-to-date: /home/pietro/knapp_ros/install/knapp_amr/share/ament_index/resource_index/rosidl_interfaces/knapp_amr
-- Up-to-date: /home/pietro/knapp_ros/install/knapp_amr/include/knapp_amr/knapp_amr
-- Up-to-date: /home/pietro/knapp_ros/install/knapp_amr/include/knapp_amr/knapp_amr/msg
-- Up-to-date: /home/pietro/knapp_ros/install/knapp_amr/include/knapp_amr/knapp_amr/msg/order.h
-- Up-to-date: /home/pietro/knapp_ros/install/knapp_amr/include/knapp_amr/knapp_amr/msg/rosidl_generator_c__visibility_control.h
-- Up-to-date: /home/pietro/knapp_ros/install/knapp_amr/include/knapp_amr/knapp_amr/msg/detail
-- Up-to-date: /home/pietro/knapp_ros/install/knapp_amr/include/knapp_amr/knapp_amr/msg/detail/order__functions.c
-- Up-to-date: /home/pietro/knapp_ros/install/knapp_amr/include/knapp_amr/knapp_amr/msg/detail/order__type_support.h
-- Up-to-date: /home/pietro/knapp_ros/install/knapp_amr/include/knapp_amr/knapp_amr/msg/detail/order__functions.h
-- Up-to-date: /home/pietro/knapp_ros/install/knapp_amr/include/knapp_amr/knapp_amr/msg/detail/order__struct.h
-- Up-to-date: /home/pietro/knapp_ros/install/knapp_amr/share/knapp_amr/environment/library_path.sh
-- Up-to-date: /home/pietro/knapp_ros/install/knapp_amr/share/knapp_amr/environment/library_path.dsv
-- Up-to-date: /home/pietro/knapp_ros/install/knapp_amr/lib/libknapp_amr__rosidl_generator_c.so
-- Up-to-date: /home/pietro/knapp_ros/install/knapp_amr/include/knapp_amr/knapp_amr
-- Up-to-date: /home/pietro/knapp_ros/install/knapp_amr/include/knapp_amr/knapp_amr/msg
-- Up-to-date: /home/pietro/knapp_ros/install/knapp_amr/include/knapp_amr/knapp_amr/msg/rosidl_typesupport_fastrtps_c__visibility_control.h
-- Up-to-date: /home/pietro/knapp_ros/install/knapp_amr/include/knapp_amr/knapp_amr/msg/detail
-- Up-to-date: /home/pietro/knapp_ros/install/knapp_amr/include/knapp_amr/knapp_amr/msg/detail/order__rosidl_typesupport_fastrtps_c.h
-- Up-to-date: /home/pietro/knapp_ros/install/knapp_amr/lib/libknapp_amr__rosidl_typesupport_fastrtps_c.so
-- Up-to-date: /home/pietro/knapp_ros/install/knapp_amr/include/knapp_amr/knapp_amr
-- Up-to-date: /home/pietro/knapp_ros/install/knapp_amr/include/knapp_amr/knapp_amr/msg
-- Up-to-date: /home/pietro/knapp_ros/install/knapp_amr/include/knapp_amr/knapp_amr/msg/order.hpp
-- Up-to-date: /home/pietro/knapp_ros/install/knapp_amr/include/knapp_amr/knapp_amr/msg/detail
-- Up-to-date: /home/pietro/knapp_ros/install/knapp_amr/include/knapp_amr/knapp_amr/msg/detail/order__builder.hpp
-- Up-to-date: /home/pietro/knapp_ros/install/knapp_amr/include/knapp_amr/knapp_amr/msg/detail/order__struct.hpp
-- Up-to-date: /home/pietro/knapp_ros/install/knapp_amr/include/knapp_amr/knapp_amr/msg/detail/order__traits.hpp
-- Up-to-date: /home/pietro/knapp_ros/install/knapp_amr/include/knapp_amr/knapp_amr
-- Up-to-date: /home/pietro/knapp_ros/install/knapp_amr/include/knapp_amr/knapp_amr/msg
-- Up-to-date: /home/pietro/knapp_ros/install/knapp_amr/include/knapp_amr/knapp_amr/msg/rosidl_typesupport_fastrtps_cpp__visibility_control.h
-- Up-to-date: /home/pietro/knapp_ros/install/knapp_amr/include/knapp_amr/knapp_amr/msg/detail
-- Up-to-date: /home/pietro/knapp_ros/install/knapp_amr/include/knapp_amr/knapp_amr/msg/detail/dds_fastrtps
-- Up-to-date: /home/pietro/knapp_ros/install/knapp_amr/include/knapp_amr/knapp_amr/msg/detail/order__rosidl_typesupport_fastrtps_cpp.hpp
-- Up-to-date: /home/pietro/knapp_ros/install/knapp_amr/lib/libknapp_amr__rosidl_typesupport_fastrtps_cpp.so
-- Up-to-date: /home/pietro/knapp_ros/install/knapp_amr/include/knapp_amr/knapp_amr
-- Up-to-date: /home/pietro/knapp_ros/install/knapp_amr/include/knapp_amr/knapp_amr/msg
-- Up-to-date: /home/pietro/knapp_ros/install/knapp_amr/include/knapp_amr/knapp_amr/msg/rosidl_typesupport_introspection_c__visibility_control.h
-- Up-to-date: /home/pietro/knapp_ros/install/knapp_amr/include/knapp_amr/knapp_amr/msg/detail
-- Up-to-date: /home/pietro/knapp_ros/install/knapp_amr/include/knapp_amr/knapp_amr/msg/detail/order__type_support.c
-- Up-to-date: /home/pietro/knapp_ros/install/knapp_amr/include/knapp_amr/knapp_amr/msg/detail/order__rosidl_typesupport_introspection_c.h
-- Up-to-date: /home/pietro/knapp_ros/install/knapp_amr/lib/libknapp_amr__rosidl_typesupport_introspection_c.so
-- Up-to-date: /home/pietro/knapp_ros/install/knapp_amr/lib/libknapp_amr__rosidl_typesupport_c.so
-- Up-to-date: /home/pietro/knapp_ros/install/knapp_amr/include/knapp_amr/knapp_amr
-- Up-to-date: /home/pietro/knapp_ros/install/knapp_amr/include/knapp_amr/knapp_amr/msg
-- Up-to-date: /home/pietro/knapp_ros/install/knapp_amr/include/knapp_amr/knapp_amr/msg/detail
-- Up-to-date: /home/pietro/knapp_ros/install/knapp_amr/include/knapp_amr/knapp_amr/msg/detail/order__type_support.cpp
-- Up-to-date: /home/pietro/knapp_ros/install/knapp_amr/include/knapp_amr/knapp_amr/msg/detail/order__rosidl_typesupport_introspection_cpp.hpp
-- Up-to-date: /home/pietro/knapp_ros/install/knapp_amr/lib/libknapp_amr__rosidl_typesupport_introspection_cpp.so
-- Up-to-date: /home/pietro/knapp_ros/install/knapp_amr/lib/libknapp_amr__rosidl_typesupport_cpp.so
-- Up-to-date: /home/pietro/knapp_ros/install/knapp_amr/share/knapp_amr/environment/pythonpath.sh
-- Up-to-date: /home/pietro/knapp_ros/install/knapp_amr/share/knapp_amr/environment/pythonpath.dsv
-- Up-to-date: /home/pietro/knapp_ros/install/knapp_amr/local/lib/python3.10/dist-packages/knapp_amr-0.0.0-py3.10.egg-info
-- Installing: /home/pietro/knapp_ros/install/knapp_amr/local/lib/python3.10/dist-packages/knapp_amr-0.0.0-py3.10.egg-info/top_level.txt
-- Installing: /home/pietro/knapp_ros/install/knapp_amr/local/lib/python3.10/dist-packages/knapp_amr-0.0.0-py3.10.egg-info/dependency_links.txt
-- Installing: /home/pietro/knapp_ros/install/knapp_amr/local/lib/python3.10/dist-packages/knapp_amr-0.0.0-py3.10.egg-info/SOURCES.txt
-- Installing: /home/pietro/knapp_ros/install/knapp_amr/local/lib/python3.10/dist-packages/knapp_amr-0.0.0-py3.10.egg-info/PKG-INFO
-- Up-to-date: /home/pietro/knapp_ros/install/knapp_amr/local/lib/python3.10/dist-packages/knapp_amr
-- Up-to-date: /home/pietro/knapp_ros/install/knapp_amr/local/lib/python3.10/dist-packages/knapp_amr/_knapp_amr_s.ep.rosidl_typesupport_introspection_c.c
-- Up-to-date: /home/pietro/knapp_ros/install/knapp_amr/local/lib/python3.10/dist-packages/knapp_amr/libknapp_amr__rosidl_generator_py.so
-- Up-to-date: /home/pietro/knapp_ros/install/knapp_amr/local/lib/python3.10/dist-packages/knapp_amr/_knapp_amr_s.ep.rosidl_typesupport_fastrtps_c.c
-- Up-to-date: /home/pietro/knapp_ros/install/knapp_amr/local/lib/python3.10/dist-packages/knapp_amr/_knapp_amr_s.ep.rosidl_typesupport_c.c
-- Up-to-date: /home/pietro/knapp_ros/install/knapp_amr/local/lib/python3.10/dist-packages/knapp_amr/knapp_amr_s__rosidl_typesupport_introspection_c.cpython-310-x86_64-linux-gnu.so
-- Up-to-date: /home/pietro/knapp_ros/install/knapp_amr/local/lib/python3.10/dist-packages/knapp_amr/msg
-- Up-to-date: /home/pietro/knapp_ros/install/knapp_amr/local/lib/python3.10/dist-packages/knapp_amr/msg/_order_s.c
-- Up-to-date: /home/pietro/knapp_ros/install/knapp_amr/local/lib/python3.10/dist-packages/knapp_amr/msg/_order.py
-- Up-to-date: /home/pietro/knapp_ros/install/knapp_amr/local/lib/python3.10/dist-packages/knapp_amr/msg/__init__.py
-- Up-to-date: /home/pietro/knapp_ros/install/knapp_amr/local/lib/python3.10/dist-packages/knapp_amr/__init__.py
-- Up-to-date: /home/pietro/knapp_ros/install/knapp_amr/local/lib/python3.10/dist-packages/knapp_amr/knapp_amr_s__rosidl_typesupport_fastrtps_c.cpython-310-x86_64-linux-gnu.so
-- Up-to-date: /home/pietro/knapp_ros/install/knapp_amr/local/lib/python3.10/dist-packages/knapp_amr/knapp_amr_s__rosidl_typesupport_c.cpython-310-x86_64-linux-gnu.so
Listing '/home/pietro/knapp_ros/install/knapp_amr/local/lib/python3.10/dist-packages/knapp_amr'...
Listing '/home/pietro/knapp_ros/install/knapp_amr/local/lib/python3.10/dist-packages/knapp_amr/msg'...
-- Up-to-date: /home/pietro/knapp_ros/install/knapp_amr/local/lib/python3.10/dist-packages/knapp_amr/knapp_amr_s__rosidl_typesupport_fastrtps_c.cpython-310-x86_64-linux-gnu.so
-- Up-to-date: /home/pietro/knapp_ros/install/knapp_amr/local/lib/python3.10/dist-packages/knapp_amr/knapp_amr_s__rosidl_typesupport_introspection_c.cpython-310-x86_64-linux-gnu.so
-- Up-to-date: /home/pietro/knapp_ros/install/knapp_amr/local/lib/python3.10/dist-packages/knapp_amr/knapp_amr_s__rosidl_typesupport_c.cpython-310-x86_64-linux-gnu.so
-- Up-to-date: /home/pietro/knapp_ros/install/knapp_amr/lib/libknapp_amr__rosidl_generator_py.so
-- Up-to-date: /home/pietro/knapp_ros/install/knapp_amr/share/knapp_amr/msg/Order.idl
-- Up-to-date: /home/pietro/knapp_ros/install/knapp_amr/share/knapp_amr/msg/Order.msg
-- Installing: /home/pietro/knapp_ros/install/knapp_amr/lib/knapp_amr/optimizer
-- Set runtime path of "/home/pietro/knapp_ros/install/knapp_amr/lib/knapp_amr/optimizer" to ""
-- Up-to-date: /home/pietro/knapp_ros/install/knapp_amr/lib/knapp_amr/posePub
-- Up-to-date: /home/pietro/knapp_ros/install/knapp_amr/lib/knapp_amr/orderPub
-- Up-to-date: /home/pietro/knapp_ros/install/knapp_amr/share/ament_index/resource_index/package_run_dependencies/knapp_amr
-- Up-to-date: /home/pietro/knapp_ros/install/knapp_amr/share/ament_index/resource_index/parent_prefix_path/knapp_amr
-- Up-to-date: /home/pietro/knapp_ros/install/knapp_amr/share/knapp_amr/environment/ament_prefix_path.sh
-- Up-to-date: /home/pietro/knapp_ros/install/knapp_amr/share/knapp_amr/environment/ament_prefix_path.dsv
-- Up-to-date: /home/pietro/knapp_ros/install/knapp_amr/share/knapp_amr/environment/path.sh
-- Up-to-date: /home/pietro/knapp_ros/install/knapp_amr/share/knapp_amr/environment/path.dsv
-- Up-to-date: /home/pietro/knapp_ros/install/knapp_amr/share/knapp_amr/local_setup.bash
-- Up-to-date: /home/pietro/knapp_ros/install/knapp_amr/share/knapp_amr/local_setup.sh
-- Up-to-date: /home/pietro/knapp_ros/install/knapp_amr/share/knapp_amr/local_setup.zsh
-- Up-to-date: /home/pietro/knapp_ros/install/knapp_amr/share/knapp_amr/local_setup.dsv
-- Installing: /home/pietro/knapp_ros/install/knapp_amr/share/knapp_amr/package.dsv
-- Up-to-date: /home/pietro/knapp_ros/install/knapp_amr/share/ament_index/resource_index/packages/knapp_amr
-- Up-to-date: /home/pietro/knapp_ros/install/knapp_amr/share/knapp_amr/cmake/export_knapp_amr__rosidl_generator_cExport.cmake
-- Up-to-date: /home/pietro/knapp_ros/install/knapp_amr/share/knapp_amr/cmake/export_knapp_amr__rosidl_generator_cExport-noconfig.cmake
-- Up-to-date: /home/pietro/knapp_ros/install/knapp_amr/share/knapp_amr/cmake/export_knapp_amr__rosidl_typesupport_fastrtps_cExport.cmake
-- Up-to-date: /home/pietro/knapp_ros/install/knapp_amr/share/knapp_amr/cmake/export_knapp_amr__rosidl_typesupport_fastrtps_cExport-noconfig.cmake
-- Up-to-date: /home/pietro/knapp_ros/install/knapp_amr/share/knapp_amr/cmake/export_knapp_amr__rosidl_generator_cppExport.cmake
-- Up-to-date: /home/pietro/knapp_ros/install/knapp_amr/share/knapp_amr/cmake/export_knapp_amr__rosidl_typesupport_fastrtps_cppExport.cmake
-- Up-to-date: /home/pietro/knapp_ros/install/knapp_amr/share/knapp_amr/cmake/export_knapp_amr__rosidl_typesupport_fastrtps_cppExport-noconfig.cmake
-- Up-to-date: /home/pietro/knapp_ros/install/knapp_amr/share/knapp_amr/cmake/knapp_amr__rosidl_typesupport_introspection_cExport.cmake
-- Up-to-date: /home/pietro/knapp_ros/install/knapp_amr/share/knapp_amr/cmake/knapp_amr__rosidl_typesupport_introspection_cExport-noconfig.cmake
-- Up-to-date: /home/pietro/knapp_ros/install/knapp_amr/share/knapp_amr/cmake/knapp_amr__rosidl_typesupport_cExport.cmake
-- Up-to-date: /home/pietro/knapp_ros/install/knapp_amr/share/knapp_amr/cmake/knapp_amr__rosidl_typesupport_cExport-noconfig.cmake
-- Up-to-date: /home/pietro/knapp_ros/install/knapp_amr/share/knapp_amr/cmake/knapp_amr__rosidl_typesupport_introspection_cppExport.cmake
-- Up-to-date: /home/pietro/knapp_ros/install/knapp_amr/share/knapp_amr/cmake/knapp_amr__rosidl_typesupport_introspection_cppExport-noconfig.cmake
-- Up-to-date: /home/pietro/knapp_ros/install/knapp_amr/share/knapp_amr/cmake/knapp_amr__rosidl_typesupport_cppExport.cmake
-- Up-to-date: /home/pietro/knapp_ros/install/knapp_amr/share/knapp_amr/cmake/knapp_amr__rosidl_typesupport_cppExport-noconfig.cmake
-- Up-to-date: /home/pietro/knapp_ros/install/knapp_amr/share/knapp_amr/cmake/export_knapp_amr__rosidl_generator_pyExport.cmake
-- Up-to-date: /home/pietro/knapp_ros/install/knapp_amr/share/knapp_amr/cmake/export_knapp_amr__rosidl_generator_pyExport-noconfig.cmake
-- Up-to-date: /home/pietro/knapp_ros/install/knapp_amr/share/knapp_amr/cmake/rosidl_cmake-extras.cmake
-- Up-to-date: /home/pietro/knapp_ros/install/knapp_amr/share/knapp_amr/cmake/ament_cmake_export_include_directories-extras.cmake
-- Up-to-date: /home/pietro/knapp_ros/install/knapp_amr/share/knapp_amr/cmake/ament_cmake_export_libraries-extras.cmake
-- Up-to-date: /home/pietro/knapp_ros/install/knapp_amr/share/knapp_amr/cmake/ament_cmake_export_targets-extras.cmake
-- Up-to-date: /home/pietro/knapp_ros/install/knapp_amr/share/knapp_amr/cmake/rosidl_cmake_export_typesupport_targets-extras.cmake
-- Up-to-date: /home/pietro/knapp_ros/install/knapp_amr/share/knapp_amr/cmake/ament_cmake_export_dependencies-extras.cmake
-- Up-to-date: /home/pietro/knapp_ros/install/knapp_amr/share/knapp_amr/cmake/rosidl_cmake_export_typesupport_libraries-extras.cmake
-- Up-to-date: /home/pietro/knapp_ros/install/knapp_amr/share/knapp_amr/cmake/knapp_amrConfig.cmake
-- Up-to-date: /home/pietro/knapp_ros/install/knapp_amr/share/knapp_amr/cmake/knapp_amrConfig-version.cmake
-- Up-to-date: /home/pietro/knapp_ros/install/knapp_amr/share/knapp_amr/package.xml
