[  0%] Built target ament_cmake_python_copy_knapp_amr
[  8%] Built target knapp_amr__rosidl_generator_c
[ 10%] Built target knapp_amr__cpp
[ 16%] Built target posePub
[ 27%] Built target knapp_amr__rosidl_typesupport_c
[ 32%] Built target knapp_amr__rosidl_typesupport_fastrtps_c
[ 40%] Built target knapp_amr__rosidl_typesupport_introspection_c
[ 48%] Built target knapp_amr__rosidl_typesupport_fastrtps_cpp
[ 59%] Built target knapp_amr__rosidl_typesupport_cpp
[ 64%] Built target knapp_amr__rosidl_typesupport_introspection_cpp
[35m[1mConsolidate compiler generated dependencies of target optimizer[0m
[ 64%] Built target knapp_amr
[ 70%] [32mBuilding CXX object CMakeFiles/optimizer.dir/src/OrderOptimizer.cpp.o[0m
[ 72%] Built target orderPub
[ 75%] Built target knapp_amr__py
[ 81%] Built target knapp_amr__rosidl_generator_py
[ 86%] Built target knapp_amr__rosidl_typesupport_introspection_c__pyext
[ 91%] Built target knapp_amr__rosidl_typesupport_fastrtps_c__pyext
[ 97%] Built target knapp_amr__rosidl_typesupport_c__pyext
running egg_info
writing knapp_amr.egg-info/PKG-INFO
writing dependency_links to knapp_amr.egg-info/dependency_links.txt
writing top-level names to knapp_amr.egg-info/top_level.txt
reading manifest file 'knapp_amr.egg-info/SOURCES.txt'
writing manifest file 'knapp_amr.egg-info/SOURCES.txt'
[ 97%] Built target ament_cmake_python_build_knapp_amr_egg
gmake[2]: *** [CMakeFiles/optimizer.dir/build.make:76: CMakeFiles/optimizer.dir/src/OrderOptimizer.cpp.o] Interrupt
gmake[1]: *** [CMakeFiles/Makefile2:597: CMakeFiles/optimizer.dir/all] Interrupt
gmake: *** [Makefile:146: all] Interrupt
