[0.013s] Invoking command in '/home/pietro/knapp_ros/build/knapp_amr': CMAKE_PREFIX_PATH=/opt/ros/humble /usr/bin/cmake --build /home/pietro/knapp_ros/build/knapp_amr -- -j4 -l4
[0.089s] [  0%] Built target ament_cmake_python_copy_knapp_amr
[0.094s] [  8%] Built target knapp_amr__rosidl_generator_c
[0.098s] [ 10%] Built target knapp_amr__cpp
[0.099s] [ 16%] Built target posePub
[0.130s] [ 27%] Built target knapp_amr__rosidl_typesupport_c
[0.130s] [ 32%] Built target knapp_amr__rosidl_typesupport_fastrtps_c
[0.137s] [ 40%] Built target knapp_amr__rosidl_typesupport_introspection_c
[0.172s] [ 48%] Built target knapp_amr__rosidl_typesupport_fastrtps_cpp
[0.178s] [ 59%] Built target knapp_amr__rosidl_typesupport_cpp
[0.179s] [ 64%] Built target knapp_amr__rosidl_typesupport_introspection_cpp
[0.193s] [35m[1mConsolidate compiler generated dependencies of target optimizer[0m
[0.219s] [ 64%] Built target knapp_amr
[0.230s] [ 70%] [32mBuilding CXX object CMakeFiles/optimizer.dir/src/OrderOptimizer.cpp.o[0m
[0.231s] [ 72%] Built target orderPub
[0.250s] [ 75%] Built target knapp_amr__py
[0.273s] [ 81%] Built target knapp_amr__rosidl_generator_py
[0.318s] [ 86%] Built target knapp_amr__rosidl_typesupport_introspection_c__pyext
[0.335s] [ 91%] Built target knapp_amr__rosidl_typesupport_fastrtps_c__pyext
[0.372s] [ 97%] Built target knapp_amr__rosidl_typesupport_c__pyext
[0.482s] running egg_info
[0.482s] writing knapp_amr.egg-info/PKG-INFO
[0.482s] writing dependency_links to knapp_amr.egg-info/dependency_links.txt
[0.482s] writing top-level names to knapp_amr.egg-info/top_level.txt
[0.487s] reading manifest file 'knapp_amr.egg-info/SOURCES.txt'
[0.488s] writing manifest file 'knapp_amr.egg-info/SOURCES.txt'
[0.526s] [ 97%] Built target ament_cmake_python_build_knapp_amr_egg
[13.067s] gmake[2]: *** [CMakeFiles/optimizer.dir/build.make:76: CMakeFiles/optimizer.dir/src/OrderOptimizer.cpp.o] Interrupt
[13.069s] gmake[1]: *** [CMakeFiles/Makefile2:597: CMakeFiles/optimizer.dir/all] Interrupt
[13.069s] gmake: *** [Makefile:146: all] Interrupt
[13.593s] Invoked command in '/home/pietro/knapp_ros/build/knapp_amr' returned '-2': CMAKE_PREFIX_PATH=/opt/ros/humble /usr/bin/cmake --build /home/pietro/knapp_ros/build/knapp_amr -- -j4 -l4
