[0.015s] Invoking command in '/home/pietro/knapp_ros/build/knapp_amr': CMAKE_PREFIX_PATH=/opt/ros/humble /usr/bin/cmake --build /home/pietro/knapp_ros/build/knapp_amr -- -j4 -l4
[0.077s] [  2%] Built target knapp_amr__cpp
[0.077s] [  8%] Built target posePub
[0.087s] [ 10%] Built target ament_cmake_python_copy_knapp_amr
[0.088s] [ 16%] Built target knapp_amr__rosidl_generator_c
[0.110s] [ 24%] Built target knapp_amr__rosidl_typesupport_cpp
[0.114s] [ 32%] Built target knapp_amr__rosidl_typesupport_fastrtps_c
[0.116s] [ 40%] Built target knapp_amr__rosidl_typesupport_fastrtps_cpp
[0.126s] [ 48%] Built target knapp_amr__rosidl_typesupport_introspection_cpp
[0.144s] [35m[1mConsolidate compiler generated dependencies of target optimizer[0m
[0.146s] [ 56%] Built target knapp_amr__rosidl_typesupport_introspection_c
[0.151s] [ 64%] Built target knapp_amr__rosidl_typesupport_c
[0.168s] [ 67%] [32mBuilding CXX object CMakeFiles/optimizer.dir/src/OrderOptimizer.cpp.o[0m
[0.181s] [ 72%] Built target orderPub
[0.192s] [ 72%] Built target knapp_amr
[0.216s] [ 75%] Built target knapp_amr__py
[0.242s] [ 81%] Built target knapp_amr__rosidl_generator_py
[0.264s] [ 86%] Built target knapp_amr__rosidl_typesupport_fastrtps_c__pyext
[0.267s] [ 91%] Built target knapp_amr__rosidl_typesupport_introspection_c__pyext
[0.288s] [ 97%] Built target knapp_amr__rosidl_typesupport_c__pyext
[0.401s] running egg_info
[0.401s] writing knapp_amr.egg-info/PKG-INFO
[0.401s] writing dependency_links to knapp_amr.egg-info/dependency_links.txt
[0.401s] writing top-level names to knapp_amr.egg-info/top_level.txt
[0.403s] reading manifest file 'knapp_amr.egg-info/SOURCES.txt'
[0.406s] writing manifest file 'knapp_amr.egg-info/SOURCES.txt'
[0.461s] [ 97%] Built target ament_cmake_python_build_knapp_amr_egg
[2.978s] [01m[K/home/pietro/knapp_ros/src/knapp_amr/src/OrderOptimizer.cpp:[m[K In member function ‘[01m[Kvoid OrderOptimizer::order_callback(const Order&)[m[K’:
[2.978s] [01m[K/home/pietro/knapp_ros/src/knapp_amr/src/OrderOptimizer.cpp:55:29:[m[K [01;31m[Kerror: [m[Kredeclaration of ‘[01m[Kstd::string msgstr[m[K’
[2.978s]    55 |                 std::string [01;31m[Kmsgstr[m[K = "products size: " + std::to_string(products.size());
[2.978s]       |                             [01;31m[K^~~~~~[m[K
[2.978s] [01m[K/home/pietro/knapp_ros/src/knapp_amr/src/OrderOptimizer.cpp:43:29:[m[K [01;36m[Knote: [m[K‘[01m[Kstd::string msgstr[m[K’ previously declared here
[2.978s]    43 |                 std::string [01;36m[Kmsgstr[m[K = "obtained order id: " + std::to_string(msg.order_id);
[2.979s]       |                             [01;36m[K^~~~~~[m[K
[6.542s] gmake[2]: *** [CMakeFiles/optimizer.dir/build.make:76: CMakeFiles/optimizer.dir/src/OrderOptimizer.cpp.o] Error 1
[6.543s] gmake[1]: *** [CMakeFiles/Makefile2:597: CMakeFiles/optimizer.dir/all] Error 2
[6.543s] gmake: *** [Makefile:146: all] Error 2
[6.545s] Invoked command in '/home/pietro/knapp_ros/build/knapp_amr' returned '2': CMAKE_PREFIX_PATH=/opt/ros/humble /usr/bin/cmake --build /home/pietro/knapp_ros/build/knapp_amr -- -j4 -l4
