-- The C compiler identification is GNU 11.3.0
-- The CXX compiler identification is GNU 11.3.0
-- Detecting C compiler ABI info
-- Detecting C compiler ABI info - done
-- Check for working C compiler: /usr/bin/cc - skipped
-- Detecting C compile features
-- Detecting C compile features - done
-- Detecting CXX compiler ABI info
-- Detecting CXX compiler ABI info - done
-- Check for working CXX compiler: /usr/bin/c++ - skipped
-- Detecting CXX compile features
-- Detecting CXX compile features - done
-- Found ament_cmake: 1.3.3 (/opt/ros/humble/share/ament_cmake/cmake)
-- Found Python3: /usr/bin/python3.10 (found version "3.10.6") found components: Interpreter 
-- Found rosidl_default_generators: 1.2.0 (/opt/ros/humble/share/rosidl_default_generators/cmake)
-- Using all available rosidl_typesupport_c: rosidl_typesupport_fastrtps_c;rosidl_typesupport_introspection_c
-- Found rosidl_adapter: 3.1.4 (/opt/ros/humble/share/rosidl_adapter/cmake)
-- Using all available rosidl_typesupport_cpp: rosidl_typesupport_fastrtps_cpp;rosidl_typesupport_introspection_cpp
-- Found ament_cmake_ros: 0.10.0 (/opt/ros/humble/share/ament_cmake_ros/cmake)
-- Using all available rosidl_typesupport_c: rosidl_typesupport_fastrtps_c;rosidl_typesupport_introspection_c
-- Using all available rosidl_typesupport_cpp: rosidl_typesupport_fastrtps_cpp;rosidl_typesupport_introspection_cpp
-- Found PythonInterp: /usr/bin/python3 (found suitable version "3.10.6", minimum required is "3.6") 
-- Found python_cmake_module: 0.10.0 (/opt/ros/humble/share/python_cmake_module/cmake)
-- Found PythonLibs: /usr/lib/x86_64-linux-gnu/libpython3.10.so (found suitable version "3.10.6", minimum required is "3.5") 
-- Using PYTHON_EXECUTABLE: /usr/bin/python3
-- Using PYTHON_INCLUDE_DIRS: /usr/include/python3.10
-- Using PYTHON_LIBRARIES: /usr/lib/x86_64-linux-gnu/libpython3.10.so
-- Found PythonExtra: .so  
-- Found ament_lint_auto: 0.12.5 (/opt/ros/humble/share/ament_lint_auto/cmake)
-- Added test 'cppcheck' to perform static code analysis on C / C++ code
-- Configured cppcheck include dirs: 
-- Configured cppcheck exclude dirs and/or files: 
-- Added test 'lint_cmake' to check CMake code style
-- Added test 'uncrustify' to check C / C++ code style
-- Configured uncrustify additional arguments: 
-- Added test 'xmllint' to check XML markup files
-- Configuring done
-- Generating done
-- Build files have been written to: /home/pietro/knapp_ros/build/knapp_amr
[  3%] [34m[1mGenerating C code for ROS interfaces[0m
[  6%] [34m[1mGenerating C++ code for ROS interfaces[0m
[  6%] Built target ament_cmake_python_copy_knapp_amr
[  6%] Built target knapp_amr__cpp
[ 16%] [34m[1mGenerating C++ introspection for ROS interfaces[0m
[ 16%] [34m[1mGenerating C++ type support for eProsima Fast-RTPS[0m
[ 16%] [32mBuilding C object CMakeFiles/knapp_amr__rosidl_generator_c.dir/rosidl_generator_c/knapp_amr/msg/detail/order__functions.c.o[0m
running egg_info
creating knapp_amr.egg-info
writing knapp_amr.egg-info/PKG-INFO
writing dependency_links to knapp_amr.egg-info/dependency_links.txt
writing top-level names to knapp_amr.egg-info/top_level.txt
writing manifest file 'knapp_amr.egg-info/SOURCES.txt'
reading manifest file 'knapp_amr.egg-info/SOURCES.txt'
writing manifest file 'knapp_amr.egg-info/SOURCES.txt'
[ 19%] [32m[1mLinking C shared library libknapp_amr__rosidl_generator_c.so[0m
[ 19%] Built target ament_cmake_python_build_knapp_amr_egg
[ 22%] [34m[1mGenerating C++ type support dispatch for ROS interfaces[0m
[ 22%] Built target knapp_amr__rosidl_generator_c
[ 25%] [34m[1mGenerating C type support for eProsima Fast-RTPS[0m
[ 29%] [32mBuilding CXX object CMakeFiles/knapp_amr__rosidl_typesupport_introspection_cpp.dir/rosidl_typesupport_introspection_cpp/knapp_amr/msg/detail/order__type_support.cpp.o[0m
[ 32%] [32mBuilding CXX object CMakeFiles/knapp_amr__rosidl_typesupport_fastrtps_cpp.dir/rosidl_typesupport_fastrtps_cpp/knapp_amr/msg/detail/dds_fastrtps/order__type_support.cpp.o[0m
[ 35%] [32mBuilding CXX object CMakeFiles/knapp_amr__rosidl_typesupport_cpp.dir/rosidl_typesupport_cpp/knapp_amr/msg/order__type_support.cpp.o[0m
[ 38%] [32mBuilding CXX object CMakeFiles/knapp_amr__rosidl_typesupport_fastrtps_c.dir/rosidl_typesupport_fastrtps_c/knapp_amr/msg/detail/order__type_support_c.cpp.o[0m
[ 41%] [32m[1mLinking CXX shared library libknapp_amr__rosidl_typesupport_cpp.so[0m
[ 41%] Built target knapp_amr__rosidl_typesupport_cpp
[ 45%] [34m[1mGenerating C introspection for ROS interfaces[0m
[ 48%] [32m[1mLinking CXX shared library libknapp_amr__rosidl_typesupport_introspection_cpp.so[0m
[ 51%] [32m[1mLinking CXX shared library libknapp_amr__rosidl_typesupport_fastrtps_cpp.so[0m
[ 51%] Built target knapp_amr__rosidl_typesupport_introspection_cpp
[ 54%] [34m[1mGenerating C type support dispatch for ROS interfaces[0m
[ 58%] [32m[1mLinking CXX shared library libknapp_amr__rosidl_typesupport_fastrtps_c.so[0m
[ 58%] Built target knapp_amr__rosidl_typesupport_fastrtps_cpp
[ 58%] Built target knapp_amr__rosidl_typesupport_fastrtps_c
[ 61%] [32mBuilding C object CMakeFiles/knapp_amr__rosidl_typesupport_introspection_c.dir/rosidl_typesupport_introspection_c/knapp_amr/msg/detail/order__type_support.c.o[0m
[ 64%] [32m[1mLinking C shared library libknapp_amr__rosidl_typesupport_introspection_c.so[0m
[ 67%] [32mBuilding CXX object CMakeFiles/knapp_amr__rosidl_typesupport_c.dir/rosidl_typesupport_c/knapp_amr/msg/order__type_support.cpp.o[0m
[ 67%] Built target knapp_amr__rosidl_typesupport_introspection_c
[ 70%] [32m[1mLinking CXX shared library libknapp_amr__rosidl_typesupport_c.so[0m
[ 70%] Built target knapp_amr__rosidl_typesupport_c
[ 70%] Built target knapp_amr
[ 74%] [34m[1mGenerating Python code for ROS interfaces[0m
[ 74%] Built target knapp_amr__py
[ 77%] [32mBuilding C object CMakeFiles/knapp_amr__rosidl_generator_py.dir/rosidl_generator_py/knapp_amr/msg/_order_s.c.o[0m
[ 80%] [32m[1mLinking C shared library rosidl_generator_py/knapp_amr/libknapp_amr__rosidl_generator_py.so[0m
[ 80%] Built target knapp_amr__rosidl_generator_py
[ 90%] [32mBuilding C object CMakeFiles/knapp_amr__rosidl_typesupport_c__pyext.dir/rosidl_generator_py/knapp_amr/_knapp_amr_s.ep.rosidl_typesupport_c.c.o[0m
[ 90%] [32mBuilding C object CMakeFiles/knapp_amr__rosidl_typesupport_fastrtps_c__pyext.dir/rosidl_generator_py/knapp_amr/_knapp_amr_s.ep.rosidl_typesupport_fastrtps_c.c.o[0m
[ 90%] [32mBuilding C object CMakeFiles/knapp_amr__rosidl_typesupport_introspection_c__pyext.dir/rosidl_generator_py/knapp_amr/_knapp_amr_s.ep.rosidl_typesupport_introspection_c.c.o[0m
[ 93%] [32m[1mLinking C shared library rosidl_generator_py/knapp_amr/knapp_amr_s__rosidl_typesupport_c.cpython-310-x86_64-linux-gnu.so[0m
[ 96%] [32m[1mLinking C shared library rosidl_generator_py/knapp_amr/knapp_amr_s__rosidl_typesupport_introspection_c.cpython-310-x86_64-linux-gnu.so[0m
[100%] [32m[1mLinking C shared library rosidl_generator_py/knapp_amr/knapp_amr_s__rosidl_typesupport_fastrtps_c.cpython-310-x86_64-linux-gnu.so[0m
[100%] Built target knapp_amr__rosidl_typesupport_c__pyext
[100%] Built target knapp_amr__rosidl_typesupport_introspection_c__pyext
[100%] Built target knapp_amr__rosidl_typesupport_fastrtps_c__pyext
-- Install configuration: ""
-- Installing: /home/pietro/knapp_ros/install/knapp_amr/share/ament_index/resource_index/rosidl_interfaces/knapp_amr
-- Installing: /home/pietro/knapp_ros/install/knapp_amr/include/knapp_amr/knapp_amr
-- Installing: /home/pietro/knapp_ros/install/knapp_amr/include/knapp_amr/knapp_amr/msg
-- Installing: /home/pietro/knapp_ros/install/knapp_amr/include/knapp_amr/knapp_amr/msg/order.h
-- Installing: /home/pietro/knapp_ros/install/knapp_amr/include/knapp_amr/knapp_amr/msg/rosidl_generator_c__visibility_control.h
-- Installing: /home/pietro/knapp_ros/install/knapp_amr/include/knapp_amr/knapp_amr/msg/detail
-- Installing: /home/pietro/knapp_ros/install/knapp_amr/include/knapp_amr/knapp_amr/msg/detail/order__functions.c
-- Installing: /home/pietro/knapp_ros/install/knapp_amr/include/knapp_amr/knapp_amr/msg/detail/order__type_support.h
-- Installing: /home/pietro/knapp_ros/install/knapp_amr/include/knapp_amr/knapp_amr/msg/detail/order__functions.h
-- Installing: /home/pietro/knapp_ros/install/knapp_amr/include/knapp_amr/knapp_amr/msg/detail/order__struct.h
-- Installing: /home/pietro/knapp_ros/install/knapp_amr/share/knapp_amr/environment/library_path.sh
-- Installing: /home/pietro/knapp_ros/install/knapp_amr/share/knapp_amr/environment/library_path.dsv
-- Installing: /home/pietro/knapp_ros/install/knapp_amr/lib/libknapp_amr__rosidl_generator_c.so
-- Set runtime path of "/home/pietro/knapp_ros/install/knapp_amr/lib/libknapp_amr__rosidl_generator_c.so" to ""
-- Up-to-date: /home/pietro/knapp_ros/install/knapp_amr/include/knapp_amr/knapp_amr
-- Up-to-date: /home/pietro/knapp_ros/install/knapp_amr/include/knapp_amr/knapp_amr/msg
-- Installing: /home/pietro/knapp_ros/install/knapp_amr/include/knapp_amr/knapp_amr/msg/rosidl_typesupport_fastrtps_c__visibility_control.h
-- Up-to-date: /home/pietro/knapp_ros/install/knapp_amr/include/knapp_amr/knapp_amr/msg/detail
-- Installing: /home/pietro/knapp_ros/install/knapp_amr/include/knapp_amr/knapp_amr/msg/detail/order__rosidl_typesupport_fastrtps_c.h
-- Installing: /home/pietro/knapp_ros/install/knapp_amr/lib/libknapp_amr__rosidl_typesupport_fastrtps_c.so
-- Set runtime path of "/home/pietro/knapp_ros/install/knapp_amr/lib/libknapp_amr__rosidl_typesupport_fastrtps_c.so" to ""
-- Up-to-date: /home/pietro/knapp_ros/install/knapp_amr/include/knapp_amr/knapp_amr
-- Up-to-date: /home/pietro/knapp_ros/install/knapp_amr/include/knapp_amr/knapp_amr/msg
-- Installing: /home/pietro/knapp_ros/install/knapp_amr/include/knapp_amr/knapp_amr/msg/rosidl_typesupport_introspection_c__visibility_control.h
-- Up-to-date: /home/pietro/knapp_ros/install/knapp_amr/include/knapp_amr/knapp_amr/msg/detail
-- Installing: /home/pietro/knapp_ros/install/knapp_amr/include/knapp_amr/knapp_amr/msg/detail/order__type_support.c
-- Installing: /home/pietro/knapp_ros/install/knapp_amr/include/knapp_amr/knapp_amr/msg/detail/order__rosidl_typesupport_introspection_c.h
-- Installing: /home/pietro/knapp_ros/install/knapp_amr/lib/libknapp_amr__rosidl_typesupport_introspection_c.so
-- Set runtime path of "/home/pietro/knapp_ros/install/knapp_amr/lib/libknapp_amr__rosidl_typesupport_introspection_c.so" to ""
-- Installing: /home/pietro/knapp_ros/install/knapp_amr/lib/libknapp_amr__rosidl_typesupport_c.so
-- Set runtime path of "/home/pietro/knapp_ros/install/knapp_amr/lib/libknapp_amr__rosidl_typesupport_c.so" to ""
-- Up-to-date: /home/pietro/knapp_ros/install/knapp_amr/include/knapp_amr/knapp_amr
-- Up-to-date: /home/pietro/knapp_ros/install/knapp_amr/include/knapp_amr/knapp_amr/msg
-- Installing: /home/pietro/knapp_ros/install/knapp_amr/include/knapp_amr/knapp_amr/msg/order.hpp
-- Up-to-date: /home/pietro/knapp_ros/install/knapp_amr/include/knapp_amr/knapp_amr/msg/detail
-- Installing: /home/pietro/knapp_ros/install/knapp_amr/include/knapp_amr/knapp_amr/msg/detail/order__builder.hpp
-- Installing: /home/pietro/knapp_ros/install/knapp_amr/include/knapp_amr/knapp_amr/msg/detail/order__struct.hpp
-- Installing: /home/pietro/knapp_ros/install/knapp_amr/include/knapp_amr/knapp_amr/msg/detail/order__traits.hpp
-- Up-to-date: /home/pietro/knapp_ros/install/knapp_amr/include/knapp_amr/knapp_amr
-- Up-to-date: /home/pietro/knapp_ros/install/knapp_amr/include/knapp_amr/knapp_amr/msg
-- Installing: /home/pietro/knapp_ros/install/knapp_amr/include/knapp_amr/knapp_amr/msg/rosidl_typesupport_fastrtps_cpp__visibility_control.h
-- Up-to-date: /home/pietro/knapp_ros/install/knapp_amr/include/knapp_amr/knapp_amr/msg/detail
-- Installing: /home/pietro/knapp_ros/install/knapp_amr/include/knapp_amr/knapp_amr/msg/detail/dds_fastrtps
-- Installing: /home/pietro/knapp_ros/install/knapp_amr/include/knapp_amr/knapp_amr/msg/detail/order__rosidl_typesupport_fastrtps_cpp.hpp
-- Installing: /home/pietro/knapp_ros/install/knapp_amr/lib/libknapp_amr__rosidl_typesupport_fastrtps_cpp.so
-- Set runtime path of "/home/pietro/knapp_ros/install/knapp_amr/lib/libknapp_amr__rosidl_typesupport_fastrtps_cpp.so" to ""
-- Up-to-date: /home/pietro/knapp_ros/install/knapp_amr/include/knapp_amr/knapp_amr
-- Up-to-date: /home/pietro/knapp_ros/install/knapp_amr/include/knapp_amr/knapp_amr/msg
-- Up-to-date: /home/pietro/knapp_ros/install/knapp_amr/include/knapp_amr/knapp_amr/msg/detail
-- Installing: /home/pietro/knapp_ros/install/knapp_amr/include/knapp_amr/knapp_amr/msg/detail/order__type_support.cpp
-- Installing: /home/pietro/knapp_ros/install/knapp_amr/include/knapp_amr/knapp_amr/msg/detail/order__rosidl_typesupport_introspection_cpp.hpp
-- Installing: /home/pietro/knapp_ros/install/knapp_amr/lib/libknapp_amr__rosidl_typesupport_introspection_cpp.so
-- Set runtime path of "/home/pietro/knapp_ros/install/knapp_amr/lib/libknapp_amr__rosidl_typesupport_introspection_cpp.so" to ""
-- Installing: /home/pietro/knapp_ros/install/knapp_amr/lib/libknapp_amr__rosidl_typesupport_cpp.so
-- Set runtime path of "/home/pietro/knapp_ros/install/knapp_amr/lib/libknapp_amr__rosidl_typesupport_cpp.so" to ""
-- Installing: /home/pietro/knapp_ros/install/knapp_amr/share/knapp_amr/environment/pythonpath.sh
-- Installing: /home/pietro/knapp_ros/install/knapp_amr/share/knapp_amr/environment/pythonpath.dsv
-- Installing: /home/pietro/knapp_ros/install/knapp_amr/local/lib/python3.10/dist-packages/knapp_amr-0.0.0-py3.10.egg-info
-- Installing: /home/pietro/knapp_ros/install/knapp_amr/local/lib/python3.10/dist-packages/knapp_amr-0.0.0-py3.10.egg-info/top_level.txt
-- Installing: /home/pietro/knapp_ros/install/knapp_amr/local/lib/python3.10/dist-packages/knapp_amr-0.0.0-py3.10.egg-info/dependency_links.txt
-- Installing: /home/pietro/knapp_ros/install/knapp_amr/local/lib/python3.10/dist-packages/knapp_amr-0.0.0-py3.10.egg-info/SOURCES.txt
-- Installing: /home/pietro/knapp_ros/install/knapp_amr/local/lib/python3.10/dist-packages/knapp_amr-0.0.0-py3.10.egg-info/PKG-INFO
-- Installing: /home/pietro/knapp_ros/install/knapp_amr/local/lib/python3.10/dist-packages/knapp_amr
-- Installing: /home/pietro/knapp_ros/install/knapp_amr/local/lib/python3.10/dist-packages/knapp_amr/_knapp_amr_s.ep.rosidl_typesupport_introspection_c.c
-- Installing: /home/pietro/knapp_ros/install/knapp_amr/local/lib/python3.10/dist-packages/knapp_amr/libknapp_amr__rosidl_generator_py.so
-- Installing: /home/pietro/knapp_ros/install/knapp_amr/local/lib/python3.10/dist-packages/knapp_amr/_knapp_amr_s.ep.rosidl_typesupport_fastrtps_c.c
-- Installing: /home/pietro/knapp_ros/install/knapp_amr/local/lib/python3.10/dist-packages/knapp_amr/_knapp_amr_s.ep.rosidl_typesupport_c.c
-- Installing: /home/pietro/knapp_ros/install/knapp_amr/local/lib/python3.10/dist-packages/knapp_amr/knapp_amr_s__rosidl_typesupport_introspection_c.cpython-310-x86_64-linux-gnu.so
-- Installing: /home/pietro/knapp_ros/install/knapp_amr/local/lib/python3.10/dist-packages/knapp_amr/msg
-- Installing: /home/pietro/knapp_ros/install/knapp_amr/local/lib/python3.10/dist-packages/knapp_amr/msg/_order_s.c
-- Installing: /home/pietro/knapp_ros/install/knapp_amr/local/lib/python3.10/dist-packages/knapp_amr/msg/_order.py
-- Installing: /home/pietro/knapp_ros/install/knapp_amr/local/lib/python3.10/dist-packages/knapp_amr/msg/__init__.py
-- Installing: /home/pietro/knapp_ros/install/knapp_amr/local/lib/python3.10/dist-packages/knapp_amr/__init__.py
-- Installing: /home/pietro/knapp_ros/install/knapp_amr/local/lib/python3.10/dist-packages/knapp_amr/knapp_amr_s__rosidl_typesupport_fastrtps_c.cpython-310-x86_64-linux-gnu.so
-- Installing: /home/pietro/knapp_ros/install/knapp_amr/local/lib/python3.10/dist-packages/knapp_amr/knapp_amr_s__rosidl_typesupport_c.cpython-310-x86_64-linux-gnu.so
Listing '/home/pietro/knapp_ros/install/knapp_amr/local/lib/python3.10/dist-packages/knapp_amr'...
Compiling '/home/pietro/knapp_ros/install/knapp_amr/local/lib/python3.10/dist-packages/knapp_amr/__init__.py'...
Listing '/home/pietro/knapp_ros/install/knapp_amr/local/lib/python3.10/dist-packages/knapp_amr/msg'...
Compiling '/home/pietro/knapp_ros/install/knapp_amr/local/lib/python3.10/dist-packages/knapp_amr/msg/__init__.py'...
Compiling '/home/pietro/knapp_ros/install/knapp_amr/local/lib/python3.10/dist-packages/knapp_amr/msg/_order.py'...
-- Installing: /home/pietro/knapp_ros/install/knapp_amr/local/lib/python3.10/dist-packages/knapp_amr/knapp_amr_s__rosidl_typesupport_fastrtps_c.cpython-310-x86_64-linux-gnu.so
-- Set runtime path of "/home/pietro/knapp_ros/install/knapp_amr/local/lib/python3.10/dist-packages/knapp_amr/knapp_amr_s__rosidl_typesupport_fastrtps_c.cpython-310-x86_64-linux-gnu.so" to ""
-- Installing: /home/pietro/knapp_ros/install/knapp_amr/local/lib/python3.10/dist-packages/knapp_amr/knapp_amr_s__rosidl_typesupport_introspection_c.cpython-310-x86_64-linux-gnu.so
-- Set runtime path of "/home/pietro/knapp_ros/install/knapp_amr/local/lib/python3.10/dist-packages/knapp_amr/knapp_amr_s__rosidl_typesupport_introspection_c.cpython-310-x86_64-linux-gnu.so" to ""
-- Installing: /home/pietro/knapp_ros/install/knapp_amr/local/lib/python3.10/dist-packages/knapp_amr/knapp_amr_s__rosidl_typesupport_c.cpython-310-x86_64-linux-gnu.so
-- Set runtime path of "/home/pietro/knapp_ros/install/knapp_amr/local/lib/python3.10/dist-packages/knapp_amr/knapp_amr_s__rosidl_typesupport_c.cpython-310-x86_64-linux-gnu.so" to ""
-- Installing: /home/pietro/knapp_ros/install/knapp_amr/lib/libknapp_amr__rosidl_generator_py.so
-- Set runtime path of "/home/pietro/knapp_ros/install/knapp_amr/lib/libknapp_amr__rosidl_generator_py.so" to ""
-- Installing: /home/pietro/knapp_ros/install/knapp_amr/share/knapp_amr/msg/Order.idl
-- Installing: /home/pietro/knapp_ros/install/knapp_amr/share/knapp_amr/msg/Order.msg
-- Installing: /home/pietro/knapp_ros/install/knapp_amr/share/ament_index/resource_index/package_run_dependencies/knapp_amr
-- Installing: /home/pietro/knapp_ros/install/knapp_amr/share/ament_index/resource_index/parent_prefix_path/knapp_amr
-- Installing: /home/pietro/knapp_ros/install/knapp_amr/share/knapp_amr/environment/ament_prefix_path.sh
-- Installing: /home/pietro/knapp_ros/install/knapp_amr/share/knapp_amr/environment/ament_prefix_path.dsv
-- Installing: /home/pietro/knapp_ros/install/knapp_amr/share/knapp_amr/environment/path.sh
-- Installing: /home/pietro/knapp_ros/install/knapp_amr/share/knapp_amr/environment/path.dsv
-- Installing: /home/pietro/knapp_ros/install/knapp_amr/share/knapp_amr/local_setup.bash
-- Installing: /home/pietro/knapp_ros/install/knapp_amr/share/knapp_amr/local_setup.sh
-- Installing: /home/pietro/knapp_ros/install/knapp_amr/share/knapp_amr/local_setup.zsh
-- Installing: /home/pietro/knapp_ros/install/knapp_amr/share/knapp_amr/local_setup.dsv
-- Installing: /home/pietro/knapp_ros/install/knapp_amr/share/knapp_amr/package.dsv
-- Installing: /home/pietro/knapp_ros/install/knapp_amr/share/ament_index/resource_index/packages/knapp_amr
-- Installing: /home/pietro/knapp_ros/install/knapp_amr/share/knapp_amr/cmake/export_knapp_amr__rosidl_generator_cExport.cmake
-- Installing: /home/pietro/knapp_ros/install/knapp_amr/share/knapp_amr/cmake/export_knapp_amr__rosidl_generator_cExport-noconfig.cmake
-- Installing: /home/pietro/knapp_ros/install/knapp_amr/share/knapp_amr/cmake/export_knapp_amr__rosidl_typesupport_fastrtps_cExport.cmake
-- Installing: /home/pietro/knapp_ros/install/knapp_amr/share/knapp_amr/cmake/export_knapp_amr__rosidl_typesupport_fastrtps_cExport-noconfig.cmake
-- Installing: /home/pietro/knapp_ros/install/knapp_amr/share/knapp_amr/cmake/knapp_amr__rosidl_typesupport_introspection_cExport.cmake
-- Installing: /home/pietro/knapp_ros/install/knapp_amr/share/knapp_amr/cmake/knapp_amr__rosidl_typesupport_introspection_cExport-noconfig.cmake
-- Installing: /home/pietro/knapp_ros/install/knapp_amr/share/knapp_amr/cmake/knapp_amr__rosidl_typesupport_cExport.cmake
-- Installing: /home/pietro/knapp_ros/install/knapp_amr/share/knapp_amr/cmake/knapp_amr__rosidl_typesupport_cExport-noconfig.cmake
-- Installing: /home/pietro/knapp_ros/install/knapp_amr/share/knapp_amr/cmake/export_knapp_amr__rosidl_generator_cppExport.cmake
-- Installing: /home/pietro/knapp_ros/install/knapp_amr/share/knapp_amr/cmake/export_knapp_amr__rosidl_typesupport_fastrtps_cppExport.cmake
-- Installing: /home/pietro/knapp_ros/install/knapp_amr/share/knapp_amr/cmake/export_knapp_amr__rosidl_typesupport_fastrtps_cppExport-noconfig.cmake
-- Installing: /home/pietro/knapp_ros/install/knapp_amr/share/knapp_amr/cmake/knapp_amr__rosidl_typesupport_introspection_cppExport.cmake
-- Installing: /home/pietro/knapp_ros/install/knapp_amr/share/knapp_amr/cmake/knapp_amr__rosidl_typesupport_introspection_cppExport-noconfig.cmake
-- Installing: /home/pietro/knapp_ros/install/knapp_amr/share/knapp_amr/cmake/knapp_amr__rosidl_typesupport_cppExport.cmake
-- Installing: /home/pietro/knapp_ros/install/knapp_amr/share/knapp_amr/cmake/knapp_amr__rosidl_typesupport_cppExport-noconfig.cmake
-- Installing: /home/pietro/knapp_ros/install/knapp_amr/share/knapp_amr/cmake/export_knapp_amr__rosidl_generator_pyExport.cmake
-- Installing: /home/pietro/knapp_ros/install/knapp_amr/share/knapp_amr/cmake/export_knapp_amr__rosidl_generator_pyExport-noconfig.cmake
-- Installing: /home/pietro/knapp_ros/install/knapp_amr/share/knapp_amr/cmake/rosidl_cmake-extras.cmake
-- Installing: /home/pietro/knapp_ros/install/knapp_amr/share/knapp_amr/cmake/ament_cmake_export_include_directories-extras.cmake
-- Installing: /home/pietro/knapp_ros/install/knapp_amr/share/knapp_amr/cmake/ament_cmake_export_libraries-extras.cmake
-- Installing: /home/pietro/knapp_ros/install/knapp_amr/share/knapp_amr/cmake/ament_cmake_export_targets-extras.cmake
-- Installing: /home/pietro/knapp_ros/install/knapp_amr/share/knapp_amr/cmake/rosidl_cmake_export_typesupport_targets-extras.cmake
-- Installing: /home/pietro/knapp_ros/install/knapp_amr/share/knapp_amr/cmake/ament_cmake_export_dependencies-extras.cmake
-- Installing: /home/pietro/knapp_ros/install/knapp_amr/share/knapp_amr/cmake/rosidl_cmake_export_typesupport_libraries-extras.cmake
-- Installing: /home/pietro/knapp_ros/install/knapp_amr/share/knapp_amr/cmake/knapp_amrConfig.cmake
-- Installing: /home/pietro/knapp_ros/install/knapp_amr/share/knapp_amr/cmake/knapp_amrConfig-version.cmake
-- Installing: /home/pietro/knapp_ros/install/knapp_amr/share/knapp_amr/package.xml
