[0.011s] Invoking command in '/home/pietro/knapp_ros/build/knapp_amr': CMAKE_PREFIX_PATH=/opt/ros/humble /usr/bin/cmake /home/pietro/knapp_ros/src/knapp_amr -DCMAKE_INSTALL_PREFIX=/home/pietro/knapp_ros/install/knapp_amr
[0.402s] -- The C compiler identification is GNU 11.3.0
[0.480s] -- The CXX compiler identification is GNU 11.3.0
[0.488s] -- Detecting C compiler ABI info
[0.558s] -- Detecting C compiler ABI info - done
[0.566s] -- Check for working C compiler: /usr/bin/cc - skipped
[0.566s] -- Detecting C compile features
[0.566s] -- Detecting C compile features - done
[0.570s] -- Detecting CXX compiler ABI info
[0.650s] -- Detecting CXX compiler ABI info - done
[0.658s] -- Check for working CXX compiler: /usr/bin/c++ - skipped
[0.658s] -- Detecting CXX compile features
[0.659s] -- Detecting CXX compile features - done
[0.661s] -- Found ament_cmake: 1.3.3 (/opt/ros/humble/share/ament_cmake/cmake)
[0.826s] -- Found Python3: /usr/bin/python3.10 (found version "3.10.6") found components: Interpreter 
[0.906s] -- Found rosidl_default_generators: 1.2.0 (/opt/ros/humble/share/rosidl_default_generators/cmake)
[0.908s] -- Using all available rosidl_typesupport_c: rosidl_typesupport_fastrtps_c;rosidl_typesupport_introspection_c
[0.914s] -- Found rosidl_adapter: 3.1.4 (/opt/ros/humble/share/rosidl_adapter/cmake)
[0.954s] -- Using all available rosidl_typesupport_cpp: rosidl_typesupport_fastrtps_cpp;rosidl_typesupport_introspection_cpp
[1.219s] -- Found ament_cmake_ros: 0.10.0 (/opt/ros/humble/share/ament_cmake_ros/cmake)
[1.396s] -- Using all available rosidl_typesupport_c: rosidl_typesupport_fastrtps_c;rosidl_typesupport_introspection_c
[1.624s] -- Using all available rosidl_typesupport_cpp: rosidl_typesupport_fastrtps_cpp;rosidl_typesupport_introspection_cpp
[1.647s] -- Found PythonInterp: /usr/bin/python3 (found suitable version "3.10.6", minimum required is "3.6") 
[1.648s] -- Found python_cmake_module: 0.10.0 (/opt/ros/humble/share/python_cmake_module/cmake)
[1.672s] -- Found PythonLibs: /usr/lib/x86_64-linux-gnu/libpython3.10.so (found suitable version "3.10.6", minimum required is "3.5") 
[1.673s] -- Using PYTHON_EXECUTABLE: /usr/bin/python3
[1.673s] -- Using PYTHON_INCLUDE_DIRS: /usr/include/python3.10
[1.673s] -- Using PYTHON_LIBRARIES: /usr/lib/x86_64-linux-gnu/libpython3.10.so
[1.693s] -- Found PythonExtra: .so  
[1.724s] -- Found ament_lint_auto: 0.12.5 (/opt/ros/humble/share/ament_lint_auto/cmake)
[1.741s] -- Added test 'cppcheck' to perform static code analysis on C / C++ code
[1.742s] -- Configured cppcheck include dirs: 
[1.742s] -- Configured cppcheck exclude dirs and/or files: 
[1.743s] -- Added test 'lint_cmake' to check CMake code style
[1.744s] -- Added test 'uncrustify' to check C / C++ code style
[1.744s] -- Configured uncrustify additional arguments: 
[1.744s] -- Added test 'xmllint' to check XML markup files
[1.747s] -- Configuring done
[1.776s] -- Generating done
[1.778s] -- Build files have been written to: /home/pietro/knapp_ros/build/knapp_amr
[1.784s] Invoked command in '/home/pietro/knapp_ros/build/knapp_amr' returned '0': CMAKE_PREFIX_PATH=/opt/ros/humble /usr/bin/cmake /home/pietro/knapp_ros/src/knapp_amr -DCMAKE_INSTALL_PREFIX=/home/pietro/knapp_ros/install/knapp_amr
[1.786s] Invoking command in '/home/pietro/knapp_ros/build/knapp_amr': CMAKE_PREFIX_PATH=/opt/ros/humble /usr/bin/cmake --build /home/pietro/knapp_ros/build/knapp_amr -- -j4 -l4
[1.824s] [  3%] [34m[1mGenerating C code for ROS interfaces[0m
[1.836s] [  6%] [34m[1mGenerating C++ code for ROS interfaces[0m
[1.842s] [  6%] Built target ament_cmake_python_copy_knapp_amr
[2.083s] [  6%] Built target knapp_amr__cpp
[2.093s] [ 16%] [34m[1mGenerating C++ introspection for ROS interfaces[0m
[2.093s] [ 16%] [34m[1mGenerating C++ type support for eProsima Fast-RTPS[0m
[2.093s] [ 16%] [32mBuilding C object CMakeFiles/knapp_amr__rosidl_generator_c.dir/rosidl_generator_c/knapp_amr/msg/detail/order__functions.c.o[0m
[2.104s] running egg_info
[2.105s] creating knapp_amr.egg-info
[2.105s] writing knapp_amr.egg-info/PKG-INFO
[2.105s] writing dependency_links to knapp_amr.egg-info/dependency_links.txt
[2.106s] writing top-level names to knapp_amr.egg-info/top_level.txt
[2.106s] writing manifest file 'knapp_amr.egg-info/SOURCES.txt'
[2.109s] reading manifest file 'knapp_amr.egg-info/SOURCES.txt'
[2.110s] writing manifest file 'knapp_amr.egg-info/SOURCES.txt'
[2.144s] [ 19%] [32m[1mLinking C shared library libknapp_amr__rosidl_generator_c.so[0m
[2.144s] [ 19%] Built target ament_cmake_python_build_knapp_amr_egg
[2.154s] [ 22%] [34m[1mGenerating C++ type support dispatch for ROS interfaces[0m
[2.182s] [ 22%] Built target knapp_amr__rosidl_generator_c
[2.192s] [ 25%] [34m[1mGenerating C type support for eProsima Fast-RTPS[0m
[2.343s] [ 29%] [32mBuilding CXX object CMakeFiles/knapp_amr__rosidl_typesupport_introspection_cpp.dir/rosidl_typesupport_introspection_cpp/knapp_amr/msg/detail/order__type_support.cpp.o[0m
[2.364s] [ 32%] [32mBuilding CXX object CMakeFiles/knapp_amr__rosidl_typesupport_fastrtps_cpp.dir/rosidl_typesupport_fastrtps_cpp/knapp_amr/msg/detail/dds_fastrtps/order__type_support.cpp.o[0m
[2.388s] [ 35%] [32mBuilding CXX object CMakeFiles/knapp_amr__rosidl_typesupport_cpp.dir/rosidl_typesupport_cpp/knapp_amr/msg/order__type_support.cpp.o[0m
[2.454s] [ 38%] [32mBuilding CXX object CMakeFiles/knapp_amr__rosidl_typesupport_fastrtps_c.dir/rosidl_typesupport_fastrtps_c/knapp_amr/msg/detail/order__type_support_c.cpp.o[0m
[2.671s] [ 41%] [32m[1mLinking CXX shared library libknapp_amr__rosidl_typesupport_cpp.so[0m
[2.717s] [ 41%] Built target knapp_amr__rosidl_typesupport_cpp
[2.728s] [ 45%] [34m[1mGenerating C introspection for ROS interfaces[0m
[2.735s] [ 48%] [32m[1mLinking CXX shared library libknapp_amr__rosidl_typesupport_introspection_cpp.so[0m
[2.796s] [ 51%] [32m[1mLinking CXX shared library libknapp_amr__rosidl_typesupport_fastrtps_cpp.so[0m
[2.812s] [ 51%] Built target knapp_amr__rosidl_typesupport_introspection_cpp
[2.823s] [ 54%] [34m[1mGenerating C type support dispatch for ROS interfaces[0m
[2.835s] [ 58%] [32m[1mLinking CXX shared library libknapp_amr__rosidl_typesupport_fastrtps_c.so[0m
[2.893s] [ 58%] Built target knapp_amr__rosidl_typesupport_fastrtps_cpp
[2.928s] [ 58%] Built target knapp_amr__rosidl_typesupport_fastrtps_c
[2.987s] [ 61%] [32mBuilding C object CMakeFiles/knapp_amr__rosidl_typesupport_introspection_c.dir/rosidl_typesupport_introspection_c/knapp_amr/msg/detail/order__type_support.c.o[0m
[3.022s] [ 64%] [32m[1mLinking C shared library libknapp_amr__rosidl_typesupport_introspection_c.so[0m
[3.049s] [ 67%] [32mBuilding CXX object CMakeFiles/knapp_amr__rosidl_typesupport_c.dir/rosidl_typesupport_c/knapp_amr/msg/order__type_support.cpp.o[0m
[3.054s] [ 67%] Built target knapp_amr__rosidl_typesupport_introspection_c
[3.080s] [ 70%] [32m[1mLinking CXX shared library libknapp_amr__rosidl_typesupport_c.so[0m
[3.120s] [ 70%] Built target knapp_amr__rosidl_typesupport_c
[3.139s] [ 70%] Built target knapp_amr
[3.159s] [ 74%] [34m[1mGenerating Python code for ROS interfaces[0m
[3.439s] [ 74%] Built target knapp_amr__py
[3.458s] [ 77%] [32mBuilding C object CMakeFiles/knapp_amr__rosidl_generator_py.dir/rosidl_generator_py/knapp_amr/msg/_order_s.c.o[0m
[3.642s] [ 80%] [32m[1mLinking C shared library rosidl_generator_py/knapp_amr/libknapp_amr__rosidl_generator_py.so[0m
[3.681s] [ 80%] Built target knapp_amr__rosidl_generator_py
[3.702s] [ 90%] [32mBuilding C object CMakeFiles/knapp_amr__rosidl_typesupport_c__pyext.dir/rosidl_generator_py/knapp_amr/_knapp_amr_s.ep.rosidl_typesupport_c.c.o[0m
[3.702s] [ 90%] [32mBuilding C object CMakeFiles/knapp_amr__rosidl_typesupport_fastrtps_c__pyext.dir/rosidl_generator_py/knapp_amr/_knapp_amr_s.ep.rosidl_typesupport_fastrtps_c.c.o[0m
[3.702s] [ 90%] [32mBuilding C object CMakeFiles/knapp_amr__rosidl_typesupport_introspection_c__pyext.dir/rosidl_generator_py/knapp_amr/_knapp_amr_s.ep.rosidl_typesupport_introspection_c.c.o[0m
[3.798s] [ 93%] [32m[1mLinking C shared library rosidl_generator_py/knapp_amr/knapp_amr_s__rosidl_typesupport_c.cpython-310-x86_64-linux-gnu.so[0m
[3.799s] [ 96%] [32m[1mLinking C shared library rosidl_generator_py/knapp_amr/knapp_amr_s__rosidl_typesupport_introspection_c.cpython-310-x86_64-linux-gnu.so[0m
[3.808s] [100%] [32m[1mLinking C shared library rosidl_generator_py/knapp_amr/knapp_amr_s__rosidl_typesupport_fastrtps_c.cpython-310-x86_64-linux-gnu.so[0m
[3.834s] [100%] Built target knapp_amr__rosidl_typesupport_c__pyext
[3.836s] [100%] Built target knapp_amr__rosidl_typesupport_introspection_c__pyext
[3.848s] [100%] Built target knapp_amr__rosidl_typesupport_fastrtps_c__pyext
[3.859s] Invoked command in '/home/pietro/knapp_ros/build/knapp_amr' returned '0': CMAKE_PREFIX_PATH=/opt/ros/humble /usr/bin/cmake --build /home/pietro/knapp_ros/build/knapp_amr -- -j4 -l4
[3.927s] Invoking command in '/home/pietro/knapp_ros/build/knapp_amr': CMAKE_PREFIX_PATH=/opt/ros/humble /usr/bin/cmake --install /home/pietro/knapp_ros/build/knapp_amr
[3.934s] -- Install configuration: ""
[3.935s] -- Installing: /home/pietro/knapp_ros/install/knapp_amr/share/ament_index/resource_index/rosidl_interfaces/knapp_amr
[3.935s] -- Installing: /home/pietro/knapp_ros/install/knapp_amr/include/knapp_amr/knapp_amr
[3.935s] -- Installing: /home/pietro/knapp_ros/install/knapp_amr/include/knapp_amr/knapp_amr/msg
[3.935s] -- Installing: /home/pietro/knapp_ros/install/knapp_amr/include/knapp_amr/knapp_amr/msg/order.h
[3.935s] -- Installing: /home/pietro/knapp_ros/install/knapp_amr/include/knapp_amr/knapp_amr/msg/rosidl_generator_c__visibility_control.h
[3.935s] -- Installing: /home/pietro/knapp_ros/install/knapp_amr/include/knapp_amr/knapp_amr/msg/detail
[3.936s] -- Installing: /home/pietro/knapp_ros/install/knapp_amr/include/knapp_amr/knapp_amr/msg/detail/order__functions.c
[3.936s] -- Installing: /home/pietro/knapp_ros/install/knapp_amr/include/knapp_amr/knapp_amr/msg/detail/order__type_support.h
[3.936s] -- Installing: /home/pietro/knapp_ros/install/knapp_amr/include/knapp_amr/knapp_amr/msg/detail/order__functions.h
[3.936s] -- Installing: /home/pietro/knapp_ros/install/knapp_amr/include/knapp_amr/knapp_amr/msg/detail/order__struct.h
[3.936s] -- Installing: /home/pietro/knapp_ros/install/knapp_amr/share/knapp_amr/environment/library_path.sh
[3.936s] -- Installing: /home/pietro/knapp_ros/install/knapp_amr/share/knapp_amr/environment/library_path.dsv
[3.937s] -- Installing: /home/pietro/knapp_ros/install/knapp_amr/lib/libknapp_amr__rosidl_generator_c.so
[3.937s] -- Set runtime path of "/home/pietro/knapp_ros/install/knapp_amr/lib/libknapp_amr__rosidl_generator_c.so" to ""
[3.938s] -- Up-to-date: /home/pietro/knapp_ros/install/knapp_amr/include/knapp_amr/knapp_amr
[3.938s] -- Up-to-date: /home/pietro/knapp_ros/install/knapp_amr/include/knapp_amr/knapp_amr/msg
[3.938s] -- Installing: /home/pietro/knapp_ros/install/knapp_amr/include/knapp_amr/knapp_amr/msg/rosidl_typesupport_fastrtps_c__visibility_control.h
[3.938s] -- Up-to-date: /home/pietro/knapp_ros/install/knapp_amr/include/knapp_amr/knapp_amr/msg/detail
[3.938s] -- Installing: /home/pietro/knapp_ros/install/knapp_amr/include/knapp_amr/knapp_amr/msg/detail/order__rosidl_typesupport_fastrtps_c.h
[3.938s] -- Installing: /home/pietro/knapp_ros/install/knapp_amr/lib/libknapp_amr__rosidl_typesupport_fastrtps_c.so
[3.938s] -- Set runtime path of "/home/pietro/knapp_ros/install/knapp_amr/lib/libknapp_amr__rosidl_typesupport_fastrtps_c.so" to ""
[3.939s] -- Up-to-date: /home/pietro/knapp_ros/install/knapp_amr/include/knapp_amr/knapp_amr
[3.939s] -- Up-to-date: /home/pietro/knapp_ros/install/knapp_amr/include/knapp_amr/knapp_amr/msg
[3.939s] -- Installing: /home/pietro/knapp_ros/install/knapp_amr/include/knapp_amr/knapp_amr/msg/rosidl_typesupport_introspection_c__visibility_control.h
[3.939s] -- Up-to-date: /home/pietro/knapp_ros/install/knapp_amr/include/knapp_amr/knapp_amr/msg/detail
[3.939s] -- Installing: /home/pietro/knapp_ros/install/knapp_amr/include/knapp_amr/knapp_amr/msg/detail/order__type_support.c
[3.939s] -- Installing: /home/pietro/knapp_ros/install/knapp_amr/include/knapp_amr/knapp_amr/msg/detail/order__rosidl_typesupport_introspection_c.h
[3.939s] -- Installing: /home/pietro/knapp_ros/install/knapp_amr/lib/libknapp_amr__rosidl_typesupport_introspection_c.so
[3.940s] -- Set runtime path of "/home/pietro/knapp_ros/install/knapp_amr/lib/libknapp_amr__rosidl_typesupport_introspection_c.so" to ""
[3.940s] -- Installing: /home/pietro/knapp_ros/install/knapp_amr/lib/libknapp_amr__rosidl_typesupport_c.so
[3.940s] -- Set runtime path of "/home/pietro/knapp_ros/install/knapp_amr/lib/libknapp_amr__rosidl_typesupport_c.so" to ""
[3.941s] -- Up-to-date: /home/pietro/knapp_ros/install/knapp_amr/include/knapp_amr/knapp_amr
[3.941s] -- Up-to-date: /home/pietro/knapp_ros/install/knapp_amr/include/knapp_amr/knapp_amr/msg
[3.941s] -- Installing: /home/pietro/knapp_ros/install/knapp_amr/include/knapp_amr/knapp_amr/msg/order.hpp
[3.941s] -- Up-to-date: /home/pietro/knapp_ros/install/knapp_amr/include/knapp_amr/knapp_amr/msg/detail
[3.941s] -- Installing: /home/pietro/knapp_ros/install/knapp_amr/include/knapp_amr/knapp_amr/msg/detail/order__builder.hpp
[3.941s] -- Installing: /home/pietro/knapp_ros/install/knapp_amr/include/knapp_amr/knapp_amr/msg/detail/order__struct.hpp
[3.941s] -- Installing: /home/pietro/knapp_ros/install/knapp_amr/include/knapp_amr/knapp_amr/msg/detail/order__traits.hpp
[3.941s] -- Up-to-date: /home/pietro/knapp_ros/install/knapp_amr/include/knapp_amr/knapp_amr
[3.942s] -- Up-to-date: /home/pietro/knapp_ros/install/knapp_amr/include/knapp_amr/knapp_amr/msg
[3.942s] -- Installing: /home/pietro/knapp_ros/install/knapp_amr/include/knapp_amr/knapp_amr/msg/rosidl_typesupport_fastrtps_cpp__visibility_control.h
[3.942s] -- Up-to-date: /home/pietro/knapp_ros/install/knapp_amr/include/knapp_amr/knapp_amr/msg/detail
[3.942s] -- Installing: /home/pietro/knapp_ros/install/knapp_amr/include/knapp_amr/knapp_amr/msg/detail/dds_fastrtps
[3.942s] -- Installing: /home/pietro/knapp_ros/install/knapp_amr/include/knapp_amr/knapp_amr/msg/detail/order__rosidl_typesupport_fastrtps_cpp.hpp
[3.942s] -- Installing: /home/pietro/knapp_ros/install/knapp_amr/lib/libknapp_amr__rosidl_typesupport_fastrtps_cpp.so
[3.942s] -- Set runtime path of "/home/pietro/knapp_ros/install/knapp_amr/lib/libknapp_amr__rosidl_typesupport_fastrtps_cpp.so" to ""
[3.943s] -- Up-to-date: /home/pietro/knapp_ros/install/knapp_amr/include/knapp_amr/knapp_amr
[3.943s] -- Up-to-date: /home/pietro/knapp_ros/install/knapp_amr/include/knapp_amr/knapp_amr/msg
[3.943s] -- Up-to-date: /home/pietro/knapp_ros/install/knapp_amr/include/knapp_amr/knapp_amr/msg/detail
[3.943s] -- Installing: /home/pietro/knapp_ros/install/knapp_amr/include/knapp_amr/knapp_amr/msg/detail/order__type_support.cpp
[3.943s] -- Installing: /home/pietro/knapp_ros/install/knapp_amr/include/knapp_amr/knapp_amr/msg/detail/order__rosidl_typesupport_introspection_cpp.hpp
[3.943s] -- Installing: /home/pietro/knapp_ros/install/knapp_amr/lib/libknapp_amr__rosidl_typesupport_introspection_cpp.so
[3.944s] -- Set runtime path of "/home/pietro/knapp_ros/install/knapp_amr/lib/libknapp_amr__rosidl_typesupport_introspection_cpp.so" to ""
[3.944s] -- Installing: /home/pietro/knapp_ros/install/knapp_amr/lib/libknapp_amr__rosidl_typesupport_cpp.so
[3.944s] -- Set runtime path of "/home/pietro/knapp_ros/install/knapp_amr/lib/libknapp_amr__rosidl_typesupport_cpp.so" to ""
[3.944s] -- Installing: /home/pietro/knapp_ros/install/knapp_amr/share/knapp_amr/environment/pythonpath.sh
[3.945s] -- Installing: /home/pietro/knapp_ros/install/knapp_amr/share/knapp_amr/environment/pythonpath.dsv
[3.945s] -- Installing: /home/pietro/knapp_ros/install/knapp_amr/local/lib/python3.10/dist-packages/knapp_amr-0.0.0-py3.10.egg-info
[3.945s] -- Installing: /home/pietro/knapp_ros/install/knapp_amr/local/lib/python3.10/dist-packages/knapp_amr-0.0.0-py3.10.egg-info/top_level.txt
[3.945s] -- Installing: /home/pietro/knapp_ros/install/knapp_amr/local/lib/python3.10/dist-packages/knapp_amr-0.0.0-py3.10.egg-info/dependency_links.txt
[3.945s] -- Installing: /home/pietro/knapp_ros/install/knapp_amr/local/lib/python3.10/dist-packages/knapp_amr-0.0.0-py3.10.egg-info/SOURCES.txt
[3.945s] -- Installing: /home/pietro/knapp_ros/install/knapp_amr/local/lib/python3.10/dist-packages/knapp_amr-0.0.0-py3.10.egg-info/PKG-INFO
[3.945s] -- Installing: /home/pietro/knapp_ros/install/knapp_amr/local/lib/python3.10/dist-packages/knapp_amr
[3.945s] -- Installing: /home/pietro/knapp_ros/install/knapp_amr/local/lib/python3.10/dist-packages/knapp_amr/_knapp_amr_s.ep.rosidl_typesupport_introspection_c.c
[3.946s] -- Installing: /home/pietro/knapp_ros/install/knapp_amr/local/lib/python3.10/dist-packages/knapp_amr/libknapp_amr__rosidl_generator_py.so
[3.946s] -- Installing: /home/pietro/knapp_ros/install/knapp_amr/local/lib/python3.10/dist-packages/knapp_amr/_knapp_amr_s.ep.rosidl_typesupport_fastrtps_c.c
[3.946s] -- Installing: /home/pietro/knapp_ros/install/knapp_amr/local/lib/python3.10/dist-packages/knapp_amr/_knapp_amr_s.ep.rosidl_typesupport_c.c
[3.946s] -- Installing: /home/pietro/knapp_ros/install/knapp_amr/local/lib/python3.10/dist-packages/knapp_amr/knapp_amr_s__rosidl_typesupport_introspection_c.cpython-310-x86_64-linux-gnu.so
[3.946s] -- Installing: /home/pietro/knapp_ros/install/knapp_amr/local/lib/python3.10/dist-packages/knapp_amr/msg
[3.946s] -- Installing: /home/pietro/knapp_ros/install/knapp_amr/local/lib/python3.10/dist-packages/knapp_amr/msg/_order_s.c
[3.946s] -- Installing: /home/pietro/knapp_ros/install/knapp_amr/local/lib/python3.10/dist-packages/knapp_amr/msg/_order.py
[3.947s] -- Installing: /home/pietro/knapp_ros/install/knapp_amr/local/lib/python3.10/dist-packages/knapp_amr/msg/__init__.py
[3.947s] -- Installing: /home/pietro/knapp_ros/install/knapp_amr/local/lib/python3.10/dist-packages/knapp_amr/__init__.py
[3.947s] -- Installing: /home/pietro/knapp_ros/install/knapp_amr/local/lib/python3.10/dist-packages/knapp_amr/knapp_amr_s__rosidl_typesupport_fastrtps_c.cpython-310-x86_64-linux-gnu.so
[3.947s] -- Installing: /home/pietro/knapp_ros/install/knapp_amr/local/lib/python3.10/dist-packages/knapp_amr/knapp_amr_s__rosidl_typesupport_c.cpython-310-x86_64-linux-gnu.so
[3.979s] Listing '/home/pietro/knapp_ros/install/knapp_amr/local/lib/python3.10/dist-packages/knapp_amr'...
[3.979s] Compiling '/home/pietro/knapp_ros/install/knapp_amr/local/lib/python3.10/dist-packages/knapp_amr/__init__.py'...
[3.979s] Listing '/home/pietro/knapp_ros/install/knapp_amr/local/lib/python3.10/dist-packages/knapp_amr/msg'...
[3.979s] Compiling '/home/pietro/knapp_ros/install/knapp_amr/local/lib/python3.10/dist-packages/knapp_amr/msg/__init__.py'...
[3.979s] Compiling '/home/pietro/knapp_ros/install/knapp_amr/local/lib/python3.10/dist-packages/knapp_amr/msg/_order.py'...
[3.984s] -- Installing: /home/pietro/knapp_ros/install/knapp_amr/local/lib/python3.10/dist-packages/knapp_amr/knapp_amr_s__rosidl_typesupport_fastrtps_c.cpython-310-x86_64-linux-gnu.so
[3.984s] -- Set runtime path of "/home/pietro/knapp_ros/install/knapp_amr/local/lib/python3.10/dist-packages/knapp_amr/knapp_amr_s__rosidl_typesupport_fastrtps_c.cpython-310-x86_64-linux-gnu.so" to ""
[3.985s] -- Installing: /home/pietro/knapp_ros/install/knapp_amr/local/lib/python3.10/dist-packages/knapp_amr/knapp_amr_s__rosidl_typesupport_introspection_c.cpython-310-x86_64-linux-gnu.so
[3.985s] -- Set runtime path of "/home/pietro/knapp_ros/install/knapp_amr/local/lib/python3.10/dist-packages/knapp_amr/knapp_amr_s__rosidl_typesupport_introspection_c.cpython-310-x86_64-linux-gnu.so" to ""
[3.986s] -- Installing: /home/pietro/knapp_ros/install/knapp_amr/local/lib/python3.10/dist-packages/knapp_amr/knapp_amr_s__rosidl_typesupport_c.cpython-310-x86_64-linux-gnu.so
[3.986s] -- Set runtime path of "/home/pietro/knapp_ros/install/knapp_amr/local/lib/python3.10/dist-packages/knapp_amr/knapp_amr_s__rosidl_typesupport_c.cpython-310-x86_64-linux-gnu.so" to ""
[3.986s] -- Installing: /home/pietro/knapp_ros/install/knapp_amr/lib/libknapp_amr__rosidl_generator_py.so
[3.987s] -- Set runtime path of "/home/pietro/knapp_ros/install/knapp_amr/lib/libknapp_amr__rosidl_generator_py.so" to ""
[3.987s] -- Installing: /home/pietro/knapp_ros/install/knapp_amr/share/knapp_amr/msg/Order.idl
[3.987s] -- Installing: /home/pietro/knapp_ros/install/knapp_amr/share/knapp_amr/msg/Order.msg
[3.987s] -- Installing: /home/pietro/knapp_ros/install/knapp_amr/share/ament_index/resource_index/package_run_dependencies/knapp_amr
[3.988s] -- Installing: /home/pietro/knapp_ros/install/knapp_amr/share/ament_index/resource_index/parent_prefix_path/knapp_amr
[3.988s] -- Installing: /home/pietro/knapp_ros/install/knapp_amr/share/knapp_amr/environment/ament_prefix_path.sh
[3.988s] -- Installing: /home/pietro/knapp_ros/install/knapp_amr/share/knapp_amr/environment/ament_prefix_path.dsv
[3.988s] -- Installing: /home/pietro/knapp_ros/install/knapp_amr/share/knapp_amr/environment/path.sh
[3.988s] -- Installing: /home/pietro/knapp_ros/install/knapp_amr/share/knapp_amr/environment/path.dsv
[3.989s] -- Installing: /home/pietro/knapp_ros/install/knapp_amr/share/knapp_amr/local_setup.bash
[3.989s] -- Installing: /home/pietro/knapp_ros/install/knapp_amr/share/knapp_amr/local_setup.sh
[3.989s] -- Installing: /home/pietro/knapp_ros/install/knapp_amr/share/knapp_amr/local_setup.zsh
[3.989s] -- Installing: /home/pietro/knapp_ros/install/knapp_amr/share/knapp_amr/local_setup.dsv
[3.989s] -- Installing: /home/pietro/knapp_ros/install/knapp_amr/share/knapp_amr/package.dsv
[3.989s] -- Installing: /home/pietro/knapp_ros/install/knapp_amr/share/ament_index/resource_index/packages/knapp_amr
[3.990s] -- Installing: /home/pietro/knapp_ros/install/knapp_amr/share/knapp_amr/cmake/export_knapp_amr__rosidl_generator_cExport.cmake
[3.990s] -- Installing: /home/pietro/knapp_ros/install/knapp_amr/share/knapp_amr/cmake/export_knapp_amr__rosidl_generator_cExport-noconfig.cmake
[3.990s] -- Installing: /home/pietro/knapp_ros/install/knapp_amr/share/knapp_amr/cmake/export_knapp_amr__rosidl_typesupport_fastrtps_cExport.cmake
[3.990s] -- Installing: /home/pietro/knapp_ros/install/knapp_amr/share/knapp_amr/cmake/export_knapp_amr__rosidl_typesupport_fastrtps_cExport-noconfig.cmake
[3.991s] -- Installing: /home/pietro/knapp_ros/install/knapp_amr/share/knapp_amr/cmake/knapp_amr__rosidl_typesupport_introspection_cExport.cmake
[3.991s] -- Installing: /home/pietro/knapp_ros/install/knapp_amr/share/knapp_amr/cmake/knapp_amr__rosidl_typesupport_introspection_cExport-noconfig.cmake
[3.991s] -- Installing: /home/pietro/knapp_ros/install/knapp_amr/share/knapp_amr/cmake/knapp_amr__rosidl_typesupport_cExport.cmake
[3.991s] -- Installing: /home/pietro/knapp_ros/install/knapp_amr/share/knapp_amr/cmake/knapp_amr__rosidl_typesupport_cExport-noconfig.cmake
[3.991s] -- Installing: /home/pietro/knapp_ros/install/knapp_amr/share/knapp_amr/cmake/export_knapp_amr__rosidl_generator_cppExport.cmake
[3.991s] -- Installing: /home/pietro/knapp_ros/install/knapp_amr/share/knapp_amr/cmake/export_knapp_amr__rosidl_typesupport_fastrtps_cppExport.cmake
[3.992s] -- Installing: /home/pietro/knapp_ros/install/knapp_amr/share/knapp_amr/cmake/export_knapp_amr__rosidl_typesupport_fastrtps_cppExport-noconfig.cmake
[3.992s] -- Installing: /home/pietro/knapp_ros/install/knapp_amr/share/knapp_amr/cmake/knapp_amr__rosidl_typesupport_introspection_cppExport.cmake
[3.992s] -- Installing: /home/pietro/knapp_ros/install/knapp_amr/share/knapp_amr/cmake/knapp_amr__rosidl_typesupport_introspection_cppExport-noconfig.cmake
[3.992s] -- Installing: /home/pietro/knapp_ros/install/knapp_amr/share/knapp_amr/cmake/knapp_amr__rosidl_typesupport_cppExport.cmake
[3.992s] -- Installing: /home/pietro/knapp_ros/install/knapp_amr/share/knapp_amr/cmake/knapp_amr__rosidl_typesupport_cppExport-noconfig.cmake
[3.993s] -- Installing: /home/pietro/knapp_ros/install/knapp_amr/share/knapp_amr/cmake/export_knapp_amr__rosidl_generator_pyExport.cmake
[3.993s] -- Installing: /home/pietro/knapp_ros/install/knapp_amr/share/knapp_amr/cmake/export_knapp_amr__rosidl_generator_pyExport-noconfig.cmake
[3.993s] -- Installing: /home/pietro/knapp_ros/install/knapp_amr/share/knapp_amr/cmake/rosidl_cmake-extras.cmake
[3.993s] -- Installing: /home/pietro/knapp_ros/install/knapp_amr/share/knapp_amr/cmake/ament_cmake_export_include_directories-extras.cmake
[3.993s] -- Installing: /home/pietro/knapp_ros/install/knapp_amr/share/knapp_amr/cmake/ament_cmake_export_libraries-extras.cmake
[3.993s] -- Installing: /home/pietro/knapp_ros/install/knapp_amr/share/knapp_amr/cmake/ament_cmake_export_targets-extras.cmake
[3.993s] -- Installing: /home/pietro/knapp_ros/install/knapp_amr/share/knapp_amr/cmake/rosidl_cmake_export_typesupport_targets-extras.cmake
[3.994s] -- Installing: /home/pietro/knapp_ros/install/knapp_amr/share/knapp_amr/cmake/ament_cmake_export_dependencies-extras.cmake
[3.994s] -- Installing: /home/pietro/knapp_ros/install/knapp_amr/share/knapp_amr/cmake/rosidl_cmake_export_typesupport_libraries-extras.cmake
[3.994s] -- Installing: /home/pietro/knapp_ros/install/knapp_amr/share/knapp_amr/cmake/knapp_amrConfig.cmake
[3.994s] -- Installing: /home/pietro/knapp_ros/install/knapp_amr/share/knapp_amr/cmake/knapp_amrConfig-version.cmake
[3.994s] -- Installing: /home/pietro/knapp_ros/install/knapp_amr/share/knapp_amr/package.xml
[3.997s] Invoked command in '/home/pietro/knapp_ros/build/knapp_amr' returned '0': CMAKE_PREFIX_PATH=/opt/ros/humble /usr/bin/cmake --install /home/pietro/knapp_ros/build/knapp_amr
