[0.014s] Invoking command in '/home/pietro/knapp_ros/build/knapp_amr': CMAKE_PREFIX_PATH=/opt/ros/humble /usr/bin/cmake --build /home/pietro/knapp_ros/build/knapp_amr -- -j4 -l4
[0.066s] [  8%] Built target knapp_amr__rosidl_generator_c
[0.080s] [ 10%] Built target knapp_amr__cpp
[0.080s] [ 16%] Built target posePub
[0.089s] [ 16%] Built target ament_cmake_python_copy_knapp_amr
[0.106s] [ 24%] Built target knapp_amr__rosidl_typesupport_fastrtps_c
[0.111s] [ 32%] Built target knapp_amr__rosidl_typesupport_introspection_c
[0.120s] [ 40%] Built target knapp_amr__rosidl_typesupport_introspection_cpp
[0.129s] [ 48%] Built target knapp_amr__rosidl_typesupport_c
[0.150s] [ 56%] Built target knapp_amr__rosidl_typesupport_cpp
[0.160s] [ 64%] Built target knapp_amr__rosidl_typesupport_fastrtps_cpp
[0.165s] [35m[1mConsolidate compiler generated dependencies of target optimizer[0m
[0.180s] [ 70%] Built target orderPub
[0.182s] [ 70%] Built target knapp_amr
[0.201s] [ 72%] [32mBuilding CXX object CMakeFiles/optimizer.dir/src/OrderOptimizer.cpp.o[0m
[0.205s] [ 75%] Built target knapp_amr__py
[0.230s] [ 81%] Built target knapp_amr__rosidl_generator_py
[0.252s] [ 86%] Built target knapp_amr__rosidl_typesupport_introspection_c__pyext
[0.252s] [ 91%] Built target knapp_amr__rosidl_typesupport_fastrtps_c__pyext
[0.276s] [ 97%] Built target knapp_amr__rosidl_typesupport_c__pyext
[0.397s] running egg_info
[0.397s] writing knapp_amr.egg-info/PKG-INFO
[0.398s] writing dependency_links to knapp_amr.egg-info/dependency_links.txt
[0.398s] writing top-level names to knapp_amr.egg-info/top_level.txt
[0.400s] reading manifest file 'knapp_amr.egg-info/SOURCES.txt'
[0.401s] writing manifest file 'knapp_amr.egg-info/SOURCES.txt'
[0.430s] [ 97%] Built target ament_cmake_python_build_knapp_amr_egg
[2.983s] [01m[K/home/pietro/knapp_ros/src/knapp_amr/src/OrderOptimizer.cpp:[m[K In member function ‘[01m[Kvoid OrderOptimizer::order_callback(const Order&)[m[K’:
[2.983s] [01m[K/home/pietro/knapp_ros/src/knapp_amr/src/OrderOptimizer.cpp:47:47:[m[K [01;31m[Kerror: [m[Kinvalid use of non-static member function ‘[01m[Kvoid OrderOptimizer::YamlParserOrder(const int&)[m[K’
[2.983s]    47 |                 threads.push_back(std::thread([01;31m[KYamlParserOrder[m[K, std::ref(msg.order_id)));
[2.983s]       |                                               [01;31m[K^~~~~~~~~~~~~~~[m[K
[2.983s] [01m[K/home/pietro/knapp_ros/src/knapp_amr/src/OrderOptimizer.cpp:56:14:[m[K [01;36m[Knote: [m[Kdeclared here
[2.983s]    56 |         void [01;36m[KYamlParserOrder[m[K(const int & order_id){
[2.983s]       |              [01;36m[K^~~~~~~~~~~~~~~[m[K
[6.439s] gmake[2]: *** [CMakeFiles/optimizer.dir/build.make:76: CMakeFiles/optimizer.dir/src/OrderOptimizer.cpp.o] Error 1
[6.439s] gmake[1]: *** [CMakeFiles/Makefile2:597: CMakeFiles/optimizer.dir/all] Error 2
[6.439s] gmake: *** [Makefile:146: all] Error 2
[6.442s] Invoked command in '/home/pietro/knapp_ros/build/knapp_amr' returned '2': CMAKE_PREFIX_PATH=/opt/ros/humble /usr/bin/cmake --build /home/pietro/knapp_ros/build/knapp_amr -- -j4 -l4
