[0.014s] Invoking command in '/home/pietro/knapp_ros/build/knapp_amr': CMAKE_PREFIX_PATH=/opt/ros/humble /usr/bin/cmake --build /home/pietro/knapp_ros/build/knapp_amr -- -j4 -l4
[0.060s] [35m[1mConsolidate compiler generated dependencies of target posePub[0m
[0.075s] [  2%] Built target knapp_amr__cpp
[0.082s] [ 11%] Built target knapp_amr__rosidl_generator_c
[0.089s] [ 14%] [32mBuilding CXX object CMakeFiles/posePub.dir/src/posePub.cpp.o[0m
[0.090s] [ 14%] Built target ament_cmake_python_copy_knapp_amr
[0.117s] [ 22%] Built target knapp_amr__rosidl_typesupport_introspection_c
[0.122s] [ 31%] Built target knapp_amr__rosidl_typesupport_c
[0.127s] [ 40%] Built target knapp_amr__rosidl_typesupport_fastrtps_c
[0.151s] [ 48%] Built target knapp_amr__rosidl_typesupport_cpp
[0.160s] [ 57%] Built target knapp_amr__rosidl_typesupport_introspection_cpp
[0.174s] [ 65%] Built target knapp_amr__rosidl_typesupport_fastrtps_cpp
[0.195s] [ 65%] Built target knapp_amr
[0.218s] [ 68%] Built target knapp_amr__py
[0.226s] [ 74%] Built target optimizer
[0.243s] [ 80%] Built target knapp_amr__rosidl_generator_py
[0.265s] [ 88%] Built target knapp_amr__rosidl_typesupport_fastrtps_c__pyext
[0.266s] [ 91%] Built target knapp_amr__rosidl_typesupport_introspection_c__pyext
[0.289s] [ 97%] Built target knapp_amr__rosidl_typesupport_c__pyext
[0.391s] running egg_info
[0.392s] writing knapp_amr.egg-info/PKG-INFO
[0.392s] writing dependency_links to knapp_amr.egg-info/dependency_links.txt
[0.392s] writing top-level names to knapp_amr.egg-info/top_level.txt
[0.394s] reading manifest file 'knapp_amr.egg-info/SOURCES.txt'
[0.395s] writing manifest file 'knapp_amr.egg-info/SOURCES.txt'
[0.426s] [ 97%] Built target ament_cmake_python_build_knapp_amr_egg
[4.425s] [100%] [32m[1mLinking CXX executable posePub[0m
[4.632s] [100%] Built target posePub
[4.644s] Invoked command in '/home/pietro/knapp_ros/build/knapp_amr' returned '0': CMAKE_PREFIX_PATH=/opt/ros/humble /usr/bin/cmake --build /home/pietro/knapp_ros/build/knapp_amr -- -j4 -l4
[4.720s] Invoking command in '/home/pietro/knapp_ros/build/knapp_amr': CMAKE_PREFIX_PATH=/opt/ros/humble /usr/bin/cmake --install /home/pietro/knapp_ros/build/knapp_amr
[4.728s] -- Install configuration: ""
[4.728s] -- Up-to-date: /home/pietro/knapp_ros/install/knapp_amr/share/ament_index/resource_index/rosidl_interfaces/knapp_amr
[4.728s] -- Up-to-date: /home/pietro/knapp_ros/install/knapp_amr/include/knapp_amr/knapp_amr
[4.729s] -- Up-to-date: /home/pietro/knapp_ros/install/knapp_amr/include/knapp_amr/knapp_amr/msg
[4.729s] -- Up-to-date: /home/pietro/knapp_ros/install/knapp_amr/include/knapp_amr/knapp_amr/msg/order.h
[4.729s] -- Up-to-date: /home/pietro/knapp_ros/install/knapp_amr/include/knapp_amr/knapp_amr/msg/rosidl_generator_c__visibility_control.h
[4.729s] -- Up-to-date: /home/pietro/knapp_ros/install/knapp_amr/include/knapp_amr/knapp_amr/msg/detail
[4.729s] -- Up-to-date: /home/pietro/knapp_ros/install/knapp_amr/include/knapp_amr/knapp_amr/msg/detail/order__functions.c
[4.729s] -- Up-to-date: /home/pietro/knapp_ros/install/knapp_amr/include/knapp_amr/knapp_amr/msg/detail/order__type_support.h
[4.729s] -- Up-to-date: /home/pietro/knapp_ros/install/knapp_amr/include/knapp_amr/knapp_amr/msg/detail/order__functions.h
[4.729s] -- Up-to-date: /home/pietro/knapp_ros/install/knapp_amr/include/knapp_amr/knapp_amr/msg/detail/order__struct.h
[4.729s] -- Up-to-date: /home/pietro/knapp_ros/install/knapp_amr/share/knapp_amr/environment/library_path.sh
[4.729s] -- Up-to-date: /home/pietro/knapp_ros/install/knapp_amr/share/knapp_amr/environment/library_path.dsv
[4.729s] -- Up-to-date: /home/pietro/knapp_ros/install/knapp_amr/lib/libknapp_amr__rosidl_generator_c.so
[4.730s] -- Up-to-date: /home/pietro/knapp_ros/install/knapp_amr/include/knapp_amr/knapp_amr
[4.730s] -- Up-to-date: /home/pietro/knapp_ros/install/knapp_amr/include/knapp_amr/knapp_amr/msg
[4.730s] -- Up-to-date: /home/pietro/knapp_ros/install/knapp_amr/include/knapp_amr/knapp_amr/msg/rosidl_typesupport_fastrtps_c__visibility_control.h
[4.730s] -- Up-to-date: /home/pietro/knapp_ros/install/knapp_amr/include/knapp_amr/knapp_amr/msg/detail
[4.730s] -- Up-to-date: /home/pietro/knapp_ros/install/knapp_amr/include/knapp_amr/knapp_amr/msg/detail/order__rosidl_typesupport_fastrtps_c.h
[4.730s] -- Up-to-date: /home/pietro/knapp_ros/install/knapp_amr/lib/libknapp_amr__rosidl_typesupport_fastrtps_c.so
[4.730s] -- Up-to-date: /home/pietro/knapp_ros/install/knapp_amr/include/knapp_amr/knapp_amr
[4.730s] -- Up-to-date: /home/pietro/knapp_ros/install/knapp_amr/include/knapp_amr/knapp_amr/msg
[4.730s] -- Up-to-date: /home/pietro/knapp_ros/install/knapp_amr/include/knapp_amr/knapp_amr/msg/order.hpp
[4.730s] -- Up-to-date: /home/pietro/knapp_ros/install/knapp_amr/include/knapp_amr/knapp_amr/msg/detail
[4.730s] -- Up-to-date: /home/pietro/knapp_ros/install/knapp_amr/include/knapp_amr/knapp_amr/msg/detail/order__builder.hpp
[4.730s] -- Up-to-date: /home/pietro/knapp_ros/install/knapp_amr/include/knapp_amr/knapp_amr/msg/detail/order__struct.hpp
[4.731s] -- Up-to-date: /home/pietro/knapp_ros/install/knapp_amr/include/knapp_amr/knapp_amr/msg/detail/order__traits.hpp
[4.731s] -- Up-to-date: /home/pietro/knapp_ros/install/knapp_amr/include/knapp_amr/knapp_amr
[4.731s] -- Up-to-date: /home/pietro/knapp_ros/install/knapp_amr/include/knapp_amr/knapp_amr/msg
[4.731s] -- Up-to-date: /home/pietro/knapp_ros/install/knapp_amr/include/knapp_amr/knapp_amr/msg/rosidl_typesupport_fastrtps_cpp__visibility_control.h
[4.731s] -- Up-to-date: /home/pietro/knapp_ros/install/knapp_amr/include/knapp_amr/knapp_amr/msg/detail
[4.731s] -- Up-to-date: /home/pietro/knapp_ros/install/knapp_amr/include/knapp_amr/knapp_amr/msg/detail/dds_fastrtps
[4.731s] -- Up-to-date: /home/pietro/knapp_ros/install/knapp_amr/include/knapp_amr/knapp_amr/msg/detail/order__rosidl_typesupport_fastrtps_cpp.hpp
[4.731s] -- Up-to-date: /home/pietro/knapp_ros/install/knapp_amr/lib/libknapp_amr__rosidl_typesupport_fastrtps_cpp.so
[4.731s] -- Up-to-date: /home/pietro/knapp_ros/install/knapp_amr/include/knapp_amr/knapp_amr
[4.731s] -- Up-to-date: /home/pietro/knapp_ros/install/knapp_amr/include/knapp_amr/knapp_amr/msg
[4.731s] -- Up-to-date: /home/pietro/knapp_ros/install/knapp_amr/include/knapp_amr/knapp_amr/msg/rosidl_typesupport_introspection_c__visibility_control.h
[4.731s] -- Up-to-date: /home/pietro/knapp_ros/install/knapp_amr/include/knapp_amr/knapp_amr/msg/detail
[4.732s] -- Up-to-date: /home/pietro/knapp_ros/install/knapp_amr/include/knapp_amr/knapp_amr/msg/detail/order__type_support.c
[4.732s] -- Up-to-date: /home/pietro/knapp_ros/install/knapp_amr/include/knapp_amr/knapp_amr/msg/detail/order__rosidl_typesupport_introspection_c.h
[4.732s] -- Up-to-date: /home/pietro/knapp_ros/install/knapp_amr/lib/libknapp_amr__rosidl_typesupport_introspection_c.so
[4.732s] -- Up-to-date: /home/pietro/knapp_ros/install/knapp_amr/lib/libknapp_amr__rosidl_typesupport_c.so
[4.732s] -- Up-to-date: /home/pietro/knapp_ros/install/knapp_amr/include/knapp_amr/knapp_amr
[4.732s] -- Up-to-date: /home/pietro/knapp_ros/install/knapp_amr/include/knapp_amr/knapp_amr/msg
[4.732s] -- Up-to-date: /home/pietro/knapp_ros/install/knapp_amr/include/knapp_amr/knapp_amr/msg/detail
[4.732s] -- Up-to-date: /home/pietro/knapp_ros/install/knapp_amr/include/knapp_amr/knapp_amr/msg/detail/order__type_support.cpp
[4.732s] -- Up-to-date: /home/pietro/knapp_ros/install/knapp_amr/include/knapp_amr/knapp_amr/msg/detail/order__rosidl_typesupport_introspection_cpp.hpp
[4.732s] -- Up-to-date: /home/pietro/knapp_ros/install/knapp_amr/lib/libknapp_amr__rosidl_typesupport_introspection_cpp.so
[4.733s] -- Up-to-date: /home/pietro/knapp_ros/install/knapp_amr/lib/libknapp_amr__rosidl_typesupport_cpp.so
[4.733s] -- Up-to-date: /home/pietro/knapp_ros/install/knapp_amr/share/knapp_amr/environment/pythonpath.sh
[4.733s] -- Up-to-date: /home/pietro/knapp_ros/install/knapp_amr/share/knapp_amr/environment/pythonpath.dsv
[4.733s] -- Up-to-date: /home/pietro/knapp_ros/install/knapp_amr/local/lib/python3.10/dist-packages/knapp_amr-0.0.0-py3.10.egg-info
[4.733s] -- Installing: /home/pietro/knapp_ros/install/knapp_amr/local/lib/python3.10/dist-packages/knapp_amr-0.0.0-py3.10.egg-info/top_level.txt
[4.733s] -- Installing: /home/pietro/knapp_ros/install/knapp_amr/local/lib/python3.10/dist-packages/knapp_amr-0.0.0-py3.10.egg-info/dependency_links.txt
[4.734s] -- Installing: /home/pietro/knapp_ros/install/knapp_amr/local/lib/python3.10/dist-packages/knapp_amr-0.0.0-py3.10.egg-info/SOURCES.txt
[4.734s] -- Installing: /home/pietro/knapp_ros/install/knapp_amr/local/lib/python3.10/dist-packages/knapp_amr-0.0.0-py3.10.egg-info/PKG-INFO
[4.734s] -- Up-to-date: /home/pietro/knapp_ros/install/knapp_amr/local/lib/python3.10/dist-packages/knapp_amr
[4.734s] -- Up-to-date: /home/pietro/knapp_ros/install/knapp_amr/local/lib/python3.10/dist-packages/knapp_amr/_knapp_amr_s.ep.rosidl_typesupport_introspection_c.c
[4.734s] -- Up-to-date: /home/pietro/knapp_ros/install/knapp_amr/local/lib/python3.10/dist-packages/knapp_amr/libknapp_amr__rosidl_generator_py.so
[4.734s] -- Up-to-date: /home/pietro/knapp_ros/install/knapp_amr/local/lib/python3.10/dist-packages/knapp_amr/_knapp_amr_s.ep.rosidl_typesupport_fastrtps_c.c
[4.734s] -- Up-to-date: /home/pietro/knapp_ros/install/knapp_amr/local/lib/python3.10/dist-packages/knapp_amr/_knapp_amr_s.ep.rosidl_typesupport_c.c
[4.734s] -- Up-to-date: /home/pietro/knapp_ros/install/knapp_amr/local/lib/python3.10/dist-packages/knapp_amr/knapp_amr_s__rosidl_typesupport_introspection_c.cpython-310-x86_64-linux-gnu.so
[4.734s] -- Up-to-date: /home/pietro/knapp_ros/install/knapp_amr/local/lib/python3.10/dist-packages/knapp_amr/msg
[4.734s] -- Up-to-date: /home/pietro/knapp_ros/install/knapp_amr/local/lib/python3.10/dist-packages/knapp_amr/msg/_order_s.c
[4.735s] -- Up-to-date: /home/pietro/knapp_ros/install/knapp_amr/local/lib/python3.10/dist-packages/knapp_amr/msg/_order.py
[4.735s] -- Up-to-date: /home/pietro/knapp_ros/install/knapp_amr/local/lib/python3.10/dist-packages/knapp_amr/msg/__init__.py
[4.735s] -- Up-to-date: /home/pietro/knapp_ros/install/knapp_amr/local/lib/python3.10/dist-packages/knapp_amr/__init__.py
[4.735s] -- Up-to-date: /home/pietro/knapp_ros/install/knapp_amr/local/lib/python3.10/dist-packages/knapp_amr/knapp_amr_s__rosidl_typesupport_fastrtps_c.cpython-310-x86_64-linux-gnu.so
[4.735s] -- Up-to-date: /home/pietro/knapp_ros/install/knapp_amr/local/lib/python3.10/dist-packages/knapp_amr/knapp_amr_s__rosidl_typesupport_c.cpython-310-x86_64-linux-gnu.so
[4.765s] Listing '/home/pietro/knapp_ros/install/knapp_amr/local/lib/python3.10/dist-packages/knapp_amr'...
[4.765s] Listing '/home/pietro/knapp_ros/install/knapp_amr/local/lib/python3.10/dist-packages/knapp_amr/msg'...
[4.769s] -- Up-to-date: /home/pietro/knapp_ros/install/knapp_amr/local/lib/python3.10/dist-packages/knapp_amr/knapp_amr_s__rosidl_typesupport_fastrtps_c.cpython-310-x86_64-linux-gnu.so
[4.770s] -- Up-to-date: /home/pietro/knapp_ros/install/knapp_amr/local/lib/python3.10/dist-packages/knapp_amr/knapp_amr_s__rosidl_typesupport_introspection_c.cpython-310-x86_64-linux-gnu.so
[4.770s] -- Up-to-date: /home/pietro/knapp_ros/install/knapp_amr/local/lib/python3.10/dist-packages/knapp_amr/knapp_amr_s__rosidl_typesupport_c.cpython-310-x86_64-linux-gnu.so
[4.771s] -- Up-to-date: /home/pietro/knapp_ros/install/knapp_amr/lib/libknapp_amr__rosidl_generator_py.so
[4.771s] -- Up-to-date: /home/pietro/knapp_ros/install/knapp_amr/share/knapp_amr/msg/Order.idl
[4.771s] -- Up-to-date: /home/pietro/knapp_ros/install/knapp_amr/share/knapp_amr/msg/Order.msg
[4.772s] -- Up-to-date: /home/pietro/knapp_ros/install/knapp_amr/lib/knapp_amr/optimizer
[4.772s] -- Installing: /home/pietro/knapp_ros/install/knapp_amr/lib/knapp_amr/posePub
[4.774s] -- Set runtime path of "/home/pietro/knapp_ros/install/knapp_amr/lib/knapp_amr/posePub" to ""
[4.775s] -- Up-to-date: /home/pietro/knapp_ros/install/knapp_amr/share/ament_index/resource_index/package_run_dependencies/knapp_amr
[4.775s] -- Up-to-date: /home/pietro/knapp_ros/install/knapp_amr/share/ament_index/resource_index/parent_prefix_path/knapp_amr
[4.775s] -- Up-to-date: /home/pietro/knapp_ros/install/knapp_amr/share/knapp_amr/environment/ament_prefix_path.sh
[4.775s] -- Up-to-date: /home/pietro/knapp_ros/install/knapp_amr/share/knapp_amr/environment/ament_prefix_path.dsv
[4.775s] -- Up-to-date: /home/pietro/knapp_ros/install/knapp_amr/share/knapp_amr/environment/path.sh
[4.775s] -- Up-to-date: /home/pietro/knapp_ros/install/knapp_amr/share/knapp_amr/environment/path.dsv
[4.775s] -- Up-to-date: /home/pietro/knapp_ros/install/knapp_amr/share/knapp_amr/local_setup.bash
[4.775s] -- Up-to-date: /home/pietro/knapp_ros/install/knapp_amr/share/knapp_amr/local_setup.sh
[4.776s] -- Up-to-date: /home/pietro/knapp_ros/install/knapp_amr/share/knapp_amr/local_setup.zsh
[4.776s] -- Up-to-date: /home/pietro/knapp_ros/install/knapp_amr/share/knapp_amr/local_setup.dsv
[4.776s] -- Installing: /home/pietro/knapp_ros/install/knapp_amr/share/knapp_amr/package.dsv
[4.776s] -- Up-to-date: /home/pietro/knapp_ros/install/knapp_amr/share/ament_index/resource_index/packages/knapp_amr
[4.776s] -- Up-to-date: /home/pietro/knapp_ros/install/knapp_amr/share/knapp_amr/cmake/export_knapp_amr__rosidl_generator_cExport.cmake
[4.776s] -- Up-to-date: /home/pietro/knapp_ros/install/knapp_amr/share/knapp_amr/cmake/export_knapp_amr__rosidl_generator_cExport-noconfig.cmake
[4.776s] -- Up-to-date: /home/pietro/knapp_ros/install/knapp_amr/share/knapp_amr/cmake/export_knapp_amr__rosidl_typesupport_fastrtps_cExport.cmake
[4.776s] -- Up-to-date: /home/pietro/knapp_ros/install/knapp_amr/share/knapp_amr/cmake/export_knapp_amr__rosidl_typesupport_fastrtps_cExport-noconfig.cmake
[4.776s] -- Up-to-date: /home/pietro/knapp_ros/install/knapp_amr/share/knapp_amr/cmake/export_knapp_amr__rosidl_generator_cppExport.cmake
[4.776s] -- Up-to-date: /home/pietro/knapp_ros/install/knapp_amr/share/knapp_amr/cmake/export_knapp_amr__rosidl_typesupport_fastrtps_cppExport.cmake
[4.776s] -- Up-to-date: /home/pietro/knapp_ros/install/knapp_amr/share/knapp_amr/cmake/export_knapp_amr__rosidl_typesupport_fastrtps_cppExport-noconfig.cmake
[4.777s] -- Up-to-date: /home/pietro/knapp_ros/install/knapp_amr/share/knapp_amr/cmake/knapp_amr__rosidl_typesupport_introspection_cExport.cmake
[4.777s] -- Up-to-date: /home/pietro/knapp_ros/install/knapp_amr/share/knapp_amr/cmake/knapp_amr__rosidl_typesupport_introspection_cExport-noconfig.cmake
[4.777s] -- Up-to-date: /home/pietro/knapp_ros/install/knapp_amr/share/knapp_amr/cmake/knapp_amr__rosidl_typesupport_cExport.cmake
[4.777s] -- Up-to-date: /home/pietro/knapp_ros/install/knapp_amr/share/knapp_amr/cmake/knapp_amr__rosidl_typesupport_cExport-noconfig.cmake
[4.777s] -- Up-to-date: /home/pietro/knapp_ros/install/knapp_amr/share/knapp_amr/cmake/knapp_amr__rosidl_typesupport_introspection_cppExport.cmake
[4.777s] -- Up-to-date: /home/pietro/knapp_ros/install/knapp_amr/share/knapp_amr/cmake/knapp_amr__rosidl_typesupport_introspection_cppExport-noconfig.cmake
[4.777s] -- Up-to-date: /home/pietro/knapp_ros/install/knapp_amr/share/knapp_amr/cmake/knapp_amr__rosidl_typesupport_cppExport.cmake
[4.777s] -- Up-to-date: /home/pietro/knapp_ros/install/knapp_amr/share/knapp_amr/cmake/knapp_amr__rosidl_typesupport_cppExport-noconfig.cmake
[4.777s] -- Up-to-date: /home/pietro/knapp_ros/install/knapp_amr/share/knapp_amr/cmake/export_knapp_amr__rosidl_generator_pyExport.cmake
[4.777s] -- Up-to-date: /home/pietro/knapp_ros/install/knapp_amr/share/knapp_amr/cmake/export_knapp_amr__rosidl_generator_pyExport-noconfig.cmake
[4.777s] -- Up-to-date: /home/pietro/knapp_ros/install/knapp_amr/share/knapp_amr/cmake/rosidl_cmake-extras.cmake
[4.777s] -- Up-to-date: /home/pietro/knapp_ros/install/knapp_amr/share/knapp_amr/cmake/ament_cmake_export_include_directories-extras.cmake
[4.777s] -- Up-to-date: /home/pietro/knapp_ros/install/knapp_amr/share/knapp_amr/cmake/ament_cmake_export_libraries-extras.cmake
[4.778s] -- Up-to-date: /home/pietro/knapp_ros/install/knapp_amr/share/knapp_amr/cmake/ament_cmake_export_targets-extras.cmake
[4.778s] -- Up-to-date: /home/pietro/knapp_ros/install/knapp_amr/share/knapp_amr/cmake/rosidl_cmake_export_typesupport_targets-extras.cmake
[4.778s] -- Up-to-date: /home/pietro/knapp_ros/install/knapp_amr/share/knapp_amr/cmake/ament_cmake_export_dependencies-extras.cmake
[4.778s] -- Up-to-date: /home/pietro/knapp_ros/install/knapp_amr/share/knapp_amr/cmake/rosidl_cmake_export_typesupport_libraries-extras.cmake
[4.778s] -- Up-to-date: /home/pietro/knapp_ros/install/knapp_amr/share/knapp_amr/cmake/knapp_amrConfig.cmake
[4.778s] -- Up-to-date: /home/pietro/knapp_ros/install/knapp_amr/share/knapp_amr/cmake/knapp_amrConfig-version.cmake
[4.778s] -- Up-to-date: /home/pietro/knapp_ros/install/knapp_amr/share/knapp_amr/package.xml
[4.780s] Invoked command in '/home/pietro/knapp_ros/build/knapp_amr' returned '0': CMAKE_PREFIX_PATH=/opt/ros/humble /usr/bin/cmake --install /home/pietro/knapp_ros/build/knapp_amr
