[35m[1mConsolidate compiler generated dependencies of target optimizer[0m
[  3%] Built target knapp_amr__cpp
[ 12%] Built target knapp_amr__rosidl_generator_c
[ 15%] [32mBuilding CXX object CMakeFiles/optimizer.dir/src/OrderOptimizer.cpp.o[0m
[ 15%] Built target ament_cmake_python_copy_knapp_amr
[ 24%] Built target knapp_amr__rosidl_typesupport_cpp
[ 33%] Built target knapp_amr__rosidl_typesupport_fastrtps_cpp
[ 42%] Built target knapp_amr__rosidl_typesupport_introspection_c
[ 51%] Built target knapp_amr__rosidl_typesupport_c
[ 60%] Built target knapp_amr__rosidl_typesupport_introspection_cpp
[ 69%] Built target knapp_amr__rosidl_typesupport_fastrtps_c
[ 69%] Built target knapp_amr
[ 72%] Built target knapp_amr__py
[ 78%] Built target knapp_amr__rosidl_generator_py
[ 84%] Built target knapp_amr__rosidl_typesupport_fastrtps_c__pyext
[ 90%] Built target knapp_amr__rosidl_typesupport_introspection_c__pyext
[ 96%] Built target knapp_amr__rosidl_typesupport_c__pyext
running egg_info
writing knapp_amr.egg-info/PKG-INFO
writing dependency_links to knapp_amr.egg-info/dependency_links.txt
writing top-level names to knapp_amr.egg-info/top_level.txt
reading manifest file 'knapp_amr.egg-info/SOURCES.txt'
writing manifest file 'knapp_amr.egg-info/SOURCES.txt'
[ 96%] Built target ament_cmake_python_build_knapp_amr_egg
