[0.015s] Invoking command in '/home/pietro/knapp_ros/build/knapp_amr': CMAKE_PREFIX_PATH=/opt/ros/humble /usr/bin/cmake --build /home/pietro/knapp_ros/build/knapp_amr -- -j4 -l4
[0.065s] [35m[1mConsolidate compiler generated dependencies of target optimizer[0m
[0.075s] [  3%] Built target knapp_amr__cpp
[0.077s] [ 12%] Built target knapp_amr__rosidl_generator_c
[0.091s] [ 15%] [32mBuilding CXX object CMakeFiles/optimizer.dir/src/OrderOptimizer.cpp.o[0m
[0.091s] [ 15%] Built target ament_cmake_python_copy_knapp_amr
[0.102s] [ 24%] Built target knapp_amr__rosidl_typesupport_cpp
[0.102s] [ 33%] Built target knapp_amr__rosidl_typesupport_fastrtps_cpp
[0.113s] [ 42%] Built target knapp_amr__rosidl_typesupport_introspection_c
[0.125s] [ 51%] Built target knapp_amr__rosidl_typesupport_c
[0.127s] [ 60%] Built target knapp_amr__rosidl_typesupport_introspection_cpp
[0.148s] [ 69%] Built target knapp_amr__rosidl_typesupport_fastrtps_c
[0.169s] [ 69%] Built target knapp_amr
[0.190s] [ 72%] Built target knapp_amr__py
[0.213s] [ 78%] Built target knapp_amr__rosidl_generator_py
[0.237s] [ 84%] Built target knapp_amr__rosidl_typesupport_fastrtps_c__pyext
[0.237s] [ 90%] Built target knapp_amr__rosidl_typesupport_introspection_c__pyext
[0.262s] [ 96%] Built target knapp_amr__rosidl_typesupport_c__pyext
[0.383s] running egg_info
[0.384s] writing knapp_amr.egg-info/PKG-INFO
[0.384s] writing dependency_links to knapp_amr.egg-info/dependency_links.txt
[0.384s] writing top-level names to knapp_amr.egg-info/top_level.txt
[0.385s] [01m[K/home/pietro/knapp_ros/src/knapp_amr/src/OrderOptimizer.cpp:8:10:[m[K [01;31m[Kfatal error: [m[Kknapp_amr/msg/order.hpp: No such file or directory
[0.385s]     8 | #include [01;31m[K"knapp_amr/msg/order.hpp"[m[K
[0.386s]       |          [01;31m[K^~~~~~~~~~~~~~~~~~~~~~~~~[m[K
[0.386s] compilation terminated.
[0.387s] reading manifest file 'knapp_amr.egg-info/SOURCES.txt'
[0.387s] writing manifest file 'knapp_amr.egg-info/SOURCES.txt'
[0.390s] gmake[2]: *** [CMakeFiles/optimizer.dir/build.make:76: CMakeFiles/optimizer.dir/src/OrderOptimizer.cpp.o] Error 1
[0.390s] gmake[1]: *** [CMakeFiles/Makefile2:182: CMakeFiles/optimizer.dir/all] Error 2
[0.390s] gmake[1]: *** Waiting for unfinished jobs....
[0.416s] [ 96%] Built target ament_cmake_python_build_knapp_amr_egg
[0.417s] gmake: *** [Makefile:146: all] Error 2
[0.420s] Invoked command in '/home/pietro/knapp_ros/build/knapp_amr' returned '2': CMAKE_PREFIX_PATH=/opt/ros/humble /usr/bin/cmake --build /home/pietro/knapp_ros/build/knapp_amr -- -j4 -l4
